Log file open, 04/16/18 11:55:42
LogWindows: Failed to load 'aqProf.dll' (GetLastError=126)
LogWindows: File 'aqProf.dll' does not exist
LogWindows: Failed to load 'VtuneApi.dll' (GetLastError=126)
LogWindows: File 'VtuneApi.dll' does not exist
LogWindows: Failed to load 'VtuneApi32e.dll' (GetLastError=126)
LogWindows: File 'VtuneApi32e.dll' does not exist
LogInit: Display: Running engine for game: MyProject4
LogPlatformFile: Not using cached read wrapper
LogInit: Display: RandInit(661508508) SRandInit(661508508).
LogInit: Read version file with build ID '3709383'
LogInit: Overriding engine version to CL 3832480, compatible CL 3709383
LogInit: Registered custom module enumerator with build ID '3709383'
LogTaskGraph: Started task graph with 5 named threads and 14 total threads with 3 sets of task threads.
LogStats: Stats thread started at 0.191328
LogD3D11RHI: Aftermath initialized
LogModuleManager: Display: Found up-to-date module file ../../../Engine/Plugins/2D/Paper2D/Binaries/Win64/UE4Editor-Paper2D.dll (API version 3709383).
LogModuleManager: Display: Found up-to-date module file ../../../Engine/Plugins/2D/Paper2D/Binaries/Win64/UE4Editor-Paper2DEditor.dll (API version 3709383).
LogModuleManager: Display: Found up-to-date module file ../../../Engine/Plugins/2D/Paper2D/Binaries/Win64/UE4Editor-PaperSpriteSheetImporter.dll (API version 3709383).
LogModuleManager: Display: Found up-to-date module file ../../../Engine/Plugins/2D/Paper2D/Binaries/Win64/UE4Editor-PaperTiledImporter.dll (API version 3709383).
LogModuleManager: Display: Found up-to-date module file ../../../Engine/Plugins/2D/Paper2D/Binaries/Win64/UE4Editor-SmartSnapping.dll (API version 3709383).
LogModuleManager: Display: Found up-to-date module file ../../../Engine/Plugins/Blendables/LightPropagationVolume/Binaries/Win64/UE4Editor-LightPropagationVolumeRuntime.dll (API version 3709383).
LogModuleManager: Display: Found up-to-date module file ../../../Engine/Plugins/Blendables/LightPropagationVolume/Binaries/Win64/UE4Editor-LightPropagationVolumeEditor.dll (API version 3709383).
LogModuleManager: Display: Found up-to-date module file ../../../Engine/Plugins/Developer/GitSourceControl/Binaries/Win64/UE4Editor-GitSourceControl.dll (API version 3709383).
LogModuleManager: Display: Found up-to-date module file ../../../Engine/Plugins/Developer/PerforceSourceControl/Binaries/Win64/UE4Editor-PerforceSourceControl.dll (API version 3709383).
LogModuleManager: Display: Found up-to-date module file ../../../Engine/Plugins/Developer/SubversionSourceControl/Binaries/Win64/UE4Editor-SubversionSourceControl.dll (API version 3709383).
LogModuleManager: Display: Found up-to-date module file ../../../Engine/Plugins/Developer/UObjectPlugin/Binaries/Win64/UE4Editor-UObjectPlugin.dll (API version 3709383).
LogModuleManager: Display: Found up-to-date module file ../../../Engine/Plugins/Developer/VisualStudioCodeSourceCodeAccess/Binaries/Win64/UE4Editor-VisualStudioCodeSourceCodeAccess.dll (API version 3709383).
LogModuleManager: Display: Found up-to-date module file ../../../Engine/Plugins/Developer/VisualStudioSourceCodeAccess/Binaries/Win64/UE4Editor-VisualStudioSourceCodeAccess.dll (API version 3709383).
LogModuleManager: Display: Found up-to-date module file ../../../Engine/Plugins/Editor/AssetManagerEditor/Binaries/Win64/UE4Editor-AssetManagerEditor.dll (API version 3709383).
LogModuleManager: Display: Found up-to-date module file ../../../Engine/Plugins/Editor/AudioCapture/Binaries/Win64/UE4Editor-AudioCapture.dll (API version 3709383).
LogModuleManager: Display: Found up-to-date module file ../../../Engine/Plugins/Editor/FacialAnimation/Binaries/Win64/UE4Editor-FacialAnimation.dll (API version 3709383).
LogModuleManager: Display: Found up-to-date module file ../../../Engine/Plugins/Editor/FacialAnimation/Binaries/Win64/UE4Editor-FacialAnimationEditor.dll (API version 3709383).
LogModuleManager: Display: Found up-to-date module file ../../../Engine/Plugins/Editor/GameplayTagsEditor/Binaries/Win64/UE4Editor-GameplayTagsEditor.dll (API version 3709383).
LogModuleManager: Display: Found up-to-date module file ../../../Engine/Plugins/Editor/MobileLauncherProfileWizard/Binaries/Win64/UE4Editor-MobileLauncherProfileWizard.dll (API version 3709383).
LogModuleManager: Display: Found up-to-date module file ../../../Engine/Plugins/Editor/PluginBrowser/Binaries/Win64/UE4Editor-PluginBrowser.dll (API version 3709383).
LogModuleManager: Display: Found up-to-date module file ../../../Engine/Plugins/Editor/SpeedTreeImporter/Binaries/Win64/UE4Editor-SpeedTreeImporter.dll (API version 3709383).
LogModuleManager: Display: Found up-to-date module file ../../../Engine/Plugins/Experimental/AlembicImporter/Binaries/Win64/UE4Editor-AlembicImporter.dll (API version 3709383).
LogModuleManager: Display: Found up-to-date module file ../../../Engine/Plugins/Experimental/AlembicImporter/Binaries/Win64/UE4Editor-AlembicLibrary.dll (API version 3709383).
LogModuleManager: Display: Found up-to-date module file ../../../Engine/Plugins/Experimental/CharacterAI/Binaries/Win64/UE4Editor-CharacterAI.dll (API version 3709383).
LogModuleManager: Display: Found up-to-date module file ../../../Engine/Plugins/Experimental/HTML5Networking/Binaries/Win64/UE4Editor-HTML5Networking.dll (API version 3709383).
LogModuleManager: Display: Found up-to-date module file ../../../Engine/Plugins/Media/AndroidMedia/Binaries/Win64/UE4Editor-AndroidMediaEditor.dll (API version 3709383).
LogModuleManager: Display: Found up-to-date module file ../../../Engine/Plugins/Media/AndroidMedia/Binaries/Win64/UE4Editor-AndroidMediaFactory.dll (API version 3709383).
LogModuleManager: Display: Found up-to-date module file ../../../Engine/Plugins/Media/AvfMedia/Binaries/Win64/UE4Editor-AvfMediaEditor.dll (API version 3709383).
LogModuleManager: Display: Found up-to-date module file ../../../Engine/Plugins/Media/AvfMedia/Binaries/Win64/UE4Editor-AvfMediaFactory.dll (API version 3709383).
LogModuleManager: Display: Found up-to-date module file ../../../Engine/Plugins/Media/AvfMedia/Binaries/Win64/UE4Editor-AvfMediaFactory.dll (API version 3709383).
LogModuleManager: Display: Found up-to-date module file ../../../Engine/Plugins/Media/ImgMedia/Binaries/Win64/UE4Editor-ImgMedia.dll (API version 3709383).
LogModuleManager: Display: Found up-to-date module file ../../../Engine/Plugins/Media/ImgMedia/Binaries/Win64/UE4Editor-ImgMediaEditor.dll (API version 3709383).
LogModuleManager: Display: Found up-to-date module file ../../../Engine/Plugins/Media/ImgMedia/Binaries/Win64/UE4Editor-ImgMediaFactory.dll (API version 3709383).
LogModuleManager: Display: Found up-to-date module file ../../../Engine/Plugins/Media/ImgMedia/Binaries/Win64/UE4Editor-ImgMediaFactory.dll (API version 3709383).
LogModuleManager: Display: Found up-to-date module file ../../../Engine/Plugins/Media/ImgMedia/Binaries/Win64/UE4Editor-OpenExrWrapper.dll (API version 3709383).
LogModuleManager: Display: Found up-to-date module file ../../../Engine/Plugins/Media/MediaCompositing/Binaries/Win64/UE4Editor-MediaCompositing.dll (API version 3709383).
LogModuleManager: Display: Found up-to-date module file ../../../Engine/Plugins/Media/MediaCompositing/Binaries/Win64/UE4Editor-MediaCompositingEditor.dll (API version 3709383).
LogModuleManager: Display: Found up-to-date module file ../../../Engine/Plugins/Media/MediaPlayerEditor/Binaries/Win64/UE4Editor-MediaPlayerEditor.dll (API version 3709383).
LogModuleManager: Display: Found up-to-date module file ../../../Engine/Plugins/Media/WmfMedia/Binaries/Win64/UE4Editor-WmfMedia.dll (API version 3709383).
LogModuleManager: Display: Found up-to-date module file ../../../Engine/Plugins/Media/WmfMedia/Binaries/Win64/UE4Editor-WmfMediaEditor.dll (API version 3709383).
LogModuleManager: Display: Found up-to-date module file ../../../Engine/Plugins/Media/WmfMedia/Binaries/Win64/UE4Editor-WmfMediaFactory.dll (API version 3709383).
LogModuleManager: Display: Found up-to-date module file ../../../Engine/Plugins/Media/WmfMedia/Binaries/Win64/UE4Editor-WmfMediaFactory.dll (API version 3709383).
LogModuleManager: Display: Found up-to-date module file ../../../Engine/Plugins/Messaging/TcpMessaging/Binaries/Win64/UE4Editor-TcpMessaging.dll (API version 3709383).
LogModuleManager: Display: Found up-to-date module file ../../../Engine/Plugins/Messaging/UdpMessaging/Binaries/Win64/UE4Editor-UdpMessaging.dll (API version 3709383).
LogModuleManager: Display: Found up-to-date module file ../../../Engine/Plugins/MovieScene/ActorSequence/Binaries/Win64/UE4Editor-ActorSequence.dll (API version 3709383).
LogModuleManager: Display: Found up-to-date module file ../../../Engine/Plugins/MovieScene/LevelSequenceEditor/Binaries/Win64/UE4Editor-LevelSequenceEditor.dll (API version 3709383).
LogModuleManager: Display: Found up-to-date module file ../../../Engine/Plugins/MovieScene/MatineeToLevelSequence/Binaries/Win64/UE4Editor-MatineeToLevelSequence.dll (API version 3709383).
LogModuleManager: Display: Found up-to-date module file ../../../Engine/Plugins/Online/OnlineSubsystem/Binaries/Win64/UE4Editor-OnlineSubsystem.dll (API version 3709383).
LogModuleManager: Display: Found up-to-date module file ../../../Engine/Plugins/Runtime/AndroidPermission/Binaries/Win64/UE4Editor-AndroidPermission.dll (API version 3709383).
LogModuleManager: Display: Found up-to-date module file ../../../Engine/Plugins/Online/OnlineSubsystemNull/Binaries/Win64/UE4Editor-OnlineSubsystemNull.dll (API version 3709383).
LogModuleManager: Display: Found up-to-date module file ../../../Engine/Plugins/Online/OnlineSubsystemUtils/Binaries/Win64/UE4Editor-OnlineSubsystemUtils.dll (API version 3709383).
LogModuleManager: Display: Found up-to-date module file ../../../Engine/Plugins/Online/OnlineSubsystemUtils/Binaries/Win64/UE4Editor-OnlineBlueprintSupport.dll (API version 3709383).
LogModuleManager: Display: Found up-to-date module file ../../../Engine/Plugins/Runtime/AndroidDeviceProfileSelector/Binaries/Win64/UE4Editor-AndroidDeviceProfileSelector.dll (API version 3709383).
LogModuleManager: Display: Found up-to-date module file ../../../Engine/Plugins/Runtime/AppleARKit/Binaries/Win64/UE4Editor-AppleARKit.dll (API version 3709383).
LogModuleManager: Display: Found up-to-date module file ../../../Engine/Plugins/Runtime/ArchVisCharacter/Binaries/Win64/UE4Editor-ArchVisCharacter.dll (API version 3709383).
LogModuleManager: Display: Found up-to-date module file ../../../Engine/Plugins/Runtime/CableComponent/Binaries/Win64/UE4Editor-CableComponent.dll (API version 3709383).
LogModuleManager: Display: Found up-to-date module file ../../../Engine/Plugins/Runtime/CustomMeshComponent/Binaries/Win64/UE4Editor-CustomMeshComponent.dll (API version 3709383).
LogModuleManager: Display: Found up-to-date module file ../../../Engine/Plugins/Runtime/ExampleDeviceProfileSelector/Binaries/Win64/UE4Editor-ExampleDeviceProfileSelector.dll (API version 3709383).
LogModuleManager: Display: Found up-to-date module file ../../../Engine/Plugins/Runtime/ImmediatePhysics/Binaries/Win64/UE4Editor-ImmediatePhysics.dll (API version 3709383).
LogModuleManager: Display: Found up-to-date module file ../../../Engine/Plugins/Runtime/ImmediatePhysics/Binaries/Win64/UE4Editor-ImmediatePhysicsEditor.dll (API version 3709383).
LogModuleManager: Display: Found up-to-date module file ../../../Engine/Plugins/Runtime/LocationServicesBPLibrary/Binaries/Win64/UE4Editor-LocationServicesBPLibrary.dll (API version 3709383).
LogModuleManager: Display: Found up-to-date module file ../../../Engine/Plugins/Runtime/MobilePatchingUtils/Binaries/Win64/UE4Editor-MobilePatchingUtils.dll (API version 3709383).
LogModuleManager: Display: Found up-to-date module file ../../../Engine/Plugins/Runtime/Oculus/OculusVR/Binaries/Win64/UE4Editor-OculusHMD.dll (API version 3709383).
LogModuleManager: Display: Found up-to-date module file ../../../Engine/Plugins/Runtime/Oculus/OculusVR/Binaries/Win64/UE4Editor-OculusInput.dll (API version 3709383).
LogModuleManager: Display: Found up-to-date module file ../../../Engine/Plugins/Runtime/Oculus/OculusVR/Binaries/Win64/UE4Editor-OculusEditor.dll (API version 3709383).
LogModuleManager: Display: Found up-to-date module file ../../../Engine/Plugins/Runtime/PhysXVehicles/Binaries/Win64/UE4Editor-PhysXVehicles.dll (API version 3709383).
LogModuleManager: Display: Found up-to-date module file ../../../Engine/Plugins/Runtime/PhysXVehicles/Binaries/Win64/UE4Editor-PhysXVehiclesEditor.dll (API version 3709383).
LogModuleManager: Display: Found up-to-date module file ../../../Engine/Plugins/Runtime/ProceduralMeshComponent/Binaries/Win64/UE4Editor-ProceduralMeshComponent.dll (API version 3709383).
LogModuleManager: Display: Found up-to-date module file ../../../Engine/Plugins/Runtime/ProceduralMeshComponent/Binaries/Win64/UE4Editor-ProceduralMeshComponentEditor.dll (API version 3709383).
LogModuleManager: Display: Found up-to-date module file ../../../Engine/Plugins/Runtime/RuntimePhysXCooking/Binaries/Win64/UE4Editor-RuntimePhysXCooking.dll (API version 3709383).
LogModuleManager: Display: Found up-to-date module file ../../../Engine/Plugins/Runtime/Steam/SteamVR/Binaries/Win64/UE4Editor-SteamVR.dll (API version 3709383).
LogModuleManager: Display: Found up-to-date module file ../../../Engine/Plugins/Runtime/Steam/SteamVR/Binaries/Win64/UE4Editor-SteamVRController.dll (API version 3709383).
LogModuleManager: Display: Found up-to-date module file ../../../Engine/Plugins/Runtime/WindowsMoviePlayer/Binaries/Win64/UE4Editor-WindowsMoviePlayer.dll (API version 3709383).
LogPluginManager: Mounting plugin Paper2D
LogPluginManager: Mounting plugin LightPropagationVolume
LogPluginManager: Mounting plugin CodeLiteSourceCodeAccess
LogPluginManager: Mounting plugin GitSourceControl
LogPluginManager: Mounting plugin KDevelopSourceCodeAccess
LogPluginManager: Mounting plugin NullSourceCodeAccess
LogPluginManager: Mounting plugin PerforceSourceControl
LogPluginManager: Mounting plugin SubversionSourceControl
LogPluginManager: Mounting plugin UObjectPlugin
LogPluginManager: Mounting plugin VisualStudioCodeSourceCodeAccess
LogPluginManager: Mounting plugin VisualStudioSourceCodeAccess
LogPluginManager: Mounting plugin XCodeSourceCodeAccess
LogPluginManager: Mounting plugin AssetManagerEditor
LogPluginManager: Mounting plugin AudioCapture
LogPluginManager: Mounting plugin FacialAnimation
LogPluginManager: Mounting plugin GameplayTagsEditor
LogPluginManager: Mounting plugin MobileLauncherProfileWizard
LogPluginManager: Mounting plugin PluginBrowser
LogPluginManager: Mounting plugin SpeedTreeImporter
LogPluginManager: Mounting plugin AlembicImporter
LogPluginManager: Mounting plugin CharacterAI
LogPluginManager: Mounting plugin HTML5Networking
LogPluginManager: Mounting plugin AndroidMedia
LogPluginManager: Mounting plugin AvfMedia
LogPluginManager: Mounting plugin ImgMedia
LogPluginManager: Mounting plugin MediaCompositing
LogPluginManager: Mounting plugin MediaPlayerEditor
LogPluginManager: Mounting plugin WmfMedia
LogPluginManager: Mounting plugin TcpMessaging
LogPluginManager: Mounting plugin UdpMessaging
LogPluginManager: Mounting plugin ActorSequence
LogPluginManager: Mounting plugin LevelSequenceEditor
LogPluginManager: Mounting plugin MatineeToLevelSequence
LogPluginManager: Mounting plugin OnlineSubsystemGooglePlay
LogPluginManager: Mounting plugin OnlineSubsystemIOS
LogPluginManager: Mounting plugin OnlineSubsystem
LogPluginManager: Mounting plugin OnlineSubsystemNull
LogPluginManager: Mounting plugin OnlineSubsystemUtils
LogPluginManager: Mounting plugin AndroidDeviceProfileSelector
LogPluginManager: Mounting plugin AndroidMoviePlayer
LogPluginManager: Mounting plugin AndroidPermission
LogPluginManager: Mounting plugin AppleARKit
LogPluginManager: Mounting plugin AppleMoviePlayer
LogPluginManager: Mounting plugin ArchVisCharacter
LogPluginManager: Mounting plugin CableComponent
LogPluginManager: Mounting plugin CustomMeshComponent
LogPluginManager: Mounting plugin ExampleDeviceProfileSelector
LogPluginManager: Mounting plugin GoogleCloudMessaging
LogPluginManager: Mounting plugin ImmediatePhysics
LogPluginManager: Mounting plugin IOSDeviceProfileSelector
LogPluginManager: Mounting plugin LinuxDeviceProfileSelector
LogPluginManager: Mounting plugin LocationServicesBPLibrary
LogPluginManager: Mounting plugin MobilePatchingUtils
LogPluginManager: Mounting plugin OculusVR
LogPluginManager: Plugin shader directory ../../../Engine/Plugins/Runtime/Oculus/OculusVR/Shaders found
LogPluginManager: Mapping shader source directory ../../../Engine/Plugins/Runtime/Oculus/OculusVR/Shaders to virtual directory /Plugin/OculusVR
LogPluginManager: Mounting plugin PhysXVehicles
LogPluginManager: Mounting plugin ProceduralMeshComponent
LogPluginManager: Mounting plugin RuntimePhysXCooking
LogPluginManager: Mounting plugin SteamVR
LogPluginManager: Mounting plugin WindowsMoviePlayer
LogInit: Using libcurl 7.47.1
LogInit:  - built for x86_64-pc-win32
LogInit:  - supports SSL with OpenSSL/1.0.2g
LogInit:  - supports HTTP deflate (compression) using libz 1.2.8
LogInit:  - other features:
LogInit:      CURL_VERSION_SSL
LogInit:      CURL_VERSION_LIBZ
LogInit:      CURL_VERSION_IPV6
LogInit:      CURL_VERSION_ASYNCHDNS
LogInit:      CURL_VERSION_LARGEFILE
LogInit:      CURL_VERSION_IDN
LogInit:  CurlRequestOptions (configurable via config and command line):
LogInit:  - bVerifyPeer = false  - Libcurl will NOT verify peer certificate
LogInit:  - bUseHttpProxy = false  - Libcurl will NOT use HTTP proxy
LogInit:  - bDontReuseConnections = false  - Libcurl will reuse connections
LogInit:  - CertBundlePath = nullptr  - Libcurl will use whatever was configured at build time.
LogInit: Build: ++UE4+Release-4.18-CL-3832480
LogInit: Engine Version: 4.18.3-3832480+++UE4+Release-4.18
LogInit: Compatible Engine Version: 4.18.0-3709383+++UE4+Release-4.18
LogInit: Net CL: 3709383
LogDevObjectVersion: Number of dev versions registered: 16
LogDevObjectVersion:   Dev-Blueprints (B0D832E4-1F89-4F0D-ACCF-7EB736FD4AA2): 10
LogDevObjectVersion:   Dev-Build (E1C64328-A22C-4D53-A36C-8E866417BD8C): 0
LogDevObjectVersion:   Dev-Core (375EC13C-06E4-48FB-B500-84F0262A717E): 2
LogDevObjectVersion:   Dev-Editor (E4B068ED-F494-42E9-A231-DA0B2E46BB41): 20
LogDevObjectVersion:   Dev-Framework (CFFC743F-43B0-4480-9391-14DF171D2073): 30
LogDevObjectVersion:   Dev-Mobile (B02B49B5-BB20-44E9-A304-32B752E40360): 0
LogDevObjectVersion:   Dev-Networking (A4E4105C-59A1-49B5-A7C5-40C4547EDFEE): 0
LogDevObjectVersion:   Dev-Online (39C831C9-5AE6-47DC-9A44-9C173E1C8E7C): 0
LogDevObjectVersion:   Dev-Physics (78F01B33-EBEA-4F98-B9B4-84EACCB95AA2): 0
LogDevObjectVersion:   Dev-Platform (6631380F-2D4D-43E0-8009-CF276956A95A): 0
LogDevObjectVersion:   Dev-Rendering (12F88B9F-8875-4AFC-A67C-D90C383ABD29): 20
LogDevObjectVersion:   Dev-Sequencer (7B5AE74C-D270-4C10-A958-57980B212A5A): 4
LogDevObjectVersion:   Dev-VR (D7296918-1DD6-4BDD-9DE2-64A83CC13884): 0
LogDevObjectVersion:   Dev-LoadTimes (C2A15278-BFE7-4AFE-6C17-90FF531DF755): 1
LogDevObjectVersion:   Private-Geometry (6EACA3D4-40EC-4CC1-B786-8BED09428FC5): 1
LogDevObjectVersion:   Dev-AnimPhys (29E575DD-E0A3-4627-9D10-D276232CDCEA): 12
LogInit: Compiled (64-bit): Jan 12 2018 02:04:55
LogInit: Compiled with Visual C++: 19.00.24215.01
LogInit: Build Configuration: Development
LogInit: Branch Name: ++UE4+Release-4.18
LogInit: Command line:  
LogInit: Base directory: D:/Games/Epic Games/UE_4.18/Engine/Binaries/Win64/
LogInit: Installed Engine Build: 1
LogInit: Presizing for max 8388607 objects, including 0 objects not considered by GC, pre-allocating 0 bytes for permanent pool.
LogInit: Object subsystem initialized
[2018.04.16-09.55.44:326][  0]LogInit: Selected Device Profile: [Windows]
[2018.04.16-09.55.44:326][  0]LogInit: Applying CVar settings loaded from the selected device profile: [Windows]
[2018.04.16-09.55.44:338][  0]LogInit: Computer: DESKTOP-5CI3UJP
[2018.04.16-09.55.44:338][  0]LogInit: User: espas
[2018.04.16-09.55.44:338][  0]LogInit: CPU Page size=4096, Cores=4
[2018.04.16-09.55.44:338][  0]LogInit: High frequency timer resolution =2.338449 MHz
[2018.04.16-09.55.44:338][  0]LogMemory: Memory total: Physical=7.9GB (8GB approx)
[2018.04.16-09.55.44:338][  0]LogMemory: Platform Memory Stats for Windows
[2018.04.16-09.55.44:338][  0]LogMemory: Process Physical Memory: 274.29 MB used, 274.29 MB peak
[2018.04.16-09.55.44:339][  0]LogMemory: Process Virtual Memory: 270.05 MB used, 270.05 MB peak
[2018.04.16-09.55.44:339][  0]LogMemory: Physical Memory: 5981.90 MB used,  2098.68 MB free, 8080.58 MB total
[2018.04.16-09.55.44:339][  0]LogMemory: Virtual Memory: 663.92 MB used,  2098.68 MB free, 134217728.00 MB total
[2018.04.16-09.55.44:610][  0]LogInit: Overriding language with editor language configuration option (en).
[2018.04.16-09.55.44:610][  0]LogInit: Overriding locale with editor locale configuration option (en).
[2018.04.16-09.55.45:067][  0]LogInit: Setting process to per monitor DPI aware
[2018.04.16-09.55.45:459][  0]LogD3D11RHI: D3D11 adapters:
[2018.04.16-09.55.45:525][  0]LogD3D11RHI:    0. 'NVIDIA GeForce GTX 660M' (Feature Level 11_0)
[2018.04.16-09.55.45:525][  0]LogD3D11RHI:       2007/0/4040 MB DedicatedVideo/DedicatedSystem/SharedSystem, Outputs:1, VendorId:0x10de
[2018.04.16-09.55.45:529][  0]LogD3D11RHI:    1. 'Intel(R) HD Graphics 4000' (Feature Level 11_0)
[2018.04.16-09.55.45:529][  0]LogD3D11RHI:       32/0/1760 MB DedicatedVideo/DedicatedSystem/SharedSystem, Outputs:0, VendorId:0x8086
[2018.04.16-09.55.45:533][  0]LogD3D11RHI:    2. 'Microsoft Basic Render Driver' (Feature Level 11_0)
[2018.04.16-09.55.45:533][  0]LogD3D11RHI:       0/0/4040 MB DedicatedVideo/DedicatedSystem/SharedSystem, Outputs:0, VendorId:0x1414
[2018.04.16-09.55.45:533][  0]LogD3D11RHI: Chosen D3D11 Adapter: 0
[2018.04.16-09.55.45:542][  0]LogD3D11RHI: Creating new Direct3DDevice
[2018.04.16-09.55.45:542][  0]LogD3D11RHI:     GPU DeviceId: 0xfd4 (for the marketing name, search the web for "GPU Device Id")
[2018.04.16-09.55.45:542][  0]LogWindows: EnumDisplayDevices:
[2018.04.16-09.55.45:542][  0]LogWindows:    0. 'Intel(R) HD Graphics 4000' (P:1 D:1)
[2018.04.16-09.55.45:542][  0]LogWindows:    1. 'Intel(R) HD Graphics 4000' (P:0 D:0)
[2018.04.16-09.55.45:543][  0]LogWindows:    2. 'Intel(R) HD Graphics 4000' (P:0 D:0)
[2018.04.16-09.55.45:543][  0]LogWindows: DebugString: GetVideoDriverDetailsInvalid PrimaryIsNotTheChoosenAdapter GetVideoDriverDetailsInvalid PrimaryIsNotTheChoosenAdapter GetVideoDriverDetailsInvalid PrimaryIsNotTheChoosenAdapter FoundDriverCount:0 
[2018.04.16-09.55.45:543][  0]LogD3D11RHI:     Adapter Name: NVIDIA GeForce GTX 660M
[2018.04.16-09.55.45:543][  0]LogD3D11RHI:   Driver Version: Unknown (internal:Unknown, unified:Unknown)
[2018.04.16-09.55.45:543][  0]LogD3D11RHI:      Driver Date: Unknown
[2018.04.16-09.55.45:543][  0]LogRHI: Texture pool is 1405 MB (70% of 2007 MB)
[2018.04.16-09.55.45:587][  0]LogD3D11RHI: Async texture creation enabled
[2018.04.16-09.55.45:608][  0]LogD3D11RHI: GPU Timing Frequency: 1000.000000 (Debug: 2 2)
[2018.04.16-09.55.45:609][  0]LogShaderCompilers: Guid format shader working directory is 14 characters bigger than the processId version (C:/Users/espas/Desktop/MJ2Unreal/Intermediate/Shaders/WorkingDirectory/1084/).
[2018.04.16-09.55.45:609][  0]LogShaderCompilers: Cleaned the shader compiler working directory 'C:/Users/espas/AppData/Local/Temp/UnrealShaderWorkingDir/C09103654A0A35AFDC372AA7BB648F20/'.
[2018.04.16-09.55.45:609][  0]LogShaderCompilers: Display: Using Local Shader Compiler.
[2018.04.16-09.55.46:942][  0]LogTemp: Display: Loaded TP AllDesktopTargetPlatform
[2018.04.16-09.55.47:042][  0]LogTemp: Display: Loaded TP MacClientTargetPlatform
[2018.04.16-09.55.47:160][  0]LogTemp: Display: Loaded TP MacNoEditorTargetPlatform
[2018.04.16-09.55.47:264][  0]LogTemp: Display: Loaded TP MacServerTargetPlatform
[2018.04.16-09.55.47:366][  0]LogTemp: Display: Loaded TP MacTargetPlatform
[2018.04.16-09.55.47:459][  0]LogTemp: Display: Loaded TP WindowsClientTargetPlatform
[2018.04.16-09.55.47:576][  0]LogTemp: Display: Loaded TP WindowsNoEditorTargetPlatform
[2018.04.16-09.55.47:667][  0]LogTemp: Display: Loaded TP WindowsServerTargetPlatform
[2018.04.16-09.55.47:743][  0]LogTemp: Display: Loaded TP WindowsTargetPlatform
[2018.04.16-09.55.47:919][  0]LogTemp: Display: Loaded TP Android_ASTCTargetPlatform
[2018.04.16-09.55.48:020][  0]LogTemp: Display: Loaded TP Android_ATCTargetPlatform
[2018.04.16-09.55.48:133][  0]LogTemp: Display: Loaded TP Android_DXTTargetPlatform
[2018.04.16-09.55.48:237][  0]LogTemp: Display: Loaded TP Android_ETC1TargetPlatform
[2018.04.16-09.55.48:330][  0]LogTemp: Display: Loaded TP Android_ETC2TargetPlatform
[2018.04.16-09.55.48:548][  0]LogTemp: Display: Loaded TP Android_MultiTargetPlatform
[2018.04.16-09.55.48:548][  0]LogTemp: Display: Loaded TP Android_PVRTCTargetPlatform
[2018.04.16-09.55.48:612][  0]LogTemp: Display: Loaded TP AndroidTargetPlatform
[2018.04.16-09.55.48:691][  0]LogTemp: Display: Loaded TP HTML5TargetPlatform
[2018.04.16-09.55.48:823][  0]LogTemp: Display: Loaded TP IOSTargetPlatform
[2018.04.16-09.55.48:861][  0]LogTemp: Display: Loaded TP TVOSTargetPlatform
[2018.04.16-09.55.48:925][  0]LogTemp: Display: Loaded TP LinuxClientTargetPlatform
[2018.04.16-09.55.48:987][  0]LogTemp: Display: Loaded TP LinuxNoEditorTargetPlatform
[2018.04.16-09.55.49:050][  0]LogTemp: Display: Loaded TP LinuxServerTargetPlatform
[2018.04.16-09.55.49:115][  0]LogTemp: Display: Loaded TP LinuxTargetPlatform
[2018.04.16-09.55.49:115][  0]LogTargetPlatformManager: Display: Building Assets For Windows
[2018.04.16-09.55.49:759][  0]LogDerivedDataCache: Display: Max Cache Size: 512 MB
[2018.04.16-09.55.49:854][  0]LogDerivedDataCache: Loaded boot cache 0.10s 78MB C:/Users/espas/AppData/Local/UnrealEngine/4.18/DerivedDataCache/Boot.ddc.
[2018.04.16-09.55.49:854][  0]LogDerivedDataCache: Display: Loaded Boot cache: C:/Users/espas/AppData/Local/UnrealEngine/4.18/DerivedDataCache/Boot.ddc
[2018.04.16-09.55.49:854][  0]LogDerivedDataCache: FDerivedDataBackendGraph:  Pak pak cache file C:/Users/espas/Desktop/MJ2Unreal/DerivedDataCache/DDC.ddp not found, will not use a pak cache.
[2018.04.16-09.55.49:854][  0]LogDerivedDataCache: Unable to find inner node Pak for hierarchical cache Hierarchy.
[2018.04.16-09.55.49:854][  0]LogDerivedDataCache: FDerivedDataBackendGraph:  CompressedPak pak cache file C:/Users/espas/Desktop/MJ2Unreal/DerivedDataCache/Compressed.ddp not found, will not use a pak cache.
[2018.04.16-09.55.49:854][  0]LogDerivedDataCache: Unable to find inner node CompressedPak for hierarchical cache Hierarchy.
[2018.04.16-09.55.49:873][  0]LogDerivedDataCache: Display: Pak cache opened for reading ../../../Engine/DerivedDataCache/Compressed.ddp.
[2018.04.16-09.55.49:886][  0]LogDerivedDataCache: Using Local data cache path C:/Users/espas/AppData/Local/UnrealEngine/Common/DerivedDataCache: Writable
[2018.04.16-09.55.49:899][  0]LogMaterial: Verifying Global Shaders for PCD3D_SM5
[2018.04.16-09.55.49:899][  0]LogSlate: Using Freetype 2.6.0
[2018.04.16-09.55.49:900][  0]LogSlate: SlateFontCache - WITH_FREETYPE: 1, WITH_HARFBUZZ: 1
[2018.04.16-09.55.49:900][  0]LogSlate: SlateFontCache - WITH_FREETYPE: 1, WITH_HARFBUZZ: 1
[2018.04.16-09.55.50:453][  0]LogInit: Selected Device Profile: [Windows]
[2018.04.16-09.55.50:939][  0]LogSimplygon: Simplygon DLL not present - disabling.
[2018.04.16-09.55.51:006][  0]LogMeshReduction: Using SimplygonSwarm for distributed automatic mesh merging
[2018.04.16-09.55.51:006][  0]LogMeshReduction: Using QuadricMeshReduction for automatic static mesh reduction
[2018.04.16-09.55.51:006][  0]LogMeshReduction: No automatic skeletal mesh reduction module available
[2018.04.16-09.55.51:006][  0]LogMeshReduction: No automatic mesh merging module available
[2018.04.16-09.55.51:006][  0]LogMeshMerging: No automatic mesh merging module available
[2018.04.16-09.55.51:054][  0]LogNetVersion: MyProject4 , NetCL: 3709383, EngineNetVer: 2, GameNetVer: 0 (Checksum: 1714626933)
[2018.04.16-09.55.51:282][  0]LogAssetRegistry: FAssetRegistry took 0.0287 seconds to start up
[2018.04.16-09.55.51:952][  0]LogPackageLocalizationCache: Processed 7 localized package path(s) for 1 prioritized culture(s) in 0.048294 seconds
[2018.04.16-09.55.51:959][  0]LogUObjectArray: 35870 objects as part of root set at end of initial load.
[2018.04.16-09.55.51:959][  0]LogUObjectAllocator: 7363696 out of 0 bytes used by permanent object pool.
[2018.04.16-09.55.51:959][  0]LogUObjectArray: CloseDisregardForGC: 0/0 objects in disregard for GC pool
[2018.04.16-09.55.52:024][  0]LogInit: WinSock: version 1.1 (2.2), MaxSocks=32767, MaxUdp=65467
[2018.04.16-09.55.56:742][  0]LogTcpMessaging: Initializing TcpMessaging bridge
[2018.04.16-09.55.56:803][  0]LogUdpMessaging: Initializing bridge on interface 0.0.0.0:0 to multicast group 230.0.0.1:6666.
[2018.04.16-09.55.58:206][  0]LogMaterial: Uniform references updated for custom material expression Custom.
[2018.04.16-09.55.58:856][  0]SourceControl: Source control is disabled
[2018.04.16-09.55.58:856][  0]SourceControl: Source control is disabled
[2018.04.16-09.55.58:948][  0]SourceControl: Source control is disabled
[2018.04.16-09.55.59:049][  0]SourceControl: Source control is disabled
[2018.04.16-09.56.00:247][  0]LogAndroidPermission: UAndroidPermissionCallbackProxy::GetInstance
[2018.04.16-09.56.00:637][  0]LogOcInput: OculusInput pre-init called
[2018.04.16-09.56.01:083][  0]LogEngine: Initializing Engine...
[2018.04.16-09.56.01:090][  0]LogHMD: Failed to initialize OpenVR with code 105
[2018.04.16-09.56.01:353][  0]LogStats: UGameplayTagsManager::ConstructGameplayTagTree: Construct from data asset -  0.000 s
[2018.04.16-09.56.01:353][  0]LogStats: UGameplayTagsManager::ConstructGameplayTagTree: GameplayTagTreeChangedEvent.Broadcast -  0.000 s
[2018.04.16-09.56.01:516][  0]LogAIModule: Creating AISystem for world Untitled
[2018.04.16-09.56.01:528][  0]LogInit: XAudio2 using 'Altavoces (Realtek High Definition Audio)' : 2 channels at 48 kHz using 32 bits per sample (channel mask 0x3)
[2018.04.16-09.56.01:548][  0]LogInit: FAudioDevice initialized.
[2018.04.16-09.56.01:636][  0]LogDerivedDataCache: Saved boot cache 0.09s 78MB C:/Users/espas/AppData/Local/UnrealEngine/4.18/DerivedDataCache/Boot.ddc.
[2018.04.16-09.56.01:651][  0]LogInit: Texture streaming: Enabled
[2018.04.16-09.56.01:781][  0]LogEngineSessionManager: EngineSessionManager initialized
[2018.04.16-09.56.01:947][  0]LogInit: Transaction tracking system initialized
[2018.04.16-09.56.02:343][  0]BlueprintLog: New page: Editor Load
[2018.04.16-09.56.07:232][  0]LocalizationService: Localization service is disabled
[2018.04.16-09.56.15:397][  0]LogConsoleResponse: Display: 
[2018.04.16-09.56.21:285][  0]LogFileCache: Scanning file cache for directory 'C:/Users/espas/Desktop/MJ2Unreal/Content/' took 0.07s
[2018.04.16-09.56.21:285][  0]LogCook: Display: Max memory allowance for cook 16384mb min free memory 0mb
[2018.04.16-09.56.21:345][  0]LogCook: Display: Mobile HDR setting 1
[2018.04.16-09.56.21:492][  0]LogGameplayTags: Display: UGameplayTagsManager::DoneAddingNativeTags. DelegateIsBound: 0
[2018.04.16-09.56.31:977][  0]SourceControl: Source control is disabled
[2018.04.16-09.56.32:162][  0]Cmd: MAP LOAD FILE="C:/Users/espas/Desktop/MJ2Unreal/Content/ThirdPersonBP/Maps/ThirdPersonExampleMap.umap" TEMPLATE=0 SHOWPROGRESS=1 FEATURELEVEL=3
[2018.04.16-09.56.32:252][  0]LightingResults: New page: Lighting Build
[2018.04.16-09.56.33:706][  0]MapCheck: New page: Map Check
[2018.04.16-09.56.33:706][  0]LightingResults: New page: Lighting Build
[2018.04.16-09.56.48:015][  0]LogAIModule: Creating AISystem for world ThirdPersonExampleMap
[2018.04.16-09.56.52:223][  0]LogEditorServer: Finished looking for orphan Actors (0.000 secs)
[2018.04.16-09.56.52:895][  0]Cmd: MAP CHECKDEP NOCLEARLOG
[2018.04.16-09.56.53:056][  0]MapCheck: Map check complete: 0 Error(s), 0 Warning(s), took 160.272ms to complete.
[2018.04.16-09.56.53:056][  0]LogFileHelpers: Loading map 'ThirdPersonExampleMap' took 20.997
[2018.04.16-09.56.56:129][  0]LogWindowsTextInputMethodSystem: Display: IME system now deactivated.
[2018.04.16-09.57.04:349][  0]LogCollectionManager: Loaded 0 collections in 0.060689 seconds
[2018.04.16-09.57.06:588][  0]LogFileCache: Scanning file cache for directory 'C:/Users/espas/Desktop/MJ2Unreal/Saved/Collections/' took 0.01s
[2018.04.16-09.57.06:588][  0]LogFileCache: Scanning file cache for directory 'C:/Users/espas/Desktop/MJ2Unreal/Content/Developers/espas/Collections/' took 0.01s
[2018.04.16-09.57.06:588][  0]LogFileCache: Scanning file cache for directory 'C:/Users/espas/Desktop/MJ2Unreal/Content/Collections/' took 0.01s
[2018.04.16-09.57.06:588][  0]LogCollectionManager: Rebuilt the GUID cache for 0 collections in 0.000000 seconds
[2018.04.16-09.57.06:691][  0]LogContentBrowser: Native class hierarchy populated in 0.0457 seconds. Added 2363 classes and 519 folders.
[2018.04.16-09.57.07:102][  0]LogContentBrowser: Native class hierarchy updated for 'WidgetCarousel' in 0.0004 seconds. Added 0 classes and 0 folders.
[2018.04.16-09.57.08:255][  0]LogContentBrowser: Native class hierarchy updated for 'AddContentDialog' in 0.0003 seconds. Added 0 classes and 0 folders.
[2018.04.16-09.57.08:390][  0]LogContentBrowser: Native class hierarchy updated for 'SceneOutliner' in 0.0003 seconds. Added 1 classes and 2 folders.
[2018.04.16-09.57.10:406][  0]LogSlate: Took 0.012628 seconds to synchronously load lazily loaded font '../../../Engine/Content/Slate/Fonts/Roboto-Regular.ttf' (155K)
[2018.04.16-09.57.10:482][  0]LogSlate: Took 0.014681 seconds to synchronously load lazily loaded font '../../../Engine/Content/Slate/Fonts/Roboto-Bold.ttf' (160K)
[2018.04.16-09.57.10:666][  0]LogSlate: Took 0.018288 seconds to synchronously load lazily loaded font '../../../Engine/Content/Editor/Slate/Fonts/FontAwesome.ttf' (139K)
[2018.04.16-09.57.11:800][  0]LogRenderer: Reallocating scene render targets to support 1112x612 Format 10 NumSamples 1 (Frame:1).
[2018.04.16-09.57.12:810][  0]LogSlate: Took 0.015030 seconds to synchronously load lazily loaded font '../../../Engine/Content/Slate/Fonts/Roboto-Light.ttf' (159K)
[2018.04.16-09.57.13:472][  0]LogContentBrowser: Native class hierarchy updated for 'HierarchicalLODOutliner' in 0.0004 seconds. Added 1 classes and 2 folders.
[2018.04.16-09.57.13:472][  0]LogLoad: (Engine Initialization) Total time: 92.60 seconds
[2018.04.16-09.57.13:473][  0]LogLoad: (Engine Initialization) Total Blueprint compile time: 0.00 seconds
[2018.04.16-09.57.13:494][  0]LogExternalProfiler: Found external profiler: VSPerf
[2018.04.16-09.57.13:494][  0]LogExternalProfiler: Using external profiler: VSPerf
[2018.04.16-09.57.14:363][  0]LogContentStreaming: Texture pool size now 1000 MB
[2018.04.16-09.57.16:368][  2]LogSlate: Took 0.000425 seconds to synchronously load lazily loaded font '../../../Engine/Content/Slate/Fonts/Roboto-Light.ttf' (159K)
[2018.04.16-09.57.16:423][  3]LogAssetRegistry: Asset discovery search completed in 85.1633 seconds
[2018.04.16-09.57.16:453][  3]LogCollectionManager: Rebuilt the object cache for 0 collections in 0.000000 seconds (found 0 objects)
[2018.04.16-09.57.16:453][  3]LogCollectionManager: Fixed up redirectors for 0 collections in 0.013249 seconds (updated 0 objects)
[2018.04.16-09.57.34:536][187]LogSlate: Took 0.000427 seconds to synchronously load lazily loaded font '../../../Engine/Content/Slate/Fonts/Roboto-Light.ttf' (159K)
[2018.04.16-09.57.35:310][187]LogContentBrowser: Native class hierarchy updated for 'BlueprintGraph' in 0.0167 seconds. Added 116 classes and 0 folders.
[2018.04.16-09.57.42:686][308]LogSlate: Took 0.012411 seconds to synchronously load lazily loaded font '../../../Engine/Content/Editor/Slate/Fonts/Roboto-Italic.ttf' (157K)
[2018.04.16-09.57.43:888][370]LogSlate: Took 0.017364 seconds to synchronously load lazily loaded font '../../../Engine/Content/Editor/Slate/Fonts/Roboto-BoldCondensed.ttf' (158K)
[2018.04.16-09.57.49:489][795]LogTemp: Repeating last play command: Selected Viewport
[2018.04.16-09.57.49:646][795]LogBlueprintUserMessages: Early PlayInEditor Detection: Level '/Game/ThirdPersonBP/Maps/ThirdPersonExampleMap.ThirdPersonExampleMap:PersistentLevel' has LevelScriptBlueprint '/Game/ThirdPersonBP/Maps/ThirdPersonExampleMap.ThirdPersonExampleMap:PersistentLevel.ThirdPersonExampleMap' with GeneratedClass '/Game/ThirdPersonBP/Maps/ThirdPersonExampleMap.ThirdPersonExampleMap_C' with ClassGeneratedBy '/Game/ThirdPersonBP/Maps/ThirdPersonExampleMap.ThirdPersonExampleMap:PersistentLevel.ThirdPersonExampleMap'
[2018.04.16-09.57.49:660][795]LogPlayLevel: PlayLevel: No blueprints needed recompiling
[2018.04.16-09.57.49:817][795]PIE: New page: PIE session: ThirdPersonExampleMap (Apr 16, 2018, 1:57:49 PM)
[2018.04.16-09.57.49:845][795]LogPlayLevel: Creating play world package: /Game/ThirdPersonBP/Maps/UEDPIE_0_ThirdPersonExampleMap
[2018.04.16-09.57.49:940][795]LogPlayLevel: PIE: StaticDuplicateObject took: (0.094748s)
[2018.04.16-09.57.49:941][795]LogAIModule: Creating AISystem for world ThirdPersonExampleMap
[2018.04.16-09.57.49:957][795]LogPlayLevel: PIE: World Init took: (0.016963s)
[2018.04.16-09.57.49:970][795]LogPlayLevel: PIE: Created PIE world by copying editor world from /Game/ThirdPersonBP/Maps/ThirdPersonExampleMap.ThirdPersonExampleMap to /Game/ThirdPersonBP/Maps/UEDPIE_0_ThirdPersonExampleMap.ThirdPersonExampleMap (0.125012s)
[2018.04.16-09.57.50:041][795]LogInit: XAudio2 using 'Altavoces (Realtek High Definition Audio)' : 2 channels at 48 kHz using 32 bits per sample (channel mask 0x3)
[2018.04.16-09.57.50:057][795]LogInit: FAudioDevice initialized.
[2018.04.16-09.57.50:249][795]LogLoad: Game class is 'ThirdPersonGameMode_C'
[2018.04.16-09.57.50:363][795]LogWorld: Bringing World /Game/ThirdPersonBP/Maps/UEDPIE_0_ThirdPersonExampleMap.ThirdPersonExampleMap up for play (max tick rate 0) at 2018.04.16-11.57.50
[2018.04.16-09.57.50:420][795]LogWorld: Bringing up level for play took: 0.069203
[2018.04.16-09.57.50:688][795]LogContentBrowser: Native class hierarchy updated for 'MovieSceneCapture' in 0.0004 seconds. Added 11 classes and 0 folders.
[2018.04.16-09.57.50:766][795]PIE: Play in editor start time for /Game/ThirdPersonBP/Maps/UEDPIE_0_ThirdPersonExampleMap 0.7
[2018.04.16-09.57.50:766][795]LogBlueprintUserMessages: Late PlayInEditor Detection: Level '/Game/ThirdPersonBP/Maps/ThirdPersonExampleMap.ThirdPersonExampleMap:PersistentLevel' has LevelScriptBlueprint '/Game/ThirdPersonBP/Maps/ThirdPersonExampleMap.ThirdPersonExampleMap:PersistentLevel.ThirdPersonExampleMap' with GeneratedClass '/Game/ThirdPersonBP/Maps/ThirdPersonExampleMap.ThirdPersonExampleMap_C' with ClassGeneratedBy '/Game/ThirdPersonBP/Maps/ThirdPersonExampleMap.ThirdPersonExampleMap:PersistentLevel.ThirdPersonExampleMap'
[2018.04.16-09.58.28:095][229]LogBlueprintUserMessages: Early EndPlayMap Detection: Level '/Game/ThirdPersonBP/Maps/ThirdPersonExampleMap.ThirdPersonExampleMap:PersistentLevel' has LevelScriptBlueprint '/Game/ThirdPersonBP/Maps/ThirdPersonExampleMap.ThirdPersonExampleMap:PersistentLevel.ThirdPersonExampleMap' with GeneratedClass '/Game/ThirdPersonBP/Maps/ThirdPersonExampleMap.ThirdPersonExampleMap_C' with ClassGeneratedBy '/Game/ThirdPersonBP/Maps/ThirdPersonExampleMap.ThirdPersonExampleMap:PersistentLevel.ThirdPersonExampleMap'
[2018.04.16-09.58.28:369][229]LogBlueprintUserMessages: Late EndPlayMap Detection: Level '/Game/ThirdPersonBP/Maps/ThirdPersonExampleMap.ThirdPersonExampleMap:PersistentLevel' has LevelScriptBlueprint '/Game/ThirdPersonBP/Maps/ThirdPersonExampleMap.ThirdPersonExampleMap:PersistentLevel.ThirdPersonExampleMap' with GeneratedClass '/Game/ThirdPersonBP/Maps/ThirdPersonExampleMap.ThirdPersonExampleMap_C' with ClassGeneratedBy '/Game/ThirdPersonBP/Maps/ThirdPersonExampleMap.ThirdPersonExampleMap:PersistentLevel.ThirdPersonExampleMap'
[2018.04.16-09.58.29:380][279]LogTemp: Repeating last play command: Selected Viewport
[2018.04.16-09.58.29:398][279]LogBlueprintUserMessages: Early PlayInEditor Detection: Level '/Game/ThirdPersonBP/Maps/ThirdPersonExampleMap.ThirdPersonExampleMap:PersistentLevel' has LevelScriptBlueprint '/Game/ThirdPersonBP/Maps/ThirdPersonExampleMap.ThirdPersonExampleMap:PersistentLevel.ThirdPersonExampleMap' with GeneratedClass '/Game/ThirdPersonBP/Maps/ThirdPersonExampleMap.ThirdPersonExampleMap_C' with ClassGeneratedBy '/Game/ThirdPersonBP/Maps/ThirdPersonExampleMap.ThirdPersonExampleMap:PersistentLevel.ThirdPersonExampleMap'
[2018.04.16-09.58.29:398][279]LogPlayLevel: PlayLevel: No blueprints needed recompiling
[2018.04.16-09.58.29:398][279]PIE: New page: PIE session: ThirdPersonExampleMap (Apr 16, 2018, 1:58:29 PM)
[2018.04.16-09.58.29:399][279]LogPlayLevel: Creating play world package: /Game/ThirdPersonBP/Maps/UEDPIE_0_ThirdPersonExampleMap
[2018.04.16-09.58.29:425][279]LogPlayLevel: PIE: StaticDuplicateObject took: (0.026662s)
[2018.04.16-09.58.29:426][279]LogAIModule: Creating AISystem for world ThirdPersonExampleMap
[2018.04.16-09.58.29:427][279]LogPlayLevel: PIE: World Init took: (0.001270s)
[2018.04.16-09.58.29:427][279]LogPlayLevel: PIE: Created PIE world by copying editor world from /Game/ThirdPersonBP/Maps/ThirdPersonExampleMap.ThirdPersonExampleMap to /Game/ThirdPersonBP/Maps/UEDPIE_0_ThirdPersonExampleMap.ThirdPersonExampleMap (0.028455s)
[2018.04.16-09.58.29:460][279]LogInit: XAudio2 using 'Altavoces (Realtek High Definition Audio)' : 2 channels at 48 kHz using 32 bits per sample (channel mask 0x3)
[2018.04.16-09.58.29:474][279]LogInit: FAudioDevice initialized.
[2018.04.16-09.58.29:513][279]LogLoad: Game class is 'ThirdPersonGameMode_C'
[2018.04.16-09.58.29:519][279]LogWorld: Bringing World /Game/ThirdPersonBP/Maps/UEDPIE_0_ThirdPersonExampleMap.ThirdPersonExampleMap up for play (max tick rate 0) at 2018.04.16-11.58.29
[2018.04.16-09.58.29:521][279]LogWorld: Bringing up level for play took: 0.007112
[2018.04.16-09.58.29:522][279]PIE: Play in editor start time for /Game/ThirdPersonBP/Maps/UEDPIE_0_ThirdPersonExampleMap -0.544
[2018.04.16-09.58.29:523][279]LogBlueprintUserMessages: Late PlayInEditor Detection: Level '/Game/ThirdPersonBP/Maps/ThirdPersonExampleMap.ThirdPersonExampleMap:PersistentLevel' has LevelScriptBlueprint '/Game/ThirdPersonBP/Maps/ThirdPersonExampleMap.ThirdPersonExampleMap:PersistentLevel.ThirdPersonExampleMap' with GeneratedClass '/Game/ThirdPersonBP/Maps/ThirdPersonExampleMap.ThirdPersonExampleMap_C' with ClassGeneratedBy '/Game/ThirdPersonBP/Maps/ThirdPersonExampleMap.ThirdPersonExampleMap:PersistentLevel.ThirdPersonExampleMap'
[2018.04.16-09.59.34:022][758]LogBlueprintUserMessages: Early EndPlayMap Detection: Level '/Game/ThirdPersonBP/Maps/ThirdPersonExampleMap.ThirdPersonExampleMap:PersistentLevel' has LevelScriptBlueprint '/Game/ThirdPersonBP/Maps/ThirdPersonExampleMap.ThirdPersonExampleMap:PersistentLevel.ThirdPersonExampleMap' with GeneratedClass '/Game/ThirdPersonBP/Maps/ThirdPersonExampleMap.ThirdPersonExampleMap_C' with ClassGeneratedBy '/Game/ThirdPersonBP/Maps/ThirdPersonExampleMap.ThirdPersonExampleMap:PersistentLevel.ThirdPersonExampleMap'
[2018.04.16-09.59.34:069][758]LogBlueprintUserMessages: Late EndPlayMap Detection: Level '/Game/ThirdPersonBP/Maps/ThirdPersonExampleMap.ThirdPersonExampleMap:PersistentLevel' has LevelScriptBlueprint '/Game/ThirdPersonBP/Maps/ThirdPersonExampleMap.ThirdPersonExampleMap:PersistentLevel.ThirdPersonExampleMap' with GeneratedClass '/Game/ThirdPersonBP/Maps/ThirdPersonExampleMap.ThirdPersonExampleMap_C' with ClassGeneratedBy '/Game/ThirdPersonBP/Maps/ThirdPersonExampleMap.ThirdPersonExampleMap:PersistentLevel.ThirdPersonExampleMap'
[2018.04.16-14.00.46:703][946]LogHttp: Warning: 000001F01627BE80: request failed, libcurl error: 6 (Couldn't resolve host name)
[2018.04.16-14.00.46:779][946]LogHttp: Warning: 000001F01627BE80: libcurl info message cache 0 (Found bundle for host datarouter.ol.epicgames.com: 0x1f07a0d3fb8 [can pipeline])
[2018.04.16-14.00.46:779][946]LogHttp: Warning: 000001F01627BE80: libcurl info message cache 1 (Re-using existing connection! (#11) with host datarouter.ol.epicgames.com)
[2018.04.16-14.00.46:779][946]LogHttp: Warning: 000001F01627BE80: libcurl info message cache 2 (Connected to datarouter.ol.epicgames.com (52.206.11.122) port 443 (#11))
[2018.04.16-14.00.46:779][946]LogHttp: Warning: 000001F01627BE80: libcurl info message cache 3 (upload completely sent off: 388 out of 388 bytes)
[2018.04.16-14.00.46:779][946]LogHttp: Warning: 000001F01627BE80: libcurl info message cache 4 (SSL read: error:00000000:lib(0):func(0):reason(0), errno 10054)
[2018.04.16-14.00.46:779][946]LogHttp: Warning: 000001F01627BE80: libcurl info message cache 5 (Connection died, retrying a fresh connect)
[2018.04.16-14.00.46:779][946]LogHttp: Warning: 000001F01627BE80: libcurl info message cache 6 (Closing connection 11)
[2018.04.16-14.00.46:779][946]LogHttp: Warning: 000001F01627BE80: libcurl info message cache 7 (Issue another request to this URL: 'https://datarouter.ol.epicgames.com/datarouter/api/v1/public/data?SessionID=%7B36FFC92C-4B9E-90E5-0EEC-DE88B2ABAE4E%7D&AppID=UEEditor.Rocket.Release&AppVersion=4.18.3-3832480%2B%2B%2BUE4%2BRelease-4.18&UserID=e37df71d48b5aab24d05f48ae04dc07e%7C3be2b1d1fbe8439b8f422585da2cfbd8%7C883ac00c-92f2-407a-9b95-fbe03fa6d7a7&AppEnvironment=datacollector-binary&UploadType=eteventstream')
[2018.04.16-14.00.46:779][946]LogHttp: Warning: 000001F01627BE80: libcurl info message cache 8 (Could not resolve host: datarouter.ol.epicgames.com)
[2018.04.16-14.00.46:779][946]LogHttp: Warning: 000001F01627BE80: libcurl info message cache 9 (Closing connection 12)
[2018.04.16-17.10.35:111][109]LogHttp: Warning: 000001F01627BE80: request failed, libcurl error: 6 (Couldn't resolve host name)
[2018.04.16-17.10.35:161][109]LogHttp: Warning: 000001F01627BE80: libcurl info message cache 0 (Found bundle for host datarouter.ol.epicgames.com: 0x1f07a0d13a8 [can pipeline])
[2018.04.16-17.10.35:161][109]LogHttp: Warning: 000001F01627BE80: libcurl info message cache 1 (Re-using existing connection! (#18) with host datarouter.ol.epicgames.com)
[2018.04.16-17.10.35:162][109]LogHttp: Warning: 000001F01627BE80: libcurl info message cache 2 (Connected to datarouter.ol.epicgames.com (52.204.161.192) port 443 (#18))
[2018.04.16-17.10.35:162][109]LogHttp: Warning: 000001F01627BE80: libcurl info message cache 3 (upload completely sent off: 388 out of 388 bytes)
[2018.04.16-17.10.35:162][109]LogHttp: Warning: 000001F01627BE80: libcurl info message cache 4 (SSL read: error:00000000:lib(0):func(0):reason(0), errno 10054)
[2018.04.16-17.10.35:162][109]LogHttp: Warning: 000001F01627BE80: libcurl info message cache 5 (Connection died, retrying a fresh connect)
[2018.04.16-17.10.35:162][109]LogHttp: Warning: 000001F01627BE80: libcurl info message cache 6 (Closing connection 18)
[2018.04.16-17.10.35:162][109]LogHttp: Warning: 000001F01627BE80: libcurl info message cache 7 (Issue another request to this URL: 'https://datarouter.ol.epicgames.com/datarouter/api/v1/public/data?SessionID=%7B36FFC92C-4B9E-90E5-0EEC-DE88B2ABAE4E%7D&AppID=UEEditor.Rocket.Release&AppVersion=4.18.3-3832480%2B%2B%2BUE4%2BRelease-4.18&UserID=e37df71d48b5aab24d05f48ae04dc07e%7C3be2b1d1fbe8439b8f422585da2cfbd8%7C883ac00c-92f2-407a-9b95-fbe03fa6d7a7&AppEnvironment=datacollector-binary&UploadType=eteventstream')
[2018.04.16-17.10.35:162][109]LogHttp: Warning: 000001F01627BE80: libcurl info message cache 8 (Could not resolve host: datarouter.ol.epicgames.com)
[2018.04.16-17.10.35:162][109]LogHttp: Warning: 000001F01627BE80: libcurl info message cache 9 (Closing connection 19)
[2018.04.16-22.45.59:752][258]LogD3D11RHI: Timed out while waiting for GPU to catch up. (500 ms)
