Log file open, 05/14/18 11:22:13
LogWindows: Failed to load 'aqProf.dll' (GetLastError=126)
LogWindows: File 'aqProf.dll' does not exist
LogWindows: Failed to load 'VtuneApi.dll' (GetLastError=126)
LogWindows: File 'VtuneApi.dll' does not exist
LogWindows: Failed to load 'VtuneApi32e.dll' (GetLastError=126)
LogWindows: File 'VtuneApi32e.dll' does not exist
LogInit: Display: Running engine for game: MyProject4
LogPlatformFile: Not using cached read wrapper
LogInit: Display: RandInit(1207838479) SRandInit(1207838479).
LogInit: Read version file with build ID '3709383'
LogInit: Overriding engine version to CL 3832480, compatible CL 3709383
LogInit: Registered custom module enumerator with build ID '3709383'
LogTaskGraph: Started task graph with 5 named threads and 14 total threads with 3 sets of task threads.
LogStats: Stats thread started at 0.187810
LogD3D11RHI: Aftermath initialized
LogModuleManager: Display: Found up-to-date module file ../../../Engine/Plugins/2D/Paper2D/Binaries/Win64/UE4Editor-Paper2D.dll (API version 3709383).
LogModuleManager: Display: Found up-to-date module file ../../../Engine/Plugins/2D/Paper2D/Binaries/Win64/UE4Editor-Paper2DEditor.dll (API version 3709383).
LogModuleManager: Display: Found up-to-date module file ../../../Engine/Plugins/2D/Paper2D/Binaries/Win64/UE4Editor-PaperSpriteSheetImporter.dll (API version 3709383).
LogModuleManager: Display: Found up-to-date module file ../../../Engine/Plugins/2D/Paper2D/Binaries/Win64/UE4Editor-PaperTiledImporter.dll (API version 3709383).
LogModuleManager: Display: Found up-to-date module file ../../../Engine/Plugins/2D/Paper2D/Binaries/Win64/UE4Editor-SmartSnapping.dll (API version 3709383).
LogModuleManager: Display: Found up-to-date module file ../../../Engine/Plugins/Blendables/LightPropagationVolume/Binaries/Win64/UE4Editor-LightPropagationVolumeRuntime.dll (API version 3709383).
LogModuleManager: Display: Found up-to-date module file ../../../Engine/Plugins/Blendables/LightPropagationVolume/Binaries/Win64/UE4Editor-LightPropagationVolumeEditor.dll (API version 3709383).
LogModuleManager: Display: Found up-to-date module file ../../../Engine/Plugins/Developer/GitSourceControl/Binaries/Win64/UE4Editor-GitSourceControl.dll (API version 3709383).
LogModuleManager: Display: Found up-to-date module file ../../../Engine/Plugins/Developer/PerforceSourceControl/Binaries/Win64/UE4Editor-PerforceSourceControl.dll (API version 3709383).
LogModuleManager: Display: Found up-to-date module file ../../../Engine/Plugins/Developer/SubversionSourceControl/Binaries/Win64/UE4Editor-SubversionSourceControl.dll (API version 3709383).
LogModuleManager: Display: Found up-to-date module file ../../../Engine/Plugins/Developer/UObjectPlugin/Binaries/Win64/UE4Editor-UObjectPlugin.dll (API version 3709383).
LogModuleManager: Display: Found up-to-date module file ../../../Engine/Plugins/Developer/VisualStudioCodeSourceCodeAccess/Binaries/Win64/UE4Editor-VisualStudioCodeSourceCodeAccess.dll (API version 3709383).
LogModuleManager: Display: Found up-to-date module file ../../../Engine/Plugins/Developer/VisualStudioSourceCodeAccess/Binaries/Win64/UE4Editor-VisualStudioSourceCodeAccess.dll (API version 3709383).
LogModuleManager: Display: Found up-to-date module file ../../../Engine/Plugins/Editor/AssetManagerEditor/Binaries/Win64/UE4Editor-AssetManagerEditor.dll (API version 3709383).
LogModuleManager: Display: Found up-to-date module file ../../../Engine/Plugins/Editor/AudioCapture/Binaries/Win64/UE4Editor-AudioCapture.dll (API version 3709383).
LogModuleManager: Display: Found up-to-date module file ../../../Engine/Plugins/Editor/FacialAnimation/Binaries/Win64/UE4Editor-FacialAnimation.dll (API version 3709383).
LogModuleManager: Display: Found up-to-date module file ../../../Engine/Plugins/Editor/FacialAnimation/Binaries/Win64/UE4Editor-FacialAnimationEditor.dll (API version 3709383).
LogModuleManager: Display: Found up-to-date module file ../../../Engine/Plugins/Editor/GameplayTagsEditor/Binaries/Win64/UE4Editor-GameplayTagsEditor.dll (API version 3709383).
LogModuleManager: Display: Found up-to-date module file ../../../Engine/Plugins/Editor/MobileLauncherProfileWizard/Binaries/Win64/UE4Editor-MobileLauncherProfileWizard.dll (API version 3709383).
LogModuleManager: Display: Found up-to-date module file ../../../Engine/Plugins/Editor/PluginBrowser/Binaries/Win64/UE4Editor-PluginBrowser.dll (API version 3709383).
LogModuleManager: Display: Found up-to-date module file ../../../Engine/Plugins/Editor/SpeedTreeImporter/Binaries/Win64/UE4Editor-SpeedTreeImporter.dll (API version 3709383).
LogModuleManager: Display: Found up-to-date module file ../../../Engine/Plugins/Experimental/AlembicImporter/Binaries/Win64/UE4Editor-AlembicImporter.dll (API version 3709383).
LogModuleManager: Display: Found up-to-date module file ../../../Engine/Plugins/Experimental/AlembicImporter/Binaries/Win64/UE4Editor-AlembicLibrary.dll (API version 3709383).
LogModuleManager: Display: Found up-to-date module file ../../../Engine/Plugins/Experimental/CharacterAI/Binaries/Win64/UE4Editor-CharacterAI.dll (API version 3709383).
LogModuleManager: Display: Found up-to-date module file ../../../Engine/Plugins/Experimental/HTML5Networking/Binaries/Win64/UE4Editor-HTML5Networking.dll (API version 3709383).
LogModuleManager: Display: Found up-to-date module file ../../../Engine/Plugins/Media/AndroidMedia/Binaries/Win64/UE4Editor-AndroidMediaEditor.dll (API version 3709383).
LogModuleManager: Display: Found up-to-date module file ../../../Engine/Plugins/Media/AndroidMedia/Binaries/Win64/UE4Editor-AndroidMediaFactory.dll (API version 3709383).
LogModuleManager: Display: Found up-to-date module file ../../../Engine/Plugins/Media/AvfMedia/Binaries/Win64/UE4Editor-AvfMediaEditor.dll (API version 3709383).
LogModuleManager: Display: Found up-to-date module file ../../../Engine/Plugins/Media/AvfMedia/Binaries/Win64/UE4Editor-AvfMediaFactory.dll (API version 3709383).
LogModuleManager: Display: Found up-to-date module file ../../../Engine/Plugins/Media/AvfMedia/Binaries/Win64/UE4Editor-AvfMediaFactory.dll (API version 3709383).
LogModuleManager: Display: Found up-to-date module file ../../../Engine/Plugins/Media/ImgMedia/Binaries/Win64/UE4Editor-ImgMedia.dll (API version 3709383).
LogModuleManager: Display: Found up-to-date module file ../../../Engine/Plugins/Media/ImgMedia/Binaries/Win64/UE4Editor-ImgMediaEditor.dll (API version 3709383).
LogModuleManager: Display: Found up-to-date module file ../../../Engine/Plugins/Media/ImgMedia/Binaries/Win64/UE4Editor-ImgMediaFactory.dll (API version 3709383).
LogModuleManager: Display: Found up-to-date module file ../../../Engine/Plugins/Media/ImgMedia/Binaries/Win64/UE4Editor-ImgMediaFactory.dll (API version 3709383).
LogModuleManager: Display: Found up-to-date module file ../../../Engine/Plugins/Media/ImgMedia/Binaries/Win64/UE4Editor-OpenExrWrapper.dll (API version 3709383).
LogModuleManager: Display: Found up-to-date module file ../../../Engine/Plugins/Media/MediaCompositing/Binaries/Win64/UE4Editor-MediaCompositing.dll (API version 3709383).
LogModuleManager: Display: Found up-to-date module file ../../../Engine/Plugins/Media/MediaCompositing/Binaries/Win64/UE4Editor-MediaCompositingEditor.dll (API version 3709383).
LogModuleManager: Display: Found up-to-date module file ../../../Engine/Plugins/Media/MediaPlayerEditor/Binaries/Win64/UE4Editor-MediaPlayerEditor.dll (API version 3709383).
LogModuleManager: Display: Found up-to-date module file ../../../Engine/Plugins/Media/WmfMedia/Binaries/Win64/UE4Editor-WmfMedia.dll (API version 3709383).
LogModuleManager: Display: Found up-to-date module file ../../../Engine/Plugins/Media/WmfMedia/Binaries/Win64/UE4Editor-WmfMediaEditor.dll (API version 3709383).
LogModuleManager: Display: Found up-to-date module file ../../../Engine/Plugins/Media/WmfMedia/Binaries/Win64/UE4Editor-WmfMediaFactory.dll (API version 3709383).
LogModuleManager: Display: Found up-to-date module file ../../../Engine/Plugins/Media/WmfMedia/Binaries/Win64/UE4Editor-WmfMediaFactory.dll (API version 3709383).
LogModuleManager: Display: Found up-to-date module file ../../../Engine/Plugins/Messaging/TcpMessaging/Binaries/Win64/UE4Editor-TcpMessaging.dll (API version 3709383).
LogModuleManager: Display: Found up-to-date module file ../../../Engine/Plugins/Messaging/UdpMessaging/Binaries/Win64/UE4Editor-UdpMessaging.dll (API version 3709383).
LogModuleManager: Display: Found up-to-date module file ../../../Engine/Plugins/MovieScene/ActorSequence/Binaries/Win64/UE4Editor-ActorSequence.dll (API version 3709383).
LogModuleManager: Display: Found up-to-date module file ../../../Engine/Plugins/MovieScene/LevelSequenceEditor/Binaries/Win64/UE4Editor-LevelSequenceEditor.dll (API version 3709383).
LogModuleManager: Display: Found up-to-date module file ../../../Engine/Plugins/MovieScene/MatineeToLevelSequence/Binaries/Win64/UE4Editor-MatineeToLevelSequence.dll (API version 3709383).
LogModuleManager: Display: Found up-to-date module file ../../../Engine/Plugins/Online/OnlineSubsystem/Binaries/Win64/UE4Editor-OnlineSubsystem.dll (API version 3709383).
LogModuleManager: Display: Found up-to-date module file ../../../Engine/Plugins/Runtime/AndroidPermission/Binaries/Win64/UE4Editor-AndroidPermission.dll (API version 3709383).
LogModuleManager: Display: Found up-to-date module file ../../../Engine/Plugins/Online/OnlineSubsystemNull/Binaries/Win64/UE4Editor-OnlineSubsystemNull.dll (API version 3709383).
LogModuleManager: Display: Found up-to-date module file ../../../Engine/Plugins/Online/OnlineSubsystemUtils/Binaries/Win64/UE4Editor-OnlineSubsystemUtils.dll (API version 3709383).
LogModuleManager: Display: Found up-to-date module file ../../../Engine/Plugins/Online/OnlineSubsystemUtils/Binaries/Win64/UE4Editor-OnlineBlueprintSupport.dll (API version 3709383).
LogModuleManager: Display: Found up-to-date module file ../../../Engine/Plugins/Runtime/AndroidDeviceProfileSelector/Binaries/Win64/UE4Editor-AndroidDeviceProfileSelector.dll (API version 3709383).
LogModuleManager: Display: Found up-to-date module file ../../../Engine/Plugins/Runtime/AppleARKit/Binaries/Win64/UE4Editor-AppleARKit.dll (API version 3709383).
LogModuleManager: Display: Found up-to-date module file ../../../Engine/Plugins/Runtime/ArchVisCharacter/Binaries/Win64/UE4Editor-ArchVisCharacter.dll (API version 3709383).
LogModuleManager: Display: Found up-to-date module file ../../../Engine/Plugins/Runtime/CableComponent/Binaries/Win64/UE4Editor-CableComponent.dll (API version 3709383).
LogModuleManager: Display: Found up-to-date module file ../../../Engine/Plugins/Runtime/CustomMeshComponent/Binaries/Win64/UE4Editor-CustomMeshComponent.dll (API version 3709383).
LogModuleManager: Display: Found up-to-date module file ../../../Engine/Plugins/Runtime/ExampleDeviceProfileSelector/Binaries/Win64/UE4Editor-ExampleDeviceProfileSelector.dll (API version 3709383).
LogModuleManager: Display: Found up-to-date module file ../../../Engine/Plugins/Runtime/ImmediatePhysics/Binaries/Win64/UE4Editor-ImmediatePhysics.dll (API version 3709383).
LogModuleManager: Display: Found up-to-date module file ../../../Engine/Plugins/Runtime/ImmediatePhysics/Binaries/Win64/UE4Editor-ImmediatePhysicsEditor.dll (API version 3709383).
LogModuleManager: Display: Found up-to-date module file ../../../Engine/Plugins/Runtime/LocationServicesBPLibrary/Binaries/Win64/UE4Editor-LocationServicesBPLibrary.dll (API version 3709383).
LogModuleManager: Display: Found up-to-date module file ../../../Engine/Plugins/Runtime/MobilePatchingUtils/Binaries/Win64/UE4Editor-MobilePatchingUtils.dll (API version 3709383).
LogModuleManager: Display: Found up-to-date module file ../../../Engine/Plugins/Runtime/Oculus/OculusVR/Binaries/Win64/UE4Editor-OculusHMD.dll (API version 3709383).
LogModuleManager: Display: Found up-to-date module file ../../../Engine/Plugins/Runtime/Oculus/OculusVR/Binaries/Win64/UE4Editor-OculusInput.dll (API version 3709383).
LogModuleManager: Display: Found up-to-date module file ../../../Engine/Plugins/Runtime/Oculus/OculusVR/Binaries/Win64/UE4Editor-OculusEditor.dll (API version 3709383).
LogModuleManager: Display: Found up-to-date module file ../../../Engine/Plugins/Runtime/PhysXVehicles/Binaries/Win64/UE4Editor-PhysXVehicles.dll (API version 3709383).
LogModuleManager: Display: Found up-to-date module file ../../../Engine/Plugins/Runtime/PhysXVehicles/Binaries/Win64/UE4Editor-PhysXVehiclesEditor.dll (API version 3709383).
LogModuleManager: Display: Found up-to-date module file ../../../Engine/Plugins/Runtime/ProceduralMeshComponent/Binaries/Win64/UE4Editor-ProceduralMeshComponent.dll (API version 3709383).
LogModuleManager: Display: Found up-to-date module file ../../../Engine/Plugins/Runtime/ProceduralMeshComponent/Binaries/Win64/UE4Editor-ProceduralMeshComponentEditor.dll (API version 3709383).
LogModuleManager: Display: Found up-to-date module file ../../../Engine/Plugins/Runtime/RuntimePhysXCooking/Binaries/Win64/UE4Editor-RuntimePhysXCooking.dll (API version 3709383).
LogModuleManager: Display: Found up-to-date module file ../../../Engine/Plugins/Runtime/Steam/SteamVR/Binaries/Win64/UE4Editor-SteamVR.dll (API version 3709383).
LogModuleManager: Display: Found up-to-date module file ../../../Engine/Plugins/Runtime/Steam/SteamVR/Binaries/Win64/UE4Editor-SteamVRController.dll (API version 3709383).
LogModuleManager: Display: Found up-to-date module file ../../../Engine/Plugins/Runtime/WindowsMoviePlayer/Binaries/Win64/UE4Editor-WindowsMoviePlayer.dll (API version 3709383).
LogPluginManager: Mounting plugin Paper2D
LogPluginManager: Mounting plugin LightPropagationVolume
LogPluginManager: Mounting plugin CodeLiteSourceCodeAccess
LogPluginManager: Mounting plugin GitSourceControl
LogPluginManager: Mounting plugin KDevelopSourceCodeAccess
LogPluginManager: Mounting plugin NullSourceCodeAccess
LogPluginManager: Mounting plugin PerforceSourceControl
LogPluginManager: Mounting plugin SubversionSourceControl
LogPluginManager: Mounting plugin UObjectPlugin
LogPluginManager: Mounting plugin VisualStudioCodeSourceCodeAccess
LogPluginManager: Mounting plugin VisualStudioSourceCodeAccess
LogPluginManager: Mounting plugin XCodeSourceCodeAccess
LogPluginManager: Mounting plugin AssetManagerEditor
LogPluginManager: Mounting plugin AudioCapture
LogPluginManager: Mounting plugin FacialAnimation
LogPluginManager: Mounting plugin GameplayTagsEditor
LogPluginManager: Mounting plugin MobileLauncherProfileWizard
LogPluginManager: Mounting plugin PluginBrowser
LogPluginManager: Mounting plugin SpeedTreeImporter
LogPluginManager: Mounting plugin AlembicImporter
LogPluginManager: Mounting plugin CharacterAI
LogPluginManager: Mounting plugin HTML5Networking
LogPluginManager: Mounting plugin AndroidMedia
LogPluginManager: Mounting plugin AvfMedia
LogPluginManager: Mounting plugin ImgMedia
LogPluginManager: Mounting plugin MediaCompositing
LogPluginManager: Mounting plugin MediaPlayerEditor
LogPluginManager: Mounting plugin WmfMedia
LogPluginManager: Mounting plugin TcpMessaging
LogPluginManager: Mounting plugin UdpMessaging
LogPluginManager: Mounting plugin ActorSequence
LogPluginManager: Mounting plugin LevelSequenceEditor
LogPluginManager: Mounting plugin MatineeToLevelSequence
LogPluginManager: Mounting plugin OnlineSubsystemGooglePlay
LogPluginManager: Mounting plugin OnlineSubsystemIOS
LogPluginManager: Mounting plugin OnlineSubsystem
LogPluginManager: Mounting plugin OnlineSubsystemNull
LogPluginManager: Mounting plugin OnlineSubsystemUtils
LogPluginManager: Mounting plugin AndroidDeviceProfileSelector
LogPluginManager: Mounting plugin AndroidMoviePlayer
LogPluginManager: Mounting plugin AndroidPermission
LogPluginManager: Mounting plugin AppleARKit
LogPluginManager: Mounting plugin AppleMoviePlayer
LogPluginManager: Mounting plugin ArchVisCharacter
LogPluginManager: Mounting plugin CableComponent
LogPluginManager: Mounting plugin CustomMeshComponent
LogPluginManager: Mounting plugin ExampleDeviceProfileSelector
LogPluginManager: Mounting plugin GoogleCloudMessaging
LogPluginManager: Mounting plugin ImmediatePhysics
LogPluginManager: Mounting plugin IOSDeviceProfileSelector
LogPluginManager: Mounting plugin LinuxDeviceProfileSelector
LogPluginManager: Mounting plugin LocationServicesBPLibrary
LogPluginManager: Mounting plugin MobilePatchingUtils
LogPluginManager: Mounting plugin OculusVR
LogPluginManager: Plugin shader directory ../../../Engine/Plugins/Runtime/Oculus/OculusVR/Shaders found
LogPluginManager: Mapping shader source directory ../../../Engine/Plugins/Runtime/Oculus/OculusVR/Shaders to virtual directory /Plugin/OculusVR
LogPluginManager: Mounting plugin PhysXVehicles
LogPluginManager: Mounting plugin ProceduralMeshComponent
LogPluginManager: Mounting plugin RuntimePhysXCooking
LogPluginManager: Mounting plugin SteamVR
LogPluginManager: Mounting plugin WindowsMoviePlayer
LogInit: Using libcurl 7.47.1
LogInit:  - built for x86_64-pc-win32
LogInit:  - supports SSL with OpenSSL/1.0.2g
LogInit:  - supports HTTP deflate (compression) using libz 1.2.8
LogInit:  - other features:
LogInit:      CURL_VERSION_SSL
LogInit:      CURL_VERSION_LIBZ
LogInit:      CURL_VERSION_IPV6
LogInit:      CURL_VERSION_ASYNCHDNS
LogInit:      CURL_VERSION_LARGEFILE
LogInit:      CURL_VERSION_IDN
LogInit:  CurlRequestOptions (configurable via config and command line):
LogInit:  - bVerifyPeer = false  - Libcurl will NOT verify peer certificate
LogInit:  - bUseHttpProxy = false  - Libcurl will NOT use HTTP proxy
LogInit:  - bDontReuseConnections = false  - Libcurl will reuse connections
LogInit:  - CertBundlePath = nullptr  - Libcurl will use whatever was configured at build time.
LogInit: Build: ++UE4+Release-4.18-CL-3832480
LogInit: Engine Version: 4.18.3-3832480+++UE4+Release-4.18
LogInit: Compatible Engine Version: 4.18.0-3709383+++UE4+Release-4.18
LogInit: Net CL: 3709383
LogDevObjectVersion: Number of dev versions registered: 16
LogDevObjectVersion:   Dev-Blueprints (B0D832E4-1F89-4F0D-ACCF-7EB736FD4AA2): 10
LogDevObjectVersion:   Dev-Build (E1C64328-A22C-4D53-A36C-8E866417BD8C): 0
LogDevObjectVersion:   Dev-Core (375EC13C-06E4-48FB-B500-84F0262A717E): 2
LogDevObjectVersion:   Dev-Editor (E4B068ED-F494-42E9-A231-DA0B2E46BB41): 20
LogDevObjectVersion:   Dev-Framework (CFFC743F-43B0-4480-9391-14DF171D2073): 30
LogDevObjectVersion:   Dev-Mobile (B02B49B5-BB20-44E9-A304-32B752E40360): 0
LogDevObjectVersion:   Dev-Networking (A4E4105C-59A1-49B5-A7C5-40C4547EDFEE): 0
LogDevObjectVersion:   Dev-Online (39C831C9-5AE6-47DC-9A44-9C173E1C8E7C): 0
LogDevObjectVersion:   Dev-Physics (78F01B33-EBEA-4F98-B9B4-84EACCB95AA2): 0
LogDevObjectVersion:   Dev-Platform (6631380F-2D4D-43E0-8009-CF276956A95A): 0
LogDevObjectVersion:   Dev-Rendering (12F88B9F-8875-4AFC-A67C-D90C383ABD29): 20
LogDevObjectVersion:   Dev-Sequencer (7B5AE74C-D270-4C10-A958-57980B212A5A): 4
LogDevObjectVersion:   Dev-VR (D7296918-1DD6-4BDD-9DE2-64A83CC13884): 0
LogDevObjectVersion:   Dev-LoadTimes (C2A15278-BFE7-4AFE-6C17-90FF531DF755): 1
LogDevObjectVersion:   Private-Geometry (6EACA3D4-40EC-4CC1-B786-8BED09428FC5): 1
LogDevObjectVersion:   Dev-AnimPhys (29E575DD-E0A3-4627-9D10-D276232CDCEA): 12
LogInit: Compiled (64-bit): Jan 12 2018 02:04:55
LogInit: Compiled with Visual C++: 19.00.24215.01
LogInit: Build Configuration: Development
LogInit: Branch Name: ++UE4+Release-4.18
LogInit: Command line:  
LogInit: Base directory: D:/Games/Epic Games/UE_4.18/Engine/Binaries/Win64/
LogInit: Installed Engine Build: 1
LogInit: Presizing for max 8388607 objects, including 0 objects not considered by GC, pre-allocating 0 bytes for permanent pool.
LogInit: Object subsystem initialized
[2018.05.14-09.22.15:250][  0]LogInit: Selected Device Profile: [Windows]
[2018.05.14-09.22.15:250][  0]LogInit: Applying CVar settings loaded from the selected device profile: [Windows]
[2018.05.14-09.22.15:278][  0]LogInit: Computer: DESKTOP-5CI3UJP
[2018.05.14-09.22.15:278][  0]LogInit: User: espas
[2018.05.14-09.22.15:279][  0]LogInit: CPU Page size=4096, Cores=4
[2018.05.14-09.22.15:279][  0]LogInit: High frequency timer resolution =2.338447 MHz
[2018.05.14-09.22.15:279][  0]LogMemory: Memory total: Physical=7.9GB (8GB approx)
[2018.05.14-09.22.15:279][  0]LogMemory: Platform Memory Stats for Windows
[2018.05.14-09.22.15:279][  0]LogMemory: Process Physical Memory: 272.78 MB used, 272.78 MB peak
[2018.05.14-09.22.15:279][  0]LogMemory: Process Virtual Memory: 270.16 MB used, 270.16 MB peak
[2018.05.14-09.22.15:279][  0]LogMemory: Physical Memory: 4304.24 MB used,  3776.34 MB free, 8080.58 MB total
[2018.05.14-09.22.15:279][  0]LogMemory: Virtual Memory: 663.92 MB used,  3776.34 MB free, 134217728.00 MB total
[2018.05.14-09.22.15:436][  0]LogInit: Overriding language with editor language configuration option (en).
[2018.05.14-09.22.15:437][  0]LogInit: Overriding locale with editor locale configuration option (en).
[2018.05.14-09.22.15:878][  0]LogInit: Setting process to per monitor DPI aware
[2018.05.14-09.22.16:240][  0]LogD3D11RHI: D3D11 adapters:
[2018.05.14-09.22.16:304][  0]LogD3D11RHI:    0. 'NVIDIA GeForce GTX 660M' (Feature Level 11_0)
[2018.05.14-09.22.16:304][  0]LogD3D11RHI:       2007/0/4040 MB DedicatedVideo/DedicatedSystem/SharedSystem, Outputs:1, VendorId:0x10de
[2018.05.14-09.22.16:309][  0]LogD3D11RHI:    1. 'Intel(R) HD Graphics 4000' (Feature Level 11_0)
[2018.05.14-09.22.16:309][  0]LogD3D11RHI:       32/0/1760 MB DedicatedVideo/DedicatedSystem/SharedSystem, Outputs:0, VendorId:0x8086
[2018.05.14-09.22.16:312][  0]LogD3D11RHI:    2. 'Microsoft Basic Render Driver' (Feature Level 11_0)
[2018.05.14-09.22.16:312][  0]LogD3D11RHI:       0/0/4040 MB DedicatedVideo/DedicatedSystem/SharedSystem, Outputs:0, VendorId:0x1414
[2018.05.14-09.22.16:312][  0]LogD3D11RHI: Chosen D3D11 Adapter: 0
[2018.05.14-09.22.16:319][  0]LogD3D11RHI: Creating new Direct3DDevice
[2018.05.14-09.22.16:319][  0]LogD3D11RHI:     GPU DeviceId: 0xfd4 (for the marketing name, search the web for "GPU Device Id")
[2018.05.14-09.22.16:319][  0]LogWindows: EnumDisplayDevices:
[2018.05.14-09.22.16:319][  0]LogWindows:    0. 'Intel(R) HD Graphics 4000' (P:1 D:1)
[2018.05.14-09.22.16:319][  0]LogWindows:    1. 'Intel(R) HD Graphics 4000' (P:0 D:0)
[2018.05.14-09.22.16:319][  0]LogWindows:    2. 'Intel(R) HD Graphics 4000' (P:0 D:0)
[2018.05.14-09.22.16:320][  0]LogWindows: DebugString: GetVideoDriverDetailsInvalid PrimaryIsNotTheChoosenAdapter GetVideoDriverDetailsInvalid PrimaryIsNotTheChoosenAdapter GetVideoDriverDetailsInvalid PrimaryIsNotTheChoosenAdapter FoundDriverCount:0 
[2018.05.14-09.22.16:320][  0]LogD3D11RHI:     Adapter Name: NVIDIA GeForce GTX 660M
[2018.05.14-09.22.16:320][  0]LogD3D11RHI:   Driver Version: Unknown (internal:Unknown, unified:Unknown)
[2018.05.14-09.22.16:320][  0]LogD3D11RHI:      Driver Date: Unknown
[2018.05.14-09.22.16:320][  0]LogRHI: Texture pool is 1405 MB (70% of 2007 MB)
[2018.05.14-09.22.16:362][  0]LogD3D11RHI: Async texture creation enabled
[2018.05.14-09.22.16:381][  0]LogD3D11RHI: GPU Timing Frequency: 1000.000000 (Debug: 2 2)
[2018.05.14-09.22.16:381][  0]LogShaderCompilers: Guid format shader working directory is -5 characters bigger than the processId version (../../../../../../Documents/Unreal Engine/MJ2Unreal/Intermediate/Shaders/WorkingDirectory/4568/).
[2018.05.14-09.22.16:382][  0]LogShaderCompilers: Cleaned the shader compiler working directory 'C:/Users/espas/AppData/Local/Temp/UnrealShaderWorkingDir/083506954528CD15ED879996C4FC5492/'.
[2018.05.14-09.22.16:382][  0]LogShaderCompilers: Display: Using Local Shader Compiler.
[2018.05.14-09.22.17:534][  0]LogTemp: Display: Loaded TP AllDesktopTargetPlatform
[2018.05.14-09.22.17:597][  0]LogTemp: Display: Loaded TP MacClientTargetPlatform
[2018.05.14-09.22.17:657][  0]LogTemp: Display: Loaded TP MacNoEditorTargetPlatform
[2018.05.14-09.22.17:719][  0]LogTemp: Display: Loaded TP MacServerTargetPlatform
[2018.05.14-09.22.17:784][  0]LogTemp: Display: Loaded TP MacTargetPlatform
[2018.05.14-09.22.17:851][  0]LogTemp: Display: Loaded TP WindowsClientTargetPlatform
[2018.05.14-09.22.17:917][  0]LogTemp: Display: Loaded TP WindowsNoEditorTargetPlatform
[2018.05.14-09.22.17:980][  0]LogTemp: Display: Loaded TP WindowsServerTargetPlatform
[2018.05.14-09.22.18:036][  0]LogTemp: Display: Loaded TP WindowsTargetPlatform
[2018.05.14-09.22.18:103][  0]LogTemp: Display: Loaded TP Android_ASTCTargetPlatform
[2018.05.14-09.22.18:165][  0]LogTemp: Display: Loaded TP Android_ATCTargetPlatform
[2018.05.14-09.22.18:225][  0]LogTemp: Display: Loaded TP Android_DXTTargetPlatform
[2018.05.14-09.22.18:285][  0]LogTemp: Display: Loaded TP Android_ETC1TargetPlatform
[2018.05.14-09.22.18:354][  0]LogTemp: Display: Loaded TP Android_ETC2TargetPlatform
[2018.05.14-09.22.18:479][  0]LogTemp: Display: Loaded TP Android_MultiTargetPlatform
[2018.05.14-09.22.18:479][  0]LogTemp: Display: Loaded TP Android_PVRTCTargetPlatform
[2018.05.14-09.22.18:542][  0]LogTemp: Display: Loaded TP AndroidTargetPlatform
[2018.05.14-09.22.18:587][  0]LogTemp: Display: Loaded TP HTML5TargetPlatform
[2018.05.14-09.22.18:697][  0]LogTemp: Display: Loaded TP IOSTargetPlatform
[2018.05.14-09.22.18:729][  0]LogTemp: Display: Loaded TP TVOSTargetPlatform
[2018.05.14-09.22.18:788][  0]LogTemp: Display: Loaded TP LinuxClientTargetPlatform
[2018.05.14-09.22.18:848][  0]LogTemp: Display: Loaded TP LinuxNoEditorTargetPlatform
[2018.05.14-09.22.18:908][  0]LogTemp: Display: Loaded TP LinuxServerTargetPlatform
[2018.05.14-09.22.18:975][  0]LogTemp: Display: Loaded TP LinuxTargetPlatform
[2018.05.14-09.22.18:975][  0]LogTargetPlatformManager: Display: Building Assets For Windows
[2018.05.14-09.22.19:552][  0]LogDerivedDataCache: Display: Max Cache Size: 512 MB
[2018.05.14-09.22.19:628][  0]LogDerivedDataCache: Loaded boot cache 0.08s 78MB C:/Users/espas/AppData/Local/UnrealEngine/4.18/DerivedDataCache/Boot.ddc.
[2018.05.14-09.22.19:628][  0]LogDerivedDataCache: Display: Loaded Boot cache: C:/Users/espas/AppData/Local/UnrealEngine/4.18/DerivedDataCache/Boot.ddc
[2018.05.14-09.22.19:628][  0]LogDerivedDataCache: FDerivedDataBackendGraph:  Pak pak cache file ../../../../../../Documents/Unreal Engine/MJ2Unreal/DerivedDataCache/DDC.ddp not found, will not use a pak cache.
[2018.05.14-09.22.19:628][  0]LogDerivedDataCache: Unable to find inner node Pak for hierarchical cache Hierarchy.
[2018.05.14-09.22.19:628][  0]LogDerivedDataCache: FDerivedDataBackendGraph:  CompressedPak pak cache file ../../../../../../Documents/Unreal Engine/MJ2Unreal/DerivedDataCache/Compressed.ddp not found, will not use a pak cache.
[2018.05.14-09.22.19:628][  0]LogDerivedDataCache: Unable to find inner node CompressedPak for hierarchical cache Hierarchy.
[2018.05.14-09.22.19:647][  0]LogDerivedDataCache: Display: Pak cache opened for reading ../../../Engine/DerivedDataCache/Compressed.ddp.
[2018.05.14-09.22.19:661][  0]LogDerivedDataCache: Using Local data cache path C:/Users/espas/AppData/Local/UnrealEngine/Common/DerivedDataCache: Writable
[2018.05.14-09.22.19:674][  0]LogMaterial: Verifying Global Shaders for PCD3D_SM5
[2018.05.14-09.22.19:675][  0]LogSlate: Using Freetype 2.6.0
[2018.05.14-09.22.19:675][  0]LogSlate: SlateFontCache - WITH_FREETYPE: 1, WITH_HARFBUZZ: 1
[2018.05.14-09.22.19:675][  0]LogSlate: SlateFontCache - WITH_FREETYPE: 1, WITH_HARFBUZZ: 1
[2018.05.14-09.22.20:216][  0]LogInit: Selected Device Profile: [Windows]
[2018.05.14-09.22.20:628][  0]LogSimplygon: Simplygon DLL not present - disabling.
[2018.05.14-09.22.20:673][  0]LogMeshReduction: Using SimplygonSwarm for distributed automatic mesh merging
[2018.05.14-09.22.20:673][  0]LogMeshReduction: Using QuadricMeshReduction for automatic static mesh reduction
[2018.05.14-09.22.20:673][  0]LogMeshReduction: No automatic skeletal mesh reduction module available
[2018.05.14-09.22.20:673][  0]LogMeshReduction: No automatic mesh merging module available
[2018.05.14-09.22.20:674][  0]LogMeshMerging: No automatic mesh merging module available
[2018.05.14-09.22.20:718][  0]LogNetVersion: MyProject4 , NetCL: 3709383, EngineNetVer: 2, GameNetVer: 0 (Checksum: 1714626933)
[2018.05.14-09.22.20:923][  0]LogAssetRegistry: FAssetRegistry took 0.0277 seconds to start up
[2018.05.14-09.22.21:508][  0]LogPackageLocalizationCache: Processed 7 localized package path(s) for 1 prioritized culture(s) in 0.037158 seconds
[2018.05.14-09.22.21:514][  0]LogUObjectArray: 35870 objects as part of root set at end of initial load.
[2018.05.14-09.22.21:514][  0]LogUObjectAllocator: 7363696 out of 0 bytes used by permanent object pool.
[2018.05.14-09.22.21:514][  0]LogUObjectArray: CloseDisregardForGC: 0/0 objects in disregard for GC pool
[2018.05.14-09.22.21:575][  0]LogInit: WinSock: version 1.1 (2.2), MaxSocks=32767, MaxUdp=65467
[2018.05.14-09.22.24:963][  0]LogTcpMessaging: Initializing TcpMessaging bridge
[2018.05.14-09.22.25:014][  0]LogUdpMessaging: Initializing bridge on interface 0.0.0.0:0 to multicast group 230.0.0.1:6666.
[2018.05.14-09.22.25:887][  0]LogMaterial: Uniform references updated for custom material expression Custom.
[2018.05.14-09.22.26:406][  0]SourceControl: Source control is disabled
[2018.05.14-09.22.26:407][  0]SourceControl: Source control is disabled
[2018.05.14-09.22.26:483][  0]SourceControl: Source control is disabled
[2018.05.14-09.22.26:556][  0]SourceControl: Source control is disabled
[2018.05.14-09.22.27:636][  0]LogAndroidPermission: UAndroidPermissionCallbackProxy::GetInstance
[2018.05.14-09.22.27:990][  0]LogOcInput: OculusInput pre-init called
[2018.05.14-09.22.28:355][  0]LogEngine: Initializing Engine...
[2018.05.14-09.22.28:363][  0]LogHMD: Failed to initialize OpenVR with code 105
[2018.05.14-09.22.28:611][  0]LogStats: UGameplayTagsManager::ConstructGameplayTagTree: Construct from data asset -  0.000 s
[2018.05.14-09.22.28:611][  0]LogStats: UGameplayTagsManager::ConstructGameplayTagTree: GameplayTagTreeChangedEvent.Broadcast -  0.000 s
[2018.05.14-09.22.28:767][  0]LogAIModule: Creating AISystem for world Untitled
[2018.05.14-09.22.28:782][  0]LogInit: XAudio2 using 'Altavoces (Realtek High Definition Audio)' : 2 channels at 48 kHz using 32 bits per sample (channel mask 0x3)
[2018.05.14-09.22.28:802][  0]LogInit: FAudioDevice initialized.
[2018.05.14-09.22.28:889][  0]LogDerivedDataCache: Saved boot cache 0.09s 78MB C:/Users/espas/AppData/Local/UnrealEngine/4.18/DerivedDataCache/Boot.ddc.
[2018.05.14-09.22.28:904][  0]LogInit: Texture streaming: Enabled
[2018.05.14-09.22.29:027][  0]LogEngineSessionManager: EngineSessionManager initialized
[2018.05.14-09.22.29:179][  0]LogInit: Transaction tracking system initialized
[2018.05.14-09.22.29:539][  0]BlueprintLog: New page: Editor Load
[2018.05.14-09.22.30:601][  0]LocalizationService: Localization service is disabled
[2018.05.14-09.22.31:234][  0]LogLinker: Warning: Can't find file '/Game/ThirdPersonBP/ThirdPersonOverview'
[2018.05.14-09.22.31:234][  0]LogLinker: Warning: Can't find file '/Game/ThirdPersonBP/ThirdPersonOverview'
[2018.05.14-09.22.31:234][  0]LogUObjectGlobals: Warning: Failed to find object 'Class /Game/ThirdPersonBP/ThirdPersonOverview.ThirdPersonOverview_C'
[2018.05.14-09.22.31:518][  0]LogConsoleResponse: Display: 
[2018.05.14-09.22.31:766][  0]LogCook: Display: Max memory allowance for cook 16384mb min free memory 0mb
[2018.05.14-09.22.31:767][  0]LogCook: Display: Mobile HDR setting 1
[2018.05.14-09.22.31:767][  0]LogGameplayTags: Display: UGameplayTagsManager::DoneAddingNativeTags. DelegateIsBound: 0
[2018.05.14-09.22.31:959][  0]LogFileCache: Scanning file cache for directory 'D:/Documents/Unreal Engine/MJ2Unreal/Content/' took 0.01s
[2018.05.14-09.22.33:268][  0]SourceControl: Source control is disabled
[2018.05.14-09.22.33:269][  0]Cmd: MAP LOAD FILE="../../../../../../Documents/Unreal Engine/MJ2Unreal/Content/ThirdPersonBP/Maps/ThirdPersonExampleMap.umap" TEMPLATE=0 SHOWPROGRESS=1 FEATURELEVEL=3
[2018.05.14-09.22.33:269][  0]LogEditorServer: Warning: Can't find file '../../../../../../Documents/Unreal Engine/MJ2Unreal/Content/ThirdPersonBP/Maps/ThirdPersonExampleMap.umap'
[2018.05.14-09.22.33:269][  0]Cmd: MAP CHECKDEP NOCLEARLOG
[2018.05.14-09.22.33:331][  0]MapCheck: Map check complete: 0 Error(s), 0 Warning(s), took 61.605ms to complete.
[2018.05.14-09.22.33:331][  0]LogFileHelpers: Loading map 'ThirdPersonExampleMap' took 0.062
[2018.05.14-09.22.33:388][  0]LogWindowsTextInputMethodSystem: Display: IME system now deactivated.
[2018.05.14-09.22.33:549][  0]LogCollectionManager: Loaded 0 collections in 0.054618 seconds
[2018.05.14-09.22.33:646][  0]LogFileCache: Scanning file cache for directory 'D:/Documents/Unreal Engine/MJ2Unreal/Saved/Collections/' took 0.01s
[2018.05.14-09.22.33:646][  0]LogFileCache: Scanning file cache for directory 'D:/Documents/Unreal Engine/MJ2Unreal/Content/Developers/espas/Collections/' took 0.01s
[2018.05.14-09.22.33:646][  0]LogFileCache: Scanning file cache for directory 'D:/Documents/Unreal Engine/MJ2Unreal/Content/Collections/' took 0.01s
[2018.05.14-09.22.33:646][  0]LogCollectionManager: Rebuilt the GUID cache for 0 collections in 0.000000 seconds
[2018.05.14-09.22.33:660][  0]LogContentBrowser: Native class hierarchy populated in 0.0141 seconds. Added 2363 classes and 519 folders.
[2018.05.14-09.22.33:739][  0]LogContentBrowser: Native class hierarchy updated for 'WidgetCarousel' in 0.0003 seconds. Added 0 classes and 0 folders.
[2018.05.14-09.22.33:804][  0]LogContentBrowser: Native class hierarchy updated for 'AddContentDialog' in 0.0003 seconds. Added 0 classes and 0 folders.
[2018.05.14-09.22.33:855][  0]LogContentBrowser: Native class hierarchy updated for 'SceneOutliner' in 0.0003 seconds. Added 1 classes and 2 folders.
[2018.05.14-09.22.33:976][  0]LogSlate: Took 0.000339 seconds to synchronously load lazily loaded font '../../../Engine/Content/Slate/Fonts/Roboto-Regular.ttf' (155K)
[2018.05.14-09.22.33:980][  0]LogSlate: Took 0.000355 seconds to synchronously load lazily loaded font '../../../Engine/Content/Slate/Fonts/Roboto-Bold.ttf' (160K)
[2018.05.14-09.22.33:988][  0]LogSlate: Took 0.000360 seconds to synchronously load lazily loaded font '../../../Engine/Content/Editor/Slate/Fonts/FontAwesome.ttf' (139K)
[2018.05.14-09.22.34:103][  0]LogRenderer: Reallocating scene render targets to support 1112x612 Format 10 NumSamples 1 (Frame:1).
[2018.05.14-09.22.34:382][  0]LogContentBrowser: Native class hierarchy updated for 'HierarchicalLODOutliner' in 0.0003 seconds. Added 1 classes and 2 folders.
[2018.05.14-09.22.34:382][  0]LogLoad: (Engine Initialization) Total time: 22.66 seconds
[2018.05.14-09.22.34:382][  0]LogLoad: (Engine Initialization) Total Blueprint compile time: 0.00 seconds
[2018.05.14-09.22.34:382][  0]LogExternalProfiler: Found external profiler: VSPerf
[2018.05.14-09.22.34:382][  0]LogExternalProfiler: Using external profiler: VSPerf
[2018.05.14-09.22.34:424][  0]LogContentStreaming: Texture pool size now 1000 MB
[2018.05.14-09.22.34:469][  1]LogFileCache: Retrieving MD5 hashes for directory 'D:/Documents/Unreal Engine/MJ2Unreal/Content/' took 0.07s
[2018.05.14-09.22.34:482][  1]LogAssetRegistry: Asset discovery search completed in 13.5818 seconds
[2018.05.14-09.22.34:484][  1]LogCollectionManager: Rebuilt the object cache for 0 collections in 0.000000 seconds (found 0 objects)
[2018.05.14-09.22.34:484][  1]LogCollectionManager: Fixed up redirectors for 0 collections in 0.000055 seconds (updated 0 objects)
[2018.05.14-09.22.38:544][370]LogSlate: Took 0.000254 seconds to synchronously load lazily loaded font '../../../Engine/Content/Slate/Fonts/Roboto-Light.ttf' (159K)
[2018.05.14-09.23.10:758][439]LogTemp: Executing iPhonePackager certificates Engine -bundlename com.YourCompany.MyProject4
[2018.05.14-09.23.10:758][439]LogTemp: CWD: D:\Games\Epic Games\UE_4.18\Engine\Binaries\DotNET\IOS
[2018.05.14-09.23.10:758][439]LogTemp: Initial Dir: D:\Games\Epic Games\UE_4.18
[2018.05.14-09.23.10:758][439]LogTemp: Env CWD: D:\Games\Epic Games\UE_4.18\Engine\Binaries\DotNET\IOS
[2018.05.14-09.23.10:758][439]LogTemp: BranchPath = DESKTOP-5CI3UJP/D/Games/Epic Games/UE_4.18/Engine/Binaries --- GameBranchPath = DESKTOP-5CI3UJP/D/Games/Epic Games/UE_4.18/Engine/Binaries
[2018.05.14-09.23.10:758][439]LogTemp: IPP ERROR: Could not find provision directory 'C:\Users\espas\AppData\Local/Apple Computer/MobileDevice/Provisioning Profiles/'.
[2018.05.14-09.23.10:758][439]LogSlate: Only BGRA pngs, bmps or icos are supported in by External Image Picker
[2018.05.14-09.23.22:398][604]LogLinker: Warning: Can't find file '/Game/ThirdPersonBP/Blueprints/ThirdPersonGameMode'
[2018.05.14-09.23.22:398][604]LogLinker: Warning: Can't find file '/Game/ThirdPersonBP/Blueprints/ThirdPersonGameMode'
[2018.05.14-09.23.22:398][604]LogUObjectGlobals: Warning: Failed to find object 'Class /Game/ThirdPersonBP/Blueprints/ThirdPersonGameMode.ThirdPersonGameMode_C'
[2018.05.14-09.23.24:032][741]LogSlate: Took 0.000290 seconds to synchronously load lazily loaded font '../../../Engine/Content/Slate/Fonts/Roboto-Light.ttf' (159K)
[2018.05.14-09.25.46:797][935]Cmd: OBJ SAVEPACKAGE PACKAGE="/Game/Textures/T_FireLight_Ambient" FILE="../../../../../../Documents/Unreal Engine/MJ2Unreal/Content/Textures/T_FireLight_Ambient.uasset" SILENT=true
[2018.05.14-09.25.46:807][935]LogSavePackage: Save=8.38ms
[2018.05.14-09.25.46:808][935]LogSavePackage: Moving '../../../../../../Documents/Unreal Engine/MJ2Unreal/Saved/T_FireLight_Ambient034007294DE0FEDF3C725D9A2FAC22FD.tmp' to '../../../../../../Documents/Unreal Engine/MJ2Unreal/Content/Textures/T_FireLight_Ambient.uasset'
[2018.05.14-09.25.46:811][935]LogSavePackage: Display: Finished SavePackage ../../../../../../Documents/Unreal Engine/MJ2Unreal/Content/Textures/T_FireLight_Ambient.uasset
[2018.05.14-09.25.46:815][935]Cmd: OBJ SAVEPACKAGE PACKAGE="/Game/Textures/FireLightAmbient" FILE="../../../../../../Documents/Unreal Engine/MJ2Unreal/Content/Textures/FireLightAmbient.uasset" SILENT=true
[2018.05.14-09.25.47:204][935]LogSavePackage: Save=2.80ms
[2018.05.14-09.25.47:204][935]LogSavePackage: Moving '../../../../../../Documents/Unreal Engine/MJ2Unreal/Saved/FireLightAmbientA46DACF74B95B9D23ADF1AA9842FB450.tmp' to '../../../../../../Documents/Unreal Engine/MJ2Unreal/Content/Textures/FireLightAmbient.uasset'
[2018.05.14-09.25.47:208][935]LogSavePackage: Display: Finished SavePackage ../../../../../../Documents/Unreal Engine/MJ2Unreal/Content/Textures/FireLightAmbient.uasset
[2018.05.14-09.26.11:082][477]LogMaterial: Missing cached shader map for material M_RustyMetal_2, compiling. 
[2018.05.14-09.26.11:225][477]LogMaterial: Missing cached shader map for material M_RustyMetal_1, compiling. 
[2018.05.14-09.26.11:264][477]LogMaterial: Missing cached shader map for material M_OldWood_1, compiling. 
[2018.05.14-09.26.11:386][477]Cmd: OBJ SAVEPACKAGE PACKAGE="/Game/ParticleSystems/Fire" FILE="../../../../../../Documents/Unreal Engine/MJ2Unreal/Content/ParticleSystems/Fire.uasset" SILENT=true
[2018.05.14-09.26.11:552][477]LogSavePackage: Save=164.24ms
[2018.05.14-09.26.11:552][477]LogSavePackage: Moving '../../../../../../Documents/Unreal Engine/MJ2Unreal/Saved/Fire6FAB3B5C42F1D6F61A95D2B11E984EB0.tmp' to '../../../../../../Documents/Unreal Engine/MJ2Unreal/Content/ParticleSystems/Fire.uasset'
[2018.05.14-09.26.11:556][477]LogSavePackage: Display: Finished SavePackage ../../../../../../Documents/Unreal Engine/MJ2Unreal/Content/ParticleSystems/Fire.uasset
[2018.05.14-09.26.12:070][477]Cmd: OBJ SAVEPACKAGE PACKAGE="/Game/Blueprints/BP_Torch" FILE="../../../../../../Documents/Unreal Engine/MJ2Unreal/Content/Blueprints/BP_Torch.uasset" SILENT=true
[2018.05.14-09.26.12:157][477]LogSavePackage: Save=79.52ms
[2018.05.14-09.26.12:157][477]LogSavePackage: Moving '../../../../../../Documents/Unreal Engine/MJ2Unreal/Saved/BP_TorchE28965A84F8E333FB0F3EAA5BCD98BF4.tmp' to '../../../../../../Documents/Unreal Engine/MJ2Unreal/Content/Blueprints/BP_Torch.uasset'
[2018.05.14-09.26.12:161][477]LogSavePackage: Display: Finished SavePackage ../../../../../../Documents/Unreal Engine/MJ2Unreal/Content/Blueprints/BP_Torch.uasset
[2018.05.14-09.26.18:634][ 23]Cmd: OBJ SAVEPACKAGE PACKAGE="/Game/ParticleSystems/PS_Fire" FILE="../../../../../../Documents/Unreal Engine/MJ2Unreal/Content/ParticleSystems/PS_Fire.uasset" SILENT=true
[2018.05.14-09.26.18:650][ 23]LogSavePackage: Save=14.12ms
[2018.05.14-09.26.18:650][ 23]LogSavePackage: Moving '../../../../../../Documents/Unreal Engine/MJ2Unreal/Saved/PS_FireBE0FBBF64251ED6B1AC7BE9491327185.tmp' to '../../../../../../Documents/Unreal Engine/MJ2Unreal/Content/ParticleSystems/PS_Fire.uasset'
[2018.05.14-09.26.18:654][ 23]LogSavePackage: Display: Finished SavePackage ../../../../../../Documents/Unreal Engine/MJ2Unreal/Content/ParticleSystems/PS_Fire.uasset
[2018.05.14-09.26.18:834][ 23]Cmd: OBJ SAVEPACKAGE PACKAGE="/Game/Blueprints/BP_Torch" FILE="../../../../../../Documents/Unreal Engine/MJ2Unreal/Content/Blueprints/BP_Torch.uasset" SILENT=true
[2018.05.14-09.26.18:910][ 23]LogSavePackage: Save=70.36ms
[2018.05.14-09.26.18:910][ 23]LogSavePackage: Moving '../../../../../../Documents/Unreal Engine/MJ2Unreal/Saved/BP_Torch4E1EF2C245A7E1FA24EBBDBD158B266E.tmp' to '../../../../../../Documents/Unreal Engine/MJ2Unreal/Content/Blueprints/BP_Torch.uasset'
[2018.05.14-09.26.18:914][ 23]LogSavePackage: Display: Finished SavePackage ../../../../../../Documents/Unreal Engine/MJ2Unreal/Content/Blueprints/BP_Torch.uasset
[2018.05.14-09.26.40:525][775]Cmd: OBJ SAVEPACKAGE PACKAGE="/Game/Textures/M_Smoke" FILE="../../../../../../Documents/Unreal Engine/MJ2Unreal/Content/Textures/M_Smoke.uasset" SILENT=true
[2018.05.14-09.26.40:540][775]LogSavePackage: Save=13.41ms
[2018.05.14-09.26.40:540][775]LogSavePackage: Moving '../../../../../../Documents/Unreal Engine/MJ2Unreal/Saved/M_Smoke84D0C6FC4B9E1CC9FC71308E8ADEA113.tmp' to '../../../../../../Documents/Unreal Engine/MJ2Unreal/Content/Textures/M_Smoke.uasset'
[2018.05.14-09.26.40:544][775]LogSavePackage: Display: Finished SavePackage ../../../../../../Documents/Unreal Engine/MJ2Unreal/Content/Textures/M_Smoke.uasset
[2018.05.14-09.26.40:650][775]Cmd: OBJ SAVEPACKAGE PACKAGE="/Game/Textures/instance_MAT_Smoke" FILE="../../../../../../Documents/Unreal Engine/MJ2Unreal/Content/Textures/instance_MAT_Smoke.uasset" SILENT=true
[2018.05.14-09.26.40:667][775]LogSavePackage: Save=10.07ms
[2018.05.14-09.26.40:667][775]LogSavePackage: Moving '../../../../../../Documents/Unreal Engine/MJ2Unreal/Saved/instance_MAT_Smoke2B08041348911AC91286F0B3756CBD78.tmp' to '../../../../../../Documents/Unreal Engine/MJ2Unreal/Content/Textures/instance_MAT_Smoke.uasset'
[2018.05.14-09.26.40:669][775]LogSavePackage: Display: Finished SavePackage ../../../../../../Documents/Unreal Engine/MJ2Unreal/Content/Textures/instance_MAT_Smoke.uasset
[2018.05.14-09.26.45:398][246]Cmd: OBJ SAVEPACKAGE PACKAGE="/Game/Materials/M_Smoke" FILE="../../../../../../Documents/Unreal Engine/MJ2Unreal/Content/Materials/M_Smoke.uasset" SILENT=true
[2018.05.14-09.26.45:413][246]LogSavePackage: Save=13.26ms
[2018.05.14-09.26.45:414][246]LogSavePackage: Moving '../../../../../../Documents/Unreal Engine/MJ2Unreal/Saved/M_SmokeFD54EFE743BA1F6B80FBC5A78308F885.tmp' to '../../../../../../Documents/Unreal Engine/MJ2Unreal/Content/Materials/M_Smoke.uasset'
[2018.05.14-09.26.45:417][246]LogSavePackage: Display: Finished SavePackage ../../../../../../Documents/Unreal Engine/MJ2Unreal/Content/Materials/M_Smoke.uasset
[2018.05.14-09.26.45:502][246]Cmd: OBJ SAVEPACKAGE PACKAGE="/Game/Textures/instance_MAT_Smoke" FILE="../../../../../../Documents/Unreal Engine/MJ2Unreal/Content/Textures/instance_MAT_Smoke.uasset" SILENT=true
[2018.05.14-09.26.45:510][246]LogSavePackage: Save=2.42ms
[2018.05.14-09.26.45:510][246]LogSavePackage: Moving '../../../../../../Documents/Unreal Engine/MJ2Unreal/Saved/instance_MAT_Smoke31460446433530E5967E11BE9F80BEC0.tmp' to '../../../../../../Documents/Unreal Engine/MJ2Unreal/Content/Textures/instance_MAT_Smoke.uasset'
[2018.05.14-09.26.45:512][246]LogSavePackage: Display: Finished SavePackage ../../../../../../Documents/Unreal Engine/MJ2Unreal/Content/Textures/instance_MAT_Smoke.uasset
[2018.05.14-09.26.49:401][661]Cmd: OBJ SAVEPACKAGE PACKAGE="/Game/Materials/instance_MAT_Smoke" FILE="../../../../../../Documents/Unreal Engine/MJ2Unreal/Content/Materials/instance_MAT_Smoke.uasset" SILENT=true
[2018.05.14-09.26.49:413][661]LogSavePackage: Save=9.69ms
[2018.05.14-09.26.49:413][661]LogSavePackage: Moving '../../../../../../Documents/Unreal Engine/MJ2Unreal/Saved/instance_MAT_Smoke3542FD0C443EB543B2DA69A7DD81DB79.tmp' to '../../../../../../Documents/Unreal Engine/MJ2Unreal/Content/Materials/instance_MAT_Smoke.uasset'
[2018.05.14-09.26.49:416][661]LogSavePackage: Display: Finished SavePackage ../../../../../../Documents/Unreal Engine/MJ2Unreal/Content/Materials/instance_MAT_Smoke.uasset
[2018.05.14-09.26.49:502][661]Cmd: OBJ SAVEPACKAGE PACKAGE="/Game/ParticleSystems/PS_Fire" FILE="../../../../../../Documents/Unreal Engine/MJ2Unreal/Content/ParticleSystems/PS_Fire.uasset" SILENT=true
[2018.05.14-09.26.49:549][661]LogSavePackage: Save=38.98ms
[2018.05.14-09.26.49:549][661]LogSavePackage: Moving '../../../../../../Documents/Unreal Engine/MJ2Unreal/Saved/PS_FireD2C4F5E545699FA8BDC537974831CE91.tmp' to '../../../../../../Documents/Unreal Engine/MJ2Unreal/Content/ParticleSystems/PS_Fire.uasset'
[2018.05.14-09.26.49:550][661]LogSavePackage: Display: Finished SavePackage ../../../../../../Documents/Unreal Engine/MJ2Unreal/Content/ParticleSystems/PS_Fire.uasset
[2018.05.14-09.27.12:453][948]Cmd: OBJ SAVEPACKAGE PACKAGE="/Game/Materials/M_Smoke_Instance" FILE="../../../../../../Documents/Unreal Engine/MJ2Unreal/Content/Materials/M_Smoke_Instance.uasset" SILENT=true
[2018.05.14-09.27.12:465][948]LogSavePackage: Save=9.88ms
[2018.05.14-09.27.12:465][948]LogSavePackage: Moving '../../../../../../Documents/Unreal Engine/MJ2Unreal/Saved/M_Smoke_Instance421184C241349459EC7A2E9A236ACA08.tmp' to '../../../../../../Documents/Unreal Engine/MJ2Unreal/Content/Materials/M_Smoke_Instance.uasset'
[2018.05.14-09.27.12:468][948]LogSavePackage: Display: Finished SavePackage ../../../../../../Documents/Unreal Engine/MJ2Unreal/Content/Materials/M_Smoke_Instance.uasset
[2018.05.14-09.27.12:559][948]Cmd: OBJ SAVEPACKAGE PACKAGE="/Game/ParticleSystems/PS_Fire" FILE="../../../../../../Documents/Unreal Engine/MJ2Unreal/Content/ParticleSystems/PS_Fire.uasset" SILENT=true
[2018.05.14-09.27.12:574][948]LogSavePackage: Save=9.13ms
[2018.05.14-09.27.12:575][948]LogSavePackage: Moving '../../../../../../Documents/Unreal Engine/MJ2Unreal/Saved/PS_Fire96FF1C2249EB8AA86013A5904CD78D60.tmp' to '../../../../../../Documents/Unreal Engine/MJ2Unreal/Content/ParticleSystems/PS_Fire.uasset'
[2018.05.14-09.27.12:576][948]LogSavePackage: Display: Finished SavePackage ../../../../../../Documents/Unreal Engine/MJ2Unreal/Content/ParticleSystems/PS_Fire.uasset
[2018.05.14-09.27.32:731][993]LogSlate: Only BGRA pngs, bmps or icos are supported in by External Image Picker
[2018.05.14-09.27.32:827][996]LogTemp: Executing iPhonePackager certificates Engine -bundlename com.YourCompany.MyProject4
[2018.05.14-09.27.32:840][997]LogTemp: CWD: D:\Games\Epic Games\UE_4.18\Engine\Binaries\DotNET\IOS
[2018.05.14-09.27.32:840][997]LogTemp: Initial Dir: D:\Games\Epic Games\UE_4.18
[2018.05.14-09.27.32:840][997]LogTemp: Env CWD: D:\Games\Epic Games\UE_4.18\Engine\Binaries\DotNET\IOS
[2018.05.14-09.27.32:840][997]LogTemp: BranchPath = DESKTOP-5CI3UJP/D/Games/Epic Games/UE_4.18/Engine/Binaries --- GameBranchPath = DESKTOP-5CI3UJP/D/Games/Epic Games/UE_4.18/Engine/Binaries
[2018.05.14-09.27.32:851][997]LogTemp: IPP ERROR: Could not find provision directory 'C:\Users\espas\AppData\Local/Apple Computer/MobileDevice/Provisioning Profiles/'.
[2018.05.14-09.27.43:056][918]LogSlate: Warning: Prevented a slow task dialog from being summoned while a context menu was open
[2018.05.14-09.27.58:790][422]LogSlate: Took 0.000218 seconds to synchronously load lazily loaded font '../../../Engine/Content/Slate/Fonts/Roboto-Regular.ttf' (155K)
[2018.05.14-09.27.59:460][422]LogLinker: Warning: Can't find file '/Game/skyBLACK'
[2018.05.14-09.27.59:460][422]LogLinker: Warning: Can't find file for asset '/Game/skyBLACK' while loading ../../../Engine/Content/EngineSky/BP_Sky_Sphere.uasset.
[2018.05.14-09.27.59:461][422]LoadErrors: Error: /Engine/EngineSky/BP_Sky_Sphere : Can't find file for asset. /Game/skyBLACK
[2018.05.14-09.27.59:484][422]LogLinker: Warning: Can't find file '/Game/skyBLACK'
[2018.05.14-09.27.59:484][422]LogLinker: Warning: Can't find file for asset '/Game/skyBLACK' while loading ../../../Engine/Content/EngineSky/BP_Sky_Sphere.uasset.
[2018.05.14-09.27.59:487][422]LogLinker: Warning: Can't find file '/Game/skyBLACK'
[2018.05.14-09.27.59:487][422]LogLinker: Warning: Can't find file for asset '/Game/skyBLACK' while loading ../../../../../../Documents/Unreal Engine/MJ2Unreal/Content/Levels/ThirdPersonExampleMap.umap.
[2018.05.14-09.27.59:487][422]LoadErrors: Error: /Game/Levels/ThirdPersonExampleMap : Can't find file for asset. /Game/skyBLACK
[2018.05.14-09.27.59:487][422]LogLinker: Warning: Can't find file '/Game/skyBLACK'
[2018.05.14-09.27.59:487][422]LogLinker: Warning: Can't find file for asset '/Game/skyBLACK' while loading ../../../../../../Documents/Unreal Engine/MJ2Unreal/Content/Levels/ThirdPersonExampleMap.umap.
[2018.05.14-09.27.59:495][422]LogLinker: Warning: Can't find file '/Game/skyBLACK'
[2018.05.14-09.27.59:495][422]LoadErrors: Failed to load /Game/skyBLACK.skyBLACK Referenced by K2Node_CallFunction_40283
[2018.05.14-09.27.59:495][422]LogLinker: Warning: Can't find file for asset '/Game/skyBLACK' while loading ../../../../../../Documents/Unreal Engine/MJ2Unreal/Content/Levels/ThirdPersonExampleMap.umap.
[2018.05.14-09.28.00:579][422]LogAIModule: Creating AISystem for world ThirdPersonExampleMap
[2018.05.14-09.28.05:466][836]LogSlate: Took 0.000193 seconds to synchronously load lazily loaded font '../../../Engine/Content/Slate/Fonts/Roboto-Light.ttf' (159K)
[2018.05.14-09.28.24:970][693]LogWindowsTextInputMethodSystem: Display: IME system now deactivated.
[2018.05.14-09.28.25:153][694]Cmd: QUIT_EDITOR
[2018.05.14-09.28.25:185][694]LogExit: Preparing to exit.
[2018.05.14-09.28.26:179][694]LogDirectoryWatcher: A directory notification for 'D:/Documents/Unreal Engine/MJ2Unreal/Content/' was aborted.
[2018.05.14-09.28.26:195][694]LogExit: Editor shut down
[2018.05.14-09.28.26:199][694]LogExit: Transaction tracking system shut down
[2018.05.14-09.28.26:375][694]LogDirectoryWatcher: A directory notification for '../../../Engine/Content/' was aborted.
[2018.05.14-09.28.26:375][694]LogDirectoryWatcher: A directory notification for '../../../../../../Documents/Unreal Engine/MJ2Unreal/Content/' was aborted.
[2018.05.14-09.28.26:376][694]LogDirectoryWatcher: A directory notification for '../../../Engine/Plugins/2D/Paper2D/Content/' was aborted.
[2018.05.14-09.28.26:376][694]LogDirectoryWatcher: A directory notification for '../../../Engine/Plugins/Media/MediaCompositing/Content/' was aborted.
[2018.05.14-09.28.26:376][694]LogDirectoryWatcher: A directory notification for '../../../Engine/Plugins/Runtime/AppleARKit/Content/' was aborted.
[2018.05.14-09.28.26:376][694]LogDirectoryWatcher: A directory notification for '../../../Engine/Plugins/Runtime/Oculus/OculusVR/Content/' was aborted.
[2018.05.14-09.28.26:376][694]LogDirectoryWatcher: A directory notification for '../../../Engine/Plugins/Runtime/Steam/SteamVR/Content/' was aborted.
[2018.05.14-09.28.26:428][694]LogExit: Object subsystem successfully closed.
[2018.05.14-09.28.26:449][694]LogD3D11RHI: Shutdown
[2018.05.14-09.28.26:449][694]LogD3D11RHI: CleanupD3DDevice
[2018.05.14-09.28.26:451][694]LogD3D11RHI: ~FD3D11DynamicRHI
[2018.05.14-09.28.26:461][694]LogModuleManager: Shutting down and abandoning module ExternalImagePicker (548)
[2018.05.14-09.28.26:461][694]LogModuleManager: Shutting down and abandoning module HierarchicalLODOutliner (546)
[2018.05.14-09.28.26:461][694]LogModuleManager: Shutting down and abandoning module SceneOutliner (544)
[2018.05.14-09.28.26:461][694]LogModuleManager: Shutting down and abandoning module AddContentDialog (542)
[2018.05.14-09.28.26:461][694]LogDirectoryWatcher: A directory notification for 'D:/Games/Epic Games/UE_4.18/FeaturePacks/' was aborted.
[2018.05.14-09.28.26:462][694]LogModuleManager: Shutting down and abandoning module WidgetCarousel (541)
[2018.05.14-09.28.26:462][694]LogModuleManager: Shutting down and abandoning module EditorWidgets (538)
[2018.05.14-09.28.26:462][694]LogModuleManager: Shutting down and abandoning module CollectionManager (536)
[2018.05.14-09.28.26:462][694]LogDirectoryWatcher: A directory notification for 'D:/Documents/Unreal Engine/MJ2Unreal/Content/Collections/' was aborted.
[2018.05.14-09.28.26:463][694]LogDirectoryWatcher: A directory notification for 'D:/Documents/Unreal Engine/MJ2Unreal/Content/Developers/espas/Collections/' was aborted.
[2018.05.14-09.28.26:463][694]LogDirectoryWatcher: A directory notification for 'D:/Documents/Unreal Engine/MJ2Unreal/Saved/Collections/' was aborted.
[2018.05.14-09.28.26:463][694]LogModuleManager: Shutting down and abandoning module FoliageEdit (534)
[2018.05.14-09.28.26:463][694]LogModuleManager: Shutting down and abandoning module LandscapeEditor (532)
[2018.05.14-09.28.26:463][694]LogModuleManager: Shutting down and abandoning module MeshPaintMode (530)
[2018.05.14-09.28.26:463][694]LogModuleManager: Shutting down and abandoning module SceneDepthPickerMode (528)
[2018.05.14-09.28.26:463][694]LogModuleManager: Shutting down and abandoning module ActorPickerMode (526)
[2018.05.14-09.28.26:463][694]LogModuleManager: Shutting down and abandoning module GeometryMode (524)
[2018.05.14-09.28.26:463][694]LogModuleManager: Shutting down and abandoning module TextureAlignMode (522)
[2018.05.14-09.28.26:463][694]LogModuleManager: Shutting down and abandoning module BspMode (520)
[2018.05.14-09.28.26:463][694]LogModuleManager: Shutting down and abandoning module PIEPreviewDeviceProfileSelector (518)
[2018.05.14-09.28.26:463][694]LogModuleManager: Shutting down and abandoning module HardwareSurvey (516)
[2018.05.14-09.28.26:463][694]LogModuleManager: Shutting down and abandoning module SequenceRecorderSections (514)
[2018.05.14-09.28.26:463][694]LogModuleManager: Shutting down and abandoning module AutomationWorker (512)
[2018.05.14-09.28.26:463][694]LogModuleManager: Shutting down and abandoning module MatineeToLevelSequence (510)
[2018.05.14-09.28.26:463][694]LogModuleManager: Shutting down and abandoning module LevelSequenceEditor (508)
[2018.05.14-09.28.26:463][694]LogModuleManager: Shutting down and abandoning module PlacementMode (507)
[2018.05.14-09.28.26:463][694]LogModuleManager: Shutting down and abandoning module WmfMediaFactory (504)
[2018.05.14-09.28.26:463][694]LogModuleManager: Shutting down and abandoning module WmfMediaEditor (502)
[2018.05.14-09.28.26:463][694]LogModuleManager: Shutting down and abandoning module OpenExrWrapper (500)
[2018.05.14-09.28.26:463][694]LogModuleManager: Shutting down and abandoning module ImgMediaFactory (498)
[2018.05.14-09.28.26:463][694]LogModuleManager: Shutting down and abandoning module ImgMediaEditor (496)
[2018.05.14-09.28.26:463][694]LogModuleManager: Shutting down and abandoning module AvfMediaFactory (494)
[2018.05.14-09.28.26:463][694]LogModuleManager: Shutting down and abandoning module AvfMediaEditor (492)
[2018.05.14-09.28.26:463][694]LogModuleManager: Shutting down and abandoning module AndroidMediaFactory (490)
[2018.05.14-09.28.26:464][694]LogModuleManager: Shutting down and abandoning module AndroidMediaEditor (488)
[2018.05.14-09.28.26:464][694]LogModuleManager: Shutting down and abandoning module CharacterAI (486)
[2018.05.14-09.28.26:464][694]LogModuleManager: Shutting down and abandoning module AudioCapture (484)
[2018.05.14-09.28.26:464][694]LogModuleManager: Shutting down and abandoning module SequenceRecorder (483)
[2018.05.14-09.28.26:464][694]LogModuleManager: Shutting down and abandoning module SmartSnapping (480)
[2018.05.14-09.28.26:464][694]LogModuleManager: Shutting down and abandoning module SessionServices (478)
[2018.05.14-09.28.26:464][694]LogModuleManager: Shutting down and abandoning module ViewportSnapping (476)
[2018.05.14-09.28.26:464][694]LogModuleManager: Shutting down and abandoning module ViewportInteraction (474)
[2018.05.14-09.28.26:464][694]LogModuleManager: Shutting down and abandoning module ClothPainter (472)
[2018.05.14-09.28.26:464][694]LogModuleManager: Shutting down and abandoning module SkeletalMeshEditor (471)
[2018.05.14-09.28.26:464][694]LogModuleManager: Shutting down and abandoning module LogVisualizer (468)
[2018.05.14-09.28.26:464][694]LogModuleManager: Shutting down and abandoning module IntroTutorials (466)
[2018.05.14-09.28.26:464][694]LogModuleManager: Shutting down and abandoning module GameProjectGeneration (465)
[2018.05.14-09.28.26:464][694]LogModuleManager: Shutting down and abandoning module IOSPlatformEditor (462)
[2018.05.14-09.28.26:464][694]LogModuleManager: Shutting down and abandoning module HTML5PlatformEditor (460)
[2018.05.14-09.28.26:464][694]LogModuleManager: Shutting down and abandoning module AndroidPlatformEditor (458)
[2018.05.14-09.28.26:464][694]LogModuleManager: Shutting down and abandoning module AndroidDeviceDetection (457)
[2018.05.14-09.28.27:202][694]LogModuleManager: Shutting down and abandoning module WindowsPlatformEditor (454)
[2018.05.14-09.28.27:202][694]LogModuleManager: Shutting down and abandoning module IOSRuntimeSettings (452)
[2018.05.14-09.28.27:202][694]LogModuleManager: Shutting down and abandoning module AndroidRuntimeSettings (450)
[2018.05.14-09.28.27:202][694]LogModuleManager: Shutting down and abandoning module InputBindingEditor (448)
[2018.05.14-09.28.27:202][694]LogModuleManager: Shutting down and abandoning module MergeActors (446)
[2018.05.14-09.28.27:202][694]LogModuleManager: Shutting down and abandoning module SizeMap (444)
[2018.05.14-09.28.27:202][694]LogModuleManager: Shutting down and abandoning module TreeMap (442)
[2018.05.14-09.28.27:202][694]LogModuleManager: Shutting down and abandoning module ReferenceViewer (440)
[2018.05.14-09.28.27:202][694]LogModuleManager: Shutting down and abandoning module LocalizationDashboard (438)
[2018.05.14-09.28.27:203][694]LogModuleManager: Shutting down and abandoning module LocalizationService (437)
[2018.05.14-09.28.27:203][694]LogModuleManager: Shutting down and abandoning module HardwareTargeting (434)
[2018.05.14-09.28.27:203][694]LogModuleManager: Shutting down and abandoning module DeviceProfileEditor (432)
[2018.05.14-09.28.27:203][694]LogModuleManager: Shutting down and abandoning module UndoHistory (430)
[2018.05.14-09.28.27:203][694]LogModuleManager: Shutting down and abandoning module XmlParser (428)
[2018.05.14-09.28.27:203][694]LogModuleManager: Shutting down and abandoning module Blutility (426)
[2018.05.14-09.28.27:203][694]LogModuleManager: Shutting down and abandoning module ProjectSettingsViewer (424)
[2018.05.14-09.28.27:203][694]LogModuleManager: Shutting down and abandoning module ProjectTargetPlatformEditor (423)
[2018.05.14-09.28.27:203][694]LogModuleManager: Shutting down and abandoning module EditorSettingsViewer (420)
[2018.05.14-09.28.27:203][694]LogModuleManager: Shutting down and abandoning module SettingsEditor (418)
[2018.05.14-09.28.27:203][694]LogModuleManager: Shutting down and abandoning module ProjectLauncher (416)
[2018.05.14-09.28.27:203][694]LogModuleManager: Shutting down and abandoning module SessionFrontend (414)
[2018.05.14-09.28.27:203][694]LogModuleManager: Shutting down and abandoning module ProfilerClient (412)
[2018.05.14-09.28.27:203][694]LogModuleManager: Shutting down and abandoning module DeviceManager (410)
[2018.05.14-09.28.27:203][694]LogModuleManager: Shutting down and abandoning module TargetDeviceServices (409)
[2018.05.14-09.28.27:268][694]LogModuleManager: Shutting down and abandoning module AutomationController (406)
[2018.05.14-09.28.27:268][694]LogModuleManager: Shutting down and abandoning module AutomationWindow (404)
[2018.05.14-09.28.27:268][694]LogModuleManager: Shutting down and abandoning module Layers (402)
[2018.05.14-09.28.27:268][694]LogModuleManager: Shutting down and abandoning module ComponentVisualizers (400)
[2018.05.14-09.28.27:268][694]LogModuleManager: Shutting down and abandoning module DetailCustomizations (398)
[2018.05.14-09.28.27:268][694]LogModuleManager: Shutting down and abandoning module PackagesDialog (396)
[2018.05.14-09.28.27:268][694]LogModuleManager: Shutting down and abandoning module Persona (394)
[2018.05.14-09.28.27:268][694]LogModuleManager: Shutting down and abandoning module AdvancedPreviewScene (393)
[2018.05.14-09.28.27:268][694]LogModuleManager: Shutting down and abandoning module AnimGraph (391)
[2018.05.14-09.28.27:268][694]LogModuleManager: Shutting down and abandoning module Kismet (388)
[2018.05.14-09.28.27:269][694]LogModuleManager: Shutting down and abandoning module ClassViewer (386)
[2018.05.14-09.28.27:270][694]LogModuleManager: Shutting down and abandoning module Toolbox (384)
[2018.05.14-09.28.27:270][694]LogModuleManager: Shutting down and abandoning module ModuleUI (382)
[2018.05.14-09.28.27:270][694]LogModuleManager: Shutting down and abandoning module MovieSceneTools (380)
[2018.05.14-09.28.27:270][694]LogModuleManager: Shutting down and abandoning module OutputLog (378)
[2018.05.14-09.28.27:270][694]LogModuleManager: Shutting down and abandoning module GammaUI (376)
[2018.05.14-09.28.27:270][694]LogModuleManager: Shutting down and abandoning module Documentation (374)
[2018.05.14-09.28.27:271][694]LogModuleManager: Shutting down and abandoning module MovieSceneTracks (372)
[2018.05.14-09.28.27:271][694]LogModuleManager: Shutting down and abandoning module MovieScene (370)
[2018.05.14-09.28.27:271][694]LogModuleManager: Shutting down and abandoning module StreamingPauseRendering (368)
[2018.05.14-09.28.27:271][694]LogModuleManager: Shutting down and abandoning module LauncherPlatform (366)
[2018.05.14-09.28.27:271][694]LogModuleManager: Shutting down and abandoning module AnalyticsET (364)
[2018.05.14-09.28.27:271][694]LogModuleManager: Shutting down and abandoning module PortalServices (362)
[2018.05.14-09.28.27:271][694]LogModuleManager: Shutting down and abandoning module PortalRpc (360)
[2018.05.14-09.28.27:271][694]LogModuleManager: Shutting down and abandoning module MessagingRpc (358)
[2018.05.14-09.28.27:271][694]LogModuleManager: Shutting down and abandoning module AIModule (356)
[2018.05.14-09.28.27:271][694]LogModuleManager: Shutting down and abandoning module GameplayDebugger (355)
[2018.05.14-09.28.27:271][694]LogModuleManager: Shutting down and abandoning module AITestSuite (353)
[2018.05.14-09.28.27:271][694]LogModuleManager: Shutting down and abandoning module DesktopPlatform (350)
[2018.05.14-09.28.27:271][694]LogModuleManager: Shutting down and abandoning module ProfilerService (348)
[2018.05.14-09.28.27:467][694]LogModuleManager: Shutting down and abandoning module TaskGraph (346)
[2018.05.14-09.28.27:467][694]LogModuleManager: Shutting down and abandoning module SteamVRController (344)
[2018.05.14-09.28.27:467][694]LogModuleManager: Shutting down and abandoning module ProceduralMeshComponentEditor (342)
[2018.05.14-09.28.27:467][694]LogModuleManager: Shutting down and abandoning module ProceduralMeshComponent (340)
[2018.05.14-09.28.27:467][694]LogModuleManager: Shutting down and abandoning module OculusInput (338)
[2018.05.14-09.28.27:467][694]LogModuleManager: Shutting down and abandoning module MobilePatchingUtils (336)
[2018.05.14-09.28.27:468][694]LogModuleManager: Shutting down and abandoning module CustomMeshComponent (334)
[2018.05.14-09.28.27:468][694]LogModuleManager: Shutting down and abandoning module CableComponent (332)
[2018.05.14-09.28.27:468][694]LogModuleManager: Shutting down and abandoning module ArchVisCharacter (330)
[2018.05.14-09.28.27:468][694]LogModuleManager: Shutting down and abandoning module AndroidPermission (328)
[2018.05.14-09.28.27:468][694]LogModuleManager: Shutting down and abandoning module ActorSequence (324)
[2018.05.14-09.28.27:468][694]LogModuleManager: Shutting down and abandoning module MediaPlayerEditor (322)
[2018.05.14-09.28.27:468][694]LogModuleManager: Shutting down and abandoning module MediaCompositingEditor (320)
[2018.05.14-09.28.27:468][694]LogModuleManager: Shutting down and abandoning module MediaCompositing (318)
[2018.05.14-09.28.27:468][694]LogModuleManager: Shutting down and abandoning module HTML5Networking (316)
[2018.05.14-09.28.27:468][694]LogModuleManager: Shutting down and abandoning module AlembicImporter (314)
[2018.05.14-09.28.27:468][694]LogModuleManager: Shutting down and abandoning module AlembicLibrary (313)
[2018.05.14-09.28.27:468][694]LogModuleManager: Shutting down and abandoning module GeometryCache (312)
[2018.05.14-09.28.27:468][694]LogModuleManager: Shutting down and abandoning module GeometryCacheEd (311)
[2018.05.14-09.28.27:468][694]LogModuleManager: Shutting down and abandoning module SpeedTreeImporter (306)
[2018.05.14-09.28.27:468][694]LogModuleManager: Shutting down and abandoning module PluginBrowser (304)
[2018.05.14-09.28.27:468][694]LogModuleManager: Shutting down and abandoning module MobileLauncherProfileWizard (302)
[2018.05.14-09.28.27:468][694]LogModuleManager: Shutting down and abandoning module VisualStudioSourceCodeAccess (300)
[2018.05.14-09.28.27:468][694]LogModuleManager: Shutting down and abandoning module VisualStudioCodeSourceCodeAccess (298)
[2018.05.14-09.28.27:468][694]LogModuleManager: Shutting down and abandoning module UObjectPlugin (296)
[2018.05.14-09.28.27:468][694]LogModuleManager: Shutting down and abandoning module SubversionSourceControl (294)
[2018.05.14-09.28.27:468][694]LogModuleManager: Shutting down and abandoning module PerforceSourceControl (292)
[2018.05.14-09.28.27:468][694]LogModuleManager: Shutting down and abandoning module GitSourceControl (290)
[2018.05.14-09.28.27:468][694]LogModuleManager: Shutting down and abandoning module SourceControl (289)
[2018.05.14-09.28.27:468][694]LogModuleManager: Shutting down and abandoning module LightPropagationVolumeEditor (286)
[2018.05.14-09.28.27:468][694]LogModuleManager: Shutting down and abandoning module PaperTiledImporter (284)
[2018.05.14-09.28.27:468][694]LogModuleManager: Shutting down and abandoning module PaperSpriteSheetImporter (282)
[2018.05.14-09.28.27:468][694]LogModuleManager: Shutting down and abandoning module Paper2DEditor (280)
[2018.05.14-09.28.27:468][694]LogModuleManager: Shutting down and abandoning module MeshPaint (279)
[2018.05.14-09.28.27:468][694]LogModuleManager: Shutting down and abandoning module LevelEditor (277)
[2018.05.14-09.28.27:469][694]LogModuleManager: Shutting down and abandoning module PixelInspectorModule (276)
[2018.05.14-09.28.27:469][694]LogModuleManager: Shutting down and abandoning module MainFrame (274)
[2018.05.14-09.28.27:470][694]LogModuleManager: Shutting down and abandoning module HotReload (273)
[2018.05.14-09.28.27:470][694]LogModuleManager: Shutting down and abandoning module RuntimePhysXCooking (268)
[2018.05.14-09.28.27:470][694]LogModuleManager: Shutting down and abandoning module PhysXVehiclesEditor (266)
[2018.05.14-09.28.27:470][694]LogModuleManager: Shutting down and abandoning module PhysXVehicles (264)
[2018.05.14-09.28.27:470][694]LogModuleManager: Shutting down and abandoning module OculusEditor (262)
[2018.05.14-09.28.27:470][694]LogModuleManager: Shutting down and abandoning module LocationServicesBPLibrary (260)
[2018.05.14-09.28.27:470][694]LogModuleManager: Shutting down and abandoning module ImmediatePhysicsEditor (258)
[2018.05.14-09.28.27:470][694]LogModuleManager: Shutting down and abandoning module ImmediatePhysics (256)
[2018.05.14-09.28.27:470][694]LogModuleManager: Shutting down and abandoning module UdpMessaging (254)
[2018.05.14-09.28.27:571][694]LogModuleManager: Shutting down and abandoning module TcpMessaging (252)
[2018.05.14-09.28.27:672][694]LogModuleManager: Shutting down and abandoning module GameplayTagsEditor (250)
[2018.05.14-09.28.27:672][694]LogModuleManager: Shutting down and abandoning module FacialAnimationEditor (248)
[2018.05.14-09.28.27:672][694]LogModuleManager: Shutting down and abandoning module FacialAnimation (246)
[2018.05.14-09.28.27:672][694]LogModuleManager: Shutting down and abandoning module AssetManagerEditor (244)
[2018.05.14-09.28.27:672][694]LogModuleManager: Shutting down and abandoning module GraphEditor (243)
[2018.05.14-09.28.27:672][694]LogModuleManager: Shutting down and abandoning module ContentBrowser (241)
[2018.05.14-09.28.27:673][694]LogModuleManager: Shutting down and abandoning module LightPropagationVolumeRuntime (238)
[2018.05.14-09.28.27:673][694]LogModuleManager: Shutting down and abandoning module Paper2D (236)
[2018.05.14-09.28.27:673][694]LogModuleManager: Shutting down and abandoning module WindowsMoviePlayer (234)
[2018.05.14-09.28.27:673][694]LogModuleManager: Shutting down and abandoning module WmfMedia (232)
[2018.05.14-09.28.27:675][694]LogModuleManager: Shutting down and abandoning module ImgMedia (230)
[2018.05.14-09.28.27:675][694]LogModuleManager: Shutting down and abandoning module PacketHandler (228)
[2018.05.14-09.28.27:675][694]LogModuleManager: Shutting down and abandoning module ClothingSystemEditor (226)
[2018.05.14-09.28.27:675][694]LogModuleManager: Shutting down and abandoning module ClothingSystemRuntime (224)
[2018.05.14-09.28.27:675][694]LogModuleManager: Shutting down and abandoning module MediaAssets (222)
[2018.05.14-09.28.27:675][694]LogModuleManager: Shutting down and abandoning module Media (221)
[2018.05.14-09.28.27:681][694]LogModuleManager: Shutting down and abandoning module Overlay (218)
[2018.05.14-09.28.27:681][694]LogModuleManager: Shutting down and abandoning module OverlayEditor (217)
[2018.05.14-09.28.27:681][694]LogModuleManager: Shutting down and abandoning module VREditor (214)
[2018.05.14-09.28.27:681][694]LogModuleManager: Shutting down and abandoning module StringTableEditor (212)
[2018.05.14-09.28.27:681][694]LogModuleManager: Shutting down and abandoning module GameplayTasksEditor (210)
[2018.05.14-09.28.27:681][694]LogModuleManager: Shutting down and abandoning module BehaviorTreeEditor (208)
[2018.05.14-09.28.27:681][694]LogModuleManager: Shutting down and abandoning module FunctionalTesting (206)
[2018.05.14-09.28.27:681][694]LogModuleManager: Shutting down and abandoning module CollisionAnalyzer (204)
[2018.05.14-09.28.27:681][694]LogModuleManager: Shutting down and abandoning module WorkspaceMenuStructure (203)
[2018.05.14-09.28.27:681][694]LogModuleManager: Shutting down and abandoning module UMG (200)
[2018.05.14-09.28.27:681][694]LogModuleManager: Shutting down and abandoning module UMGEditor (199)
[2018.05.14-09.28.27:681][694]LogModuleManager: Shutting down and abandoning module Sequencer (198)
[2018.05.14-09.28.27:682][694]LogModuleManager: Shutting down and abandoning module MessageLog (195)
[2018.05.14-09.28.27:682][694]LogModuleManager: Shutting down and abandoning module SlateReflector (190)
[2018.05.14-09.28.27:682][694]LogModuleManager: Shutting down and abandoning module Slate (188)
[2018.05.14-09.28.27:682][694]LogModuleManager: Shutting down and abandoning module EditorStyle (186)
[2018.05.14-09.28.27:684][694]LogModuleManager: Shutting down and abandoning module MRMesh (184)
[2018.05.14-09.28.27:684][694]LogModuleManager: Shutting down and abandoning module SourceCodeAccess (182)
[2018.05.14-09.28.27:684][694]LogModuleManager: Shutting down and abandoning module HeadMountedDisplay (180)
[2018.05.14-09.28.27:684][694]LogModuleManager: Shutting down and abandoning module XAudio2 (178)
[2018.05.14-09.28.27:684][694]LogModuleManager: Shutting down and abandoning module Networking (176)
[2018.05.14-09.28.27:684][694]LogModuleManager: Shutting down and abandoning module Core (172)
[2018.05.14-09.28.27:684][694]LogModuleManager: Shutting down and abandoning module LevelSequence (168)
[2018.05.14-09.28.27:684][694]LogModuleManager: Shutting down and abandoning module DirectoryWatcher (166)
[2018.05.14-09.28.27:685][694]LogModuleManager: Shutting down and abandoning module KismetCompiler (164)
[2018.05.14-09.28.27:685][694]LogModuleManager: Shutting down and abandoning module MeshUtilities (162)
[2018.05.14-09.28.27:685][694]LogModuleManager: Shutting down and abandoning module MeshMergeUtilities (161)
[2018.05.14-09.28.27:685][694]LogModuleManager: Shutting down and abandoning module MeshReductionInterface (160)
[2018.05.14-09.28.27:685][694]LogModuleManager: Shutting down and abandoning module SimplygonSwarm (159)
[2018.05.14-09.28.27:685][694]LogModuleManager: Shutting down and abandoning module SimplygonMeshReduction (157)
[2018.05.14-09.28.27:685][694]LogModuleManager: Shutting down and abandoning module QuadricMeshReduction (155)
[2018.05.14-09.28.27:685][694]LogModuleManager: Shutting down and abandoning module MaterialBaking (151)
[2018.05.14-09.28.27:685][694]LogModuleManager: Shutting down and abandoning module DerivedDataCache (148)
[2018.05.14-09.28.27:707][694]LogDerivedDataCache: Shutdown
[2018.05.14-09.28.27:707][694]LogModuleManager: Shutting down and abandoning module TargetPlatform (146)
[2018.05.14-09.28.27:707][694]LogModuleManager: Shutting down and abandoning module VulkanShaderFormat (145)
[2018.05.14-09.28.27:707][694]LogModuleManager: Shutting down and abandoning module ShaderFormatVectorVM (143)
[2018.05.14-09.28.27:708][694]LogModuleManager: Shutting down and abandoning module ShaderFormatOpenGL (141)
[2018.05.14-09.28.27:708][694]LogModuleManager: Shutting down and abandoning module ShaderFormatD3D (139)
[2018.05.14-09.28.27:708][694]LogModuleManager: Shutting down and abandoning module MetalShaderFormat (137)
[2018.05.14-09.28.27:708][694]LogModuleManager: Shutting down and abandoning module TextureFormatUncompressed (135)
[2018.05.14-09.28.27:708][694]LogModuleManager: Shutting down and abandoning module TextureFormatPVR (133)
[2018.05.14-09.28.27:708][694]LogModuleManager: Shutting down and abandoning module TextureFormatDXT (131)
[2018.05.14-09.28.27:708][694]LogModuleManager: Shutting down and abandoning module TextureFormatIntelISPCTexComp (129)
[2018.05.14-09.28.27:708][694]LogModuleManager: Shutting down and abandoning module TextureFormatASTC (127)
[2018.05.14-09.28.27:708][694]LogModuleManager: Shutting down and abandoning module ImageWrapper (126)
[2018.05.14-09.28.27:708][694]LogModuleManager: Shutting down and abandoning module TextureFormatAndroid (123)
[2018.05.14-09.28.27:708][694]LogModuleManager: Shutting down and abandoning module AudioFormatOpus (121)
[2018.05.14-09.28.27:708][694]LogModuleManager: Shutting down and abandoning module AudioFormatOgg (119)
[2018.05.14-09.28.27:708][694]LogModuleManager: Shutting down and abandoning module AudioFormatADPCM (117)
[2018.05.14-09.28.27:708][694]LogModuleManager: Shutting down and abandoning module LinuxTargetPlatform (115)
[2018.05.14-09.28.27:708][694]LogModuleManager: Shutting down and abandoning module LinuxServerTargetPlatform (113)
[2018.05.14-09.28.27:708][694]LogModuleManager: Shutting down and abandoning module LinuxNoEditorTargetPlatform (111)
[2018.05.14-09.28.27:708][694]LogModuleManager: Shutting down and abandoning module LinuxClientTargetPlatform (109)
[2018.05.14-09.28.27:708][694]LogModuleManager: Shutting down and abandoning module TVOSTargetPlatform (107)
[2018.05.14-09.28.27:708][694]LogModuleManager: Shutting down and abandoning module Messaging (105)
[2018.05.14-09.28.27:708][694]LogModuleManager: Shutting down and abandoning module IOSTargetPlatform (103)
[2018.05.14-09.28.27:708][694]LogModuleManager: Shutting down and abandoning module HTML5TargetPlatform (101)
[2018.05.14-09.28.27:708][694]LogModuleManager: Shutting down and abandoning module AndroidTargetPlatform (99)
[2018.05.14-09.28.27:708][694]LogModuleManager: Shutting down and abandoning module Android_PVRTCTargetPlatform (97)
[2018.05.14-09.28.27:708][694]LogModuleManager: Shutting down and abandoning module Android_MultiTargetPlatform (95)
[2018.05.14-09.28.27:708][694]LogModuleManager: Shutting down and abandoning module Android_ETC2TargetPlatform (93)
[2018.05.14-09.28.27:708][694]LogModuleManager: Shutting down and abandoning module Android_ETC1TargetPlatform (91)
[2018.05.14-09.28.27:708][694]LogModuleManager: Shutting down and abandoning module Android_DXTTargetPlatform (89)
[2018.05.14-09.28.27:708][694]LogModuleManager: Shutting down and abandoning module Android_ATCTargetPlatform (87)
[2018.05.14-09.28.27:708][694]LogModuleManager: Shutting down and abandoning module Android_ASTCTargetPlatform (85)
[2018.05.14-09.28.27:708][694]LogModuleManager: Shutting down and abandoning module WindowsTargetPlatform (83)
[2018.05.14-09.28.27:708][694]LogModuleManager: Shutting down and abandoning module WindowsServerTargetPlatform (81)
[2018.05.14-09.28.27:708][694]LogModuleManager: Shutting down and abandoning module WindowsNoEditorTargetPlatform (79)
[2018.05.14-09.28.27:708][694]LogModuleManager: Shutting down and abandoning module WindowsClientTargetPlatform (77)
[2018.05.14-09.28.27:708][694]LogModuleManager: Shutting down and abandoning module MacTargetPlatform (75)
[2018.05.14-09.28.27:708][694]LogModuleManager: Shutting down and abandoning module MacServerTargetPlatform (73)
[2018.05.14-09.28.27:708][694]LogModuleManager: Shutting down and abandoning module MacNoEditorTargetPlatform (71)
[2018.05.14-09.28.27:708][694]LogModuleManager: Shutting down and abandoning module MacClientTargetPlatform (69)
[2018.05.14-09.28.27:708][694]LogModuleManager: Shutting down and abandoning module AllDesktopTargetPlatform (67)
[2018.05.14-09.28.27:709][694]LogModuleManager: Shutting down and abandoning module InputCore (64)
[2018.05.14-09.28.27:709][694]LogModuleManager: Shutting down and abandoning module Settings (62)
[2018.05.14-09.28.27:709][694]LogModuleManager: Shutting down and abandoning module PhysXCooking (60)
[2018.05.14-09.28.27:709][694]LogModuleManager: Shutting down and abandoning module SteamVR (58)
[2018.05.14-09.28.27:709][694]LogModuleManager: Shutting down and abandoning module OculusHMD (56)
[2018.05.14-09.28.27:709][694]LogModuleManager: Shutting down and abandoning module ExampleDeviceProfileSelector (54)
[2018.05.14-09.28.27:709][694]LogModuleManager: Shutting down and abandoning module AppleARKit (52)
[2018.05.14-09.28.27:709][694]LogModuleManager: Shutting down and abandoning module AugmentedReality (51)
[2018.05.14-09.28.27:709][694]LogModuleManager: Shutting down and abandoning module OnlineBlueprintSupport (48)
[2018.05.14-09.28.27:709][694]LogModuleManager: Shutting down and abandoning module OnlineSubsystem (44)
[2018.05.14-09.28.27:709][694]LogModuleManager: Shutting down and abandoning module XMPP (43)
[2018.05.14-09.28.27:709][694]LogModuleManager: Shutting down and abandoning module HTTP (41)
[2018.05.14-09.28.27:709][694]LogHttp: Display: Http module shutting down, but needs to wait on 1 outstanding Http requests:
[2018.05.14-09.28.27:709][694]LogHttp: Display: 	verb=[POST] url=[https://datarouter.ol.epicgames.com/datarouter/api/v1/public/data?SessionID=%7BE4199BA0-4874-C950-3757-1596A8F12817%7D&AppID=UEEditor.Rocket.Release&AppVersion=4.18.3-3832480%2B%2B%2BUE4%2BRelease-4.18&UserID=e37df71d48b5aab24d05f48ae04dc07e%7C3be2b1d1fbe8439b8f422585da2cfbd8%7C883ac00c-92f2-407a-9b95-fbe03fa6d7a7&AppEnvironment=datacollector-binary&UploadType=eteventstream] status=Processing
[2018.05.14-09.28.27:712][694]LogModuleManager: Shutting down and abandoning module SSL (40)
[2018.05.14-09.28.27:713][694]LogModuleManager: Shutting down and abandoning module AnimationModifiers (36)
[2018.05.14-09.28.27:713][694]LogModuleManager: Shutting down and abandoning module PropertyEditor (35)
[2018.05.14-09.28.27:713][694]LogModuleManager: Shutting down and abandoning module AudioEditor (32)
[2018.05.14-09.28.27:713][694]LogModuleManager: Shutting down and abandoning module TextureCompressor (30)
[2018.05.14-09.28.27:713][694]LogModuleManager: Shutting down and abandoning module ShaderCore (28)
[2018.05.14-09.28.27:713][694]LogModuleManager: Shutting down and abandoning module Landscape (26)
[2018.05.14-09.28.27:713][694]LogModuleManager: Shutting down and abandoning module SlateRHIRenderer (24)
[2018.05.14-09.28.27:714][694]LogModuleManager: Shutting down and abandoning module OpenGLDrv (22)
[2018.05.14-09.28.27:714][694]LogModuleManager: Shutting down and abandoning module D3D11RHI (20)
[2018.05.14-09.28.27:714][694]LogModuleManager: Shutting down and abandoning module AnimGraphRuntime (18)
[2018.05.14-09.28.27:714][694]LogModuleManager: Shutting down and abandoning module Renderer (16)
[2018.05.14-09.28.27:714][694]LogModuleManager: Shutting down and abandoning module Engine (14)
[2018.05.14-09.28.27:714][694]LogModuleManager: Shutting down and abandoning module CoreUObject (12)
[2018.05.14-09.28.27:714][694]LogModuleManager: Shutting down and abandoning module NetworkFile (10)
[2018.05.14-09.28.27:714][694]LogModuleManager: Shutting down and abandoning module CookedIterativeFile (8)
[2018.05.14-09.28.27:714][694]LogModuleManager: Shutting down and abandoning module StreamingFile (6)
[2018.05.14-09.28.27:714][694]LogModuleManager: Shutting down and abandoning module SandboxFile (4)
[2018.05.14-09.28.27:714][694]LogModuleManager: Shutting down and abandoning module PakFile (2)
[2018.05.14-09.28.27:718][694]LogExit: Exiting.
[2018.05.14-09.28.27:736][694]Log file closed, 05/14/18 11:28:27
