Log file open, 05/14/18 11:28:29
LogWindows: Failed to load 'aqProf.dll' (GetLastError=126)
LogWindows: File 'aqProf.dll' does not exist
LogWindows: Failed to load 'VtuneApi.dll' (GetLastError=126)
LogWindows: File 'VtuneApi.dll' does not exist
LogWindows: Failed to load 'VtuneApi32e.dll' (GetLastError=126)
LogWindows: File 'VtuneApi32e.dll' does not exist
LogInit: Display: Running engine for game: MyProject4
LogPlatformFile: Not using cached read wrapper
LogInit: Display: RandInit(2087486745) SRandInit(2087486745).
LogInit: Read version file with build ID '3709383'
LogInit: Overriding engine version to CL 3832480, compatible CL 3709383
LogInit: Registered custom module enumerator with build ID '3709383'
LogTaskGraph: Started task graph with 5 named threads and 14 total threads with 3 sets of task threads.
LogStats: Stats thread started at 0.203338
LogD3D11RHI: Aftermath initialized
LogModuleManager: Display: Found up-to-date module file ../../../Engine/Plugins/2D/Paper2D/Binaries/Win64/UE4Editor-Paper2D.dll (API version 3709383).
LogModuleManager: Display: Found up-to-date module file ../../../Engine/Plugins/2D/Paper2D/Binaries/Win64/UE4Editor-Paper2DEditor.dll (API version 3709383).
LogModuleManager: Display: Found up-to-date module file ../../../Engine/Plugins/2D/Paper2D/Binaries/Win64/UE4Editor-PaperSpriteSheetImporter.dll (API version 3709383).
LogModuleManager: Display: Found up-to-date module file ../../../Engine/Plugins/2D/Paper2D/Binaries/Win64/UE4Editor-PaperTiledImporter.dll (API version 3709383).
LogModuleManager: Display: Found up-to-date module file ../../../Engine/Plugins/2D/Paper2D/Binaries/Win64/UE4Editor-SmartSnapping.dll (API version 3709383).
LogModuleManager: Display: Found up-to-date module file ../../../Engine/Plugins/Blendables/LightPropagationVolume/Binaries/Win64/UE4Editor-LightPropagationVolumeRuntime.dll (API version 3709383).
LogModuleManager: Display: Found up-to-date module file ../../../Engine/Plugins/Blendables/LightPropagationVolume/Binaries/Win64/UE4Editor-LightPropagationVolumeEditor.dll (API version 3709383).
LogModuleManager: Display: Found up-to-date module file ../../../Engine/Plugins/Developer/GitSourceControl/Binaries/Win64/UE4Editor-GitSourceControl.dll (API version 3709383).
LogModuleManager: Display: Found up-to-date module file ../../../Engine/Plugins/Developer/PerforceSourceControl/Binaries/Win64/UE4Editor-PerforceSourceControl.dll (API version 3709383).
LogModuleManager: Display: Found up-to-date module file ../../../Engine/Plugins/Developer/SubversionSourceControl/Binaries/Win64/UE4Editor-SubversionSourceControl.dll (API version 3709383).
LogModuleManager: Display: Found up-to-date module file ../../../Engine/Plugins/Developer/UObjectPlugin/Binaries/Win64/UE4Editor-UObjectPlugin.dll (API version 3709383).
LogModuleManager: Display: Found up-to-date module file ../../../Engine/Plugins/Developer/VisualStudioCodeSourceCodeAccess/Binaries/Win64/UE4Editor-VisualStudioCodeSourceCodeAccess.dll (API version 3709383).
LogModuleManager: Display: Found up-to-date module file ../../../Engine/Plugins/Developer/VisualStudioSourceCodeAccess/Binaries/Win64/UE4Editor-VisualStudioSourceCodeAccess.dll (API version 3709383).
LogModuleManager: Display: Found up-to-date module file ../../../Engine/Plugins/Editor/AssetManagerEditor/Binaries/Win64/UE4Editor-AssetManagerEditor.dll (API version 3709383).
LogModuleManager: Display: Found up-to-date module file ../../../Engine/Plugins/Editor/AudioCapture/Binaries/Win64/UE4Editor-AudioCapture.dll (API version 3709383).
LogModuleManager: Display: Found up-to-date module file ../../../Engine/Plugins/Editor/FacialAnimation/Binaries/Win64/UE4Editor-FacialAnimation.dll (API version 3709383).
LogModuleManager: Display: Found up-to-date module file ../../../Engine/Plugins/Editor/FacialAnimation/Binaries/Win64/UE4Editor-FacialAnimationEditor.dll (API version 3709383).
LogModuleManager: Display: Found up-to-date module file ../../../Engine/Plugins/Editor/GameplayTagsEditor/Binaries/Win64/UE4Editor-GameplayTagsEditor.dll (API version 3709383).
LogModuleManager: Display: Found up-to-date module file ../../../Engine/Plugins/Editor/MobileLauncherProfileWizard/Binaries/Win64/UE4Editor-MobileLauncherProfileWizard.dll (API version 3709383).
LogModuleManager: Display: Found up-to-date module file ../../../Engine/Plugins/Editor/PluginBrowser/Binaries/Win64/UE4Editor-PluginBrowser.dll (API version 3709383).
LogModuleManager: Display: Found up-to-date module file ../../../Engine/Plugins/Editor/SpeedTreeImporter/Binaries/Win64/UE4Editor-SpeedTreeImporter.dll (API version 3709383).
LogModuleManager: Display: Found up-to-date module file ../../../Engine/Plugins/Experimental/AlembicImporter/Binaries/Win64/UE4Editor-AlembicImporter.dll (API version 3709383).
LogModuleManager: Display: Found up-to-date module file ../../../Engine/Plugins/Experimental/AlembicImporter/Binaries/Win64/UE4Editor-AlembicLibrary.dll (API version 3709383).
LogModuleManager: Display: Found up-to-date module file ../../../Engine/Plugins/Experimental/CharacterAI/Binaries/Win64/UE4Editor-CharacterAI.dll (API version 3709383).
LogModuleManager: Display: Found up-to-date module file ../../../Engine/Plugins/Experimental/HTML5Networking/Binaries/Win64/UE4Editor-HTML5Networking.dll (API version 3709383).
LogModuleManager: Display: Found up-to-date module file ../../../Engine/Plugins/Media/AndroidMedia/Binaries/Win64/UE4Editor-AndroidMediaEditor.dll (API version 3709383).
LogModuleManager: Display: Found up-to-date module file ../../../Engine/Plugins/Media/AndroidMedia/Binaries/Win64/UE4Editor-AndroidMediaFactory.dll (API version 3709383).
LogModuleManager: Display: Found up-to-date module file ../../../Engine/Plugins/Media/AvfMedia/Binaries/Win64/UE4Editor-AvfMediaEditor.dll (API version 3709383).
LogModuleManager: Display: Found up-to-date module file ../../../Engine/Plugins/Media/AvfMedia/Binaries/Win64/UE4Editor-AvfMediaFactory.dll (API version 3709383).
LogModuleManager: Display: Found up-to-date module file ../../../Engine/Plugins/Media/AvfMedia/Binaries/Win64/UE4Editor-AvfMediaFactory.dll (API version 3709383).
LogModuleManager: Display: Found up-to-date module file ../../../Engine/Plugins/Media/ImgMedia/Binaries/Win64/UE4Editor-ImgMedia.dll (API version 3709383).
LogModuleManager: Display: Found up-to-date module file ../../../Engine/Plugins/Media/ImgMedia/Binaries/Win64/UE4Editor-ImgMediaEditor.dll (API version 3709383).
LogModuleManager: Display: Found up-to-date module file ../../../Engine/Plugins/Media/ImgMedia/Binaries/Win64/UE4Editor-ImgMediaFactory.dll (API version 3709383).
LogModuleManager: Display: Found up-to-date module file ../../../Engine/Plugins/Media/ImgMedia/Binaries/Win64/UE4Editor-ImgMediaFactory.dll (API version 3709383).
LogModuleManager: Display: Found up-to-date module file ../../../Engine/Plugins/Media/ImgMedia/Binaries/Win64/UE4Editor-OpenExrWrapper.dll (API version 3709383).
LogModuleManager: Display: Found up-to-date module file ../../../Engine/Plugins/Media/MediaCompositing/Binaries/Win64/UE4Editor-MediaCompositing.dll (API version 3709383).
LogModuleManager: Display: Found up-to-date module file ../../../Engine/Plugins/Media/MediaCompositing/Binaries/Win64/UE4Editor-MediaCompositingEditor.dll (API version 3709383).
LogModuleManager: Display: Found up-to-date module file ../../../Engine/Plugins/Media/MediaPlayerEditor/Binaries/Win64/UE4Editor-MediaPlayerEditor.dll (API version 3709383).
LogModuleManager: Display: Found up-to-date module file ../../../Engine/Plugins/Media/WmfMedia/Binaries/Win64/UE4Editor-WmfMedia.dll (API version 3709383).
LogModuleManager: Display: Found up-to-date module file ../../../Engine/Plugins/Media/WmfMedia/Binaries/Win64/UE4Editor-WmfMediaEditor.dll (API version 3709383).
LogModuleManager: Display: Found up-to-date module file ../../../Engine/Plugins/Media/WmfMedia/Binaries/Win64/UE4Editor-WmfMediaFactory.dll (API version 3709383).
LogModuleManager: Display: Found up-to-date module file ../../../Engine/Plugins/Media/WmfMedia/Binaries/Win64/UE4Editor-WmfMediaFactory.dll (API version 3709383).
LogModuleManager: Display: Found up-to-date module file ../../../Engine/Plugins/Messaging/TcpMessaging/Binaries/Win64/UE4Editor-TcpMessaging.dll (API version 3709383).
LogModuleManager: Display: Found up-to-date module file ../../../Engine/Plugins/Messaging/UdpMessaging/Binaries/Win64/UE4Editor-UdpMessaging.dll (API version 3709383).
LogModuleManager: Display: Found up-to-date module file ../../../Engine/Plugins/MovieScene/ActorSequence/Binaries/Win64/UE4Editor-ActorSequence.dll (API version 3709383).
LogModuleManager: Display: Found up-to-date module file ../../../Engine/Plugins/MovieScene/LevelSequenceEditor/Binaries/Win64/UE4Editor-LevelSequenceEditor.dll (API version 3709383).
LogModuleManager: Display: Found up-to-date module file ../../../Engine/Plugins/MovieScene/MatineeToLevelSequence/Binaries/Win64/UE4Editor-MatineeToLevelSequence.dll (API version 3709383).
LogModuleManager: Display: Found up-to-date module file ../../../Engine/Plugins/Online/OnlineSubsystem/Binaries/Win64/UE4Editor-OnlineSubsystem.dll (API version 3709383).
LogModuleManager: Display: Found up-to-date module file ../../../Engine/Plugins/Runtime/AndroidPermission/Binaries/Win64/UE4Editor-AndroidPermission.dll (API version 3709383).
LogModuleManager: Display: Found up-to-date module file ../../../Engine/Plugins/Online/OnlineSubsystemNull/Binaries/Win64/UE4Editor-OnlineSubsystemNull.dll (API version 3709383).
LogModuleManager: Display: Found up-to-date module file ../../../Engine/Plugins/Online/OnlineSubsystemUtils/Binaries/Win64/UE4Editor-OnlineSubsystemUtils.dll (API version 3709383).
LogModuleManager: Display: Found up-to-date module file ../../../Engine/Plugins/Online/OnlineSubsystemUtils/Binaries/Win64/UE4Editor-OnlineBlueprintSupport.dll (API version 3709383).
LogModuleManager: Display: Found up-to-date module file ../../../Engine/Plugins/Runtime/AndroidDeviceProfileSelector/Binaries/Win64/UE4Editor-AndroidDeviceProfileSelector.dll (API version 3709383).
LogModuleManager: Display: Found up-to-date module file ../../../Engine/Plugins/Runtime/AppleARKit/Binaries/Win64/UE4Editor-AppleARKit.dll (API version 3709383).
LogModuleManager: Display: Found up-to-date module file ../../../Engine/Plugins/Runtime/ArchVisCharacter/Binaries/Win64/UE4Editor-ArchVisCharacter.dll (API version 3709383).
LogModuleManager: Display: Found up-to-date module file ../../../Engine/Plugins/Runtime/CableComponent/Binaries/Win64/UE4Editor-CableComponent.dll (API version 3709383).
LogModuleManager: Display: Found up-to-date module file ../../../Engine/Plugins/Runtime/CustomMeshComponent/Binaries/Win64/UE4Editor-CustomMeshComponent.dll (API version 3709383).
LogModuleManager: Display: Found up-to-date module file ../../../Engine/Plugins/Runtime/ExampleDeviceProfileSelector/Binaries/Win64/UE4Editor-ExampleDeviceProfileSelector.dll (API version 3709383).
LogModuleManager: Display: Found up-to-date module file ../../../Engine/Plugins/Runtime/ImmediatePhysics/Binaries/Win64/UE4Editor-ImmediatePhysics.dll (API version 3709383).
LogModuleManager: Display: Found up-to-date module file ../../../Engine/Plugins/Runtime/ImmediatePhysics/Binaries/Win64/UE4Editor-ImmediatePhysicsEditor.dll (API version 3709383).
LogModuleManager: Display: Found up-to-date module file ../../../Engine/Plugins/Runtime/LocationServicesBPLibrary/Binaries/Win64/UE4Editor-LocationServicesBPLibrary.dll (API version 3709383).
LogModuleManager: Display: Found up-to-date module file ../../../Engine/Plugins/Runtime/MobilePatchingUtils/Binaries/Win64/UE4Editor-MobilePatchingUtils.dll (API version 3709383).
LogModuleManager: Display: Found up-to-date module file ../../../Engine/Plugins/Runtime/Oculus/OculusVR/Binaries/Win64/UE4Editor-OculusHMD.dll (API version 3709383).
LogModuleManager: Display: Found up-to-date module file ../../../Engine/Plugins/Runtime/Oculus/OculusVR/Binaries/Win64/UE4Editor-OculusInput.dll (API version 3709383).
LogModuleManager: Display: Found up-to-date module file ../../../Engine/Plugins/Runtime/Oculus/OculusVR/Binaries/Win64/UE4Editor-OculusEditor.dll (API version 3709383).
LogModuleManager: Display: Found up-to-date module file ../../../Engine/Plugins/Runtime/PhysXVehicles/Binaries/Win64/UE4Editor-PhysXVehicles.dll (API version 3709383).
LogModuleManager: Display: Found up-to-date module file ../../../Engine/Plugins/Runtime/PhysXVehicles/Binaries/Win64/UE4Editor-PhysXVehiclesEditor.dll (API version 3709383).
LogModuleManager: Display: Found up-to-date module file ../../../Engine/Plugins/Runtime/ProceduralMeshComponent/Binaries/Win64/UE4Editor-ProceduralMeshComponent.dll (API version 3709383).
LogModuleManager: Display: Found up-to-date module file ../../../Engine/Plugins/Runtime/ProceduralMeshComponent/Binaries/Win64/UE4Editor-ProceduralMeshComponentEditor.dll (API version 3709383).
LogModuleManager: Display: Found up-to-date module file ../../../Engine/Plugins/Runtime/RuntimePhysXCooking/Binaries/Win64/UE4Editor-RuntimePhysXCooking.dll (API version 3709383).
LogModuleManager: Display: Found up-to-date module file ../../../Engine/Plugins/Runtime/Steam/SteamVR/Binaries/Win64/UE4Editor-SteamVR.dll (API version 3709383).
LogModuleManager: Display: Found up-to-date module file ../../../Engine/Plugins/Runtime/Steam/SteamVR/Binaries/Win64/UE4Editor-SteamVRController.dll (API version 3709383).
LogModuleManager: Display: Found up-to-date module file ../../../Engine/Plugins/Runtime/WindowsMoviePlayer/Binaries/Win64/UE4Editor-WindowsMoviePlayer.dll (API version 3709383).
LogPluginManager: Mounting plugin Paper2D
LogPluginManager: Mounting plugin LightPropagationVolume
LogPluginManager: Mounting plugin CodeLiteSourceCodeAccess
LogPluginManager: Mounting plugin GitSourceControl
LogPluginManager: Mounting plugin KDevelopSourceCodeAccess
LogPluginManager: Mounting plugin NullSourceCodeAccess
LogPluginManager: Mounting plugin PerforceSourceControl
LogPluginManager: Mounting plugin SubversionSourceControl
LogPluginManager: Mounting plugin UObjectPlugin
LogPluginManager: Mounting plugin VisualStudioCodeSourceCodeAccess
LogPluginManager: Mounting plugin VisualStudioSourceCodeAccess
LogPluginManager: Mounting plugin XCodeSourceCodeAccess
LogPluginManager: Mounting plugin AssetManagerEditor
LogPluginManager: Mounting plugin AudioCapture
LogPluginManager: Mounting plugin FacialAnimation
LogPluginManager: Mounting plugin GameplayTagsEditor
LogPluginManager: Mounting plugin MobileLauncherProfileWizard
LogPluginManager: Mounting plugin PluginBrowser
LogPluginManager: Mounting plugin SpeedTreeImporter
LogPluginManager: Mounting plugin AlembicImporter
LogPluginManager: Mounting plugin CharacterAI
LogPluginManager: Mounting plugin HTML5Networking
LogPluginManager: Mounting plugin AndroidMedia
LogPluginManager: Mounting plugin AvfMedia
LogPluginManager: Mounting plugin ImgMedia
LogPluginManager: Mounting plugin MediaCompositing
LogPluginManager: Mounting plugin MediaPlayerEditor
LogPluginManager: Mounting plugin WmfMedia
LogPluginManager: Mounting plugin TcpMessaging
LogPluginManager: Mounting plugin UdpMessaging
LogPluginManager: Mounting plugin ActorSequence
LogPluginManager: Mounting plugin LevelSequenceEditor
LogPluginManager: Mounting plugin MatineeToLevelSequence
LogPluginManager: Mounting plugin OnlineSubsystemGooglePlay
LogPluginManager: Mounting plugin OnlineSubsystemIOS
LogPluginManager: Mounting plugin OnlineSubsystem
LogPluginManager: Mounting plugin OnlineSubsystemNull
LogPluginManager: Mounting plugin OnlineSubsystemUtils
LogPluginManager: Mounting plugin AndroidDeviceProfileSelector
LogPluginManager: Mounting plugin AndroidMoviePlayer
LogPluginManager: Mounting plugin AndroidPermission
LogPluginManager: Mounting plugin AppleARKit
LogPluginManager: Mounting plugin AppleMoviePlayer
LogPluginManager: Mounting plugin ArchVisCharacter
LogPluginManager: Mounting plugin CableComponent
LogPluginManager: Mounting plugin CustomMeshComponent
LogPluginManager: Mounting plugin ExampleDeviceProfileSelector
LogPluginManager: Mounting plugin GoogleCloudMessaging
LogPluginManager: Mounting plugin ImmediatePhysics
LogPluginManager: Mounting plugin IOSDeviceProfileSelector
LogPluginManager: Mounting plugin LinuxDeviceProfileSelector
LogPluginManager: Mounting plugin LocationServicesBPLibrary
LogPluginManager: Mounting plugin MobilePatchingUtils
LogPluginManager: Mounting plugin OculusVR
LogPluginManager: Plugin shader directory ../../../Engine/Plugins/Runtime/Oculus/OculusVR/Shaders found
LogPluginManager: Mapping shader source directory ../../../Engine/Plugins/Runtime/Oculus/OculusVR/Shaders to virtual directory /Plugin/OculusVR
LogPluginManager: Mounting plugin PhysXVehicles
LogPluginManager: Mounting plugin ProceduralMeshComponent
LogPluginManager: Mounting plugin RuntimePhysXCooking
LogPluginManager: Mounting plugin SteamVR
LogPluginManager: Mounting plugin WindowsMoviePlayer
LogInit: Using libcurl 7.47.1
LogInit:  - built for x86_64-pc-win32
LogInit:  - supports SSL with OpenSSL/1.0.2g
LogInit:  - supports HTTP deflate (compression) using libz 1.2.8
LogInit:  - other features:
LogInit:      CURL_VERSION_SSL
LogInit:      CURL_VERSION_LIBZ
LogInit:      CURL_VERSION_IPV6
LogInit:      CURL_VERSION_ASYNCHDNS
LogInit:      CURL_VERSION_LARGEFILE
LogInit:      CURL_VERSION_IDN
LogInit:  CurlRequestOptions (configurable via config and command line):
LogInit:  - bVerifyPeer = false  - Libcurl will NOT verify peer certificate
LogInit:  - bUseHttpProxy = false  - Libcurl will NOT use HTTP proxy
LogInit:  - bDontReuseConnections = false  - Libcurl will reuse connections
LogInit:  - CertBundlePath = nullptr  - Libcurl will use whatever was configured at build time.
LogInit: Build: ++UE4+Release-4.18-CL-3832480
LogInit: Engine Version: 4.18.3-3832480+++UE4+Release-4.18
LogInit: Compatible Engine Version: 4.18.0-3709383+++UE4+Release-4.18
LogInit: Net CL: 3709383
LogDevObjectVersion: Number of dev versions registered: 16
LogDevObjectVersion:   Dev-Blueprints (B0D832E4-1F89-4F0D-ACCF-7EB736FD4AA2): 10
LogDevObjectVersion:   Dev-Build (E1C64328-A22C-4D53-A36C-8E866417BD8C): 0
LogDevObjectVersion:   Dev-Core (375EC13C-06E4-48FB-B500-84F0262A717E): 2
LogDevObjectVersion:   Dev-Editor (E4B068ED-F494-42E9-A231-DA0B2E46BB41): 20
LogDevObjectVersion:   Dev-Framework (CFFC743F-43B0-4480-9391-14DF171D2073): 30
LogDevObjectVersion:   Dev-Mobile (B02B49B5-BB20-44E9-A304-32B752E40360): 0
LogDevObjectVersion:   Dev-Networking (A4E4105C-59A1-49B5-A7C5-40C4547EDFEE): 0
LogDevObjectVersion:   Dev-Online (39C831C9-5AE6-47DC-9A44-9C173E1C8E7C): 0
LogDevObjectVersion:   Dev-Physics (78F01B33-EBEA-4F98-B9B4-84EACCB95AA2): 0
LogDevObjectVersion:   Dev-Platform (6631380F-2D4D-43E0-8009-CF276956A95A): 0
LogDevObjectVersion:   Dev-Rendering (12F88B9F-8875-4AFC-A67C-D90C383ABD29): 20
LogDevObjectVersion:   Dev-Sequencer (7B5AE74C-D270-4C10-A958-57980B212A5A): 4
LogDevObjectVersion:   Dev-VR (D7296918-1DD6-4BDD-9DE2-64A83CC13884): 0
LogDevObjectVersion:   Dev-LoadTimes (C2A15278-BFE7-4AFE-6C17-90FF531DF755): 1
LogDevObjectVersion:   Private-Geometry (6EACA3D4-40EC-4CC1-B786-8BED09428FC5): 1
LogDevObjectVersion:   Dev-AnimPhys (29E575DD-E0A3-4627-9D10-D276232CDCEA): 12
LogInit: Compiled (64-bit): Jan 12 2018 02:04:55
LogInit: Compiled with Visual C++: 19.00.24215.01
LogInit: Build Configuration: Development
LogInit: Branch Name: ++UE4+Release-4.18
LogInit: Command line:  
LogInit: Base directory: D:/Games/Epic Games/UE_4.18/Engine/Binaries/Win64/
LogInit: Installed Engine Build: 1
LogInit: Presizing for max 8388607 objects, including 0 objects not considered by GC, pre-allocating 0 bytes for permanent pool.
LogInit: Object subsystem initialized
[2018.05.14-09.28.30:784][  0]LogInit: Selected Device Profile: [Windows]
[2018.05.14-09.28.30:784][  0]LogInit: Applying CVar settings loaded from the selected device profile: [Windows]
[2018.05.14-09.28.30:795][  0]LogInit: Computer: DESKTOP-5CI3UJP
[2018.05.14-09.28.30:795][  0]LogInit: User: espas
[2018.05.14-09.28.30:795][  0]LogInit: CPU Page size=4096, Cores=4
[2018.05.14-09.28.30:795][  0]LogInit: High frequency timer resolution =2.338447 MHz
[2018.05.14-09.28.30:796][  0]LogMemory: Memory total: Physical=7.9GB (8GB approx)
[2018.05.14-09.28.30:796][  0]LogMemory: Platform Memory Stats for Windows
[2018.05.14-09.28.30:796][  0]LogMemory: Process Physical Memory: 272.80 MB used, 272.80 MB peak
[2018.05.14-09.28.30:796][  0]LogMemory: Process Virtual Memory: 270.18 MB used, 270.18 MB peak
[2018.05.14-09.28.30:796][  0]LogMemory: Physical Memory: 3867.68 MB used,  4212.90 MB free, 8080.58 MB total
[2018.05.14-09.28.30:796][  0]LogMemory: Virtual Memory: 663.92 MB used,  4212.90 MB free, 134217728.00 MB total
[2018.05.14-09.28.30:951][  0]LogInit: Overriding language with editor language configuration option (en).
[2018.05.14-09.28.30:951][  0]LogInit: Overriding locale with editor locale configuration option (en).
[2018.05.14-09.28.31:389][  0]LogInit: Setting process to per monitor DPI aware
[2018.05.14-09.28.31:697][  0]LogD3D11RHI: D3D11 adapters:
[2018.05.14-09.28.31:760][  0]LogD3D11RHI:    0. 'NVIDIA GeForce GTX 660M' (Feature Level 11_0)
[2018.05.14-09.28.31:760][  0]LogD3D11RHI:       2007/0/4040 MB DedicatedVideo/DedicatedSystem/SharedSystem, Outputs:1, VendorId:0x10de
[2018.05.14-09.28.31:764][  0]LogD3D11RHI:    1. 'Intel(R) HD Graphics 4000' (Feature Level 11_0)
[2018.05.14-09.28.31:764][  0]LogD3D11RHI:       32/0/1760 MB DedicatedVideo/DedicatedSystem/SharedSystem, Outputs:0, VendorId:0x8086
[2018.05.14-09.28.31:767][  0]LogD3D11RHI:    2. 'Microsoft Basic Render Driver' (Feature Level 11_0)
[2018.05.14-09.28.31:768][  0]LogD3D11RHI:       0/0/4040 MB DedicatedVideo/DedicatedSystem/SharedSystem, Outputs:0, VendorId:0x1414
[2018.05.14-09.28.31:768][  0]LogD3D11RHI: Chosen D3D11 Adapter: 0
[2018.05.14-09.28.31:774][  0]LogD3D11RHI: Creating new Direct3DDevice
[2018.05.14-09.28.31:774][  0]LogD3D11RHI:     GPU DeviceId: 0xfd4 (for the marketing name, search the web for "GPU Device Id")
[2018.05.14-09.28.31:774][  0]LogWindows: EnumDisplayDevices:
[2018.05.14-09.28.31:775][  0]LogWindows:    0. 'Intel(R) HD Graphics 4000' (P:1 D:1)
[2018.05.14-09.28.31:775][  0]LogWindows:    1. 'Intel(R) HD Graphics 4000' (P:0 D:0)
[2018.05.14-09.28.31:775][  0]LogWindows:    2. 'Intel(R) HD Graphics 4000' (P:0 D:0)
[2018.05.14-09.28.31:775][  0]LogWindows: DebugString: GetVideoDriverDetailsInvalid PrimaryIsNotTheChoosenAdapter GetVideoDriverDetailsInvalid PrimaryIsNotTheChoosenAdapter GetVideoDriverDetailsInvalid PrimaryIsNotTheChoosenAdapter FoundDriverCount:0 
[2018.05.14-09.28.31:775][  0]LogD3D11RHI:     Adapter Name: NVIDIA GeForce GTX 660M
[2018.05.14-09.28.31:775][  0]LogD3D11RHI:   Driver Version: Unknown (internal:Unknown, unified:Unknown)
[2018.05.14-09.28.31:775][  0]LogD3D11RHI:      Driver Date: Unknown
[2018.05.14-09.28.31:775][  0]LogRHI: Texture pool is 1405 MB (70% of 2007 MB)
[2018.05.14-09.28.31:816][  0]LogD3D11RHI: Async texture creation enabled
[2018.05.14-09.28.31:835][  0]LogD3D11RHI: GPU Timing Frequency: 1000.000000 (Debug: 2 2)
[2018.05.14-09.28.31:836][  0]LogShaderCompilers: Guid format shader working directory is -5 characters bigger than the processId version (../../../../../../Documents/Unreal Engine/MJ2Unreal/Intermediate/Shaders/WorkingDirectory/4592/).
[2018.05.14-09.28.31:836][  0]LogShaderCompilers: Cleaned the shader compiler working directory 'C:/Users/espas/AppData/Local/Temp/UnrealShaderWorkingDir/30FC415147E53031E8FAAFAA2C6AB8EA/'.
[2018.05.14-09.28.31:836][  0]LogShaderCompilers: Display: Using Local Shader Compiler.
[2018.05.14-09.28.32:916][  0]LogTemp: Display: Loaded TP AllDesktopTargetPlatform
[2018.05.14-09.28.32:974][  0]LogTemp: Display: Loaded TP MacClientTargetPlatform
[2018.05.14-09.28.33:032][  0]LogTemp: Display: Loaded TP MacNoEditorTargetPlatform
[2018.05.14-09.28.33:090][  0]LogTemp: Display: Loaded TP MacServerTargetPlatform
[2018.05.14-09.28.33:148][  0]LogTemp: Display: Loaded TP MacTargetPlatform
[2018.05.14-09.28.33:206][  0]LogTemp: Display: Loaded TP WindowsClientTargetPlatform
[2018.05.14-09.28.33:264][  0]LogTemp: Display: Loaded TP WindowsNoEditorTargetPlatform
[2018.05.14-09.28.33:321][  0]LogTemp: Display: Loaded TP WindowsServerTargetPlatform
[2018.05.14-09.28.33:371][  0]LogTemp: Display: Loaded TP WindowsTargetPlatform
[2018.05.14-09.28.33:429][  0]LogTemp: Display: Loaded TP Android_ASTCTargetPlatform
[2018.05.14-09.28.33:485][  0]LogTemp: Display: Loaded TP Android_ATCTargetPlatform
[2018.05.14-09.28.33:540][  0]LogTemp: Display: Loaded TP Android_DXTTargetPlatform
[2018.05.14-09.28.33:597][  0]LogTemp: Display: Loaded TP Android_ETC1TargetPlatform
[2018.05.14-09.28.33:653][  0]LogTemp: Display: Loaded TP Android_ETC2TargetPlatform
[2018.05.14-09.28.33:766][  0]LogTemp: Display: Loaded TP Android_MultiTargetPlatform
[2018.05.14-09.28.33:766][  0]LogTemp: Display: Loaded TP Android_PVRTCTargetPlatform
[2018.05.14-09.28.33:824][  0]LogTemp: Display: Loaded TP AndroidTargetPlatform
[2018.05.14-09.28.33:866][  0]LogTemp: Display: Loaded TP HTML5TargetPlatform
[2018.05.14-09.28.33:964][  0]LogTemp: Display: Loaded TP IOSTargetPlatform
[2018.05.14-09.28.33:994][  0]LogTemp: Display: Loaded TP TVOSTargetPlatform
[2018.05.14-09.28.34:051][  0]LogTemp: Display: Loaded TP LinuxClientTargetPlatform
[2018.05.14-09.28.34:107][  0]LogTemp: Display: Loaded TP LinuxNoEditorTargetPlatform
[2018.05.14-09.28.34:162][  0]LogTemp: Display: Loaded TP LinuxServerTargetPlatform
[2018.05.14-09.28.34:219][  0]LogTemp: Display: Loaded TP LinuxTargetPlatform
[2018.05.14-09.28.34:219][  0]LogTargetPlatformManager: Display: Building Assets For Windows
[2018.05.14-09.28.34:736][  0]LogDerivedDataCache: Display: Max Cache Size: 512 MB
[2018.05.14-09.28.34:812][  0]LogDerivedDataCache: Loaded boot cache 0.07s 78MB C:/Users/espas/AppData/Local/UnrealEngine/4.18/DerivedDataCache/Boot.ddc.
[2018.05.14-09.28.34:812][  0]LogDerivedDataCache: Display: Loaded Boot cache: C:/Users/espas/AppData/Local/UnrealEngine/4.18/DerivedDataCache/Boot.ddc
[2018.05.14-09.28.34:812][  0]LogDerivedDataCache: FDerivedDataBackendGraph:  Pak pak cache file ../../../../../../Documents/Unreal Engine/MJ2Unreal/DerivedDataCache/DDC.ddp not found, will not use a pak cache.
[2018.05.14-09.28.34:812][  0]LogDerivedDataCache: Unable to find inner node Pak for hierarchical cache Hierarchy.
[2018.05.14-09.28.34:812][  0]LogDerivedDataCache: FDerivedDataBackendGraph:  CompressedPak pak cache file ../../../../../../Documents/Unreal Engine/MJ2Unreal/DerivedDataCache/Compressed.ddp not found, will not use a pak cache.
[2018.05.14-09.28.34:812][  0]LogDerivedDataCache: Unable to find inner node CompressedPak for hierarchical cache Hierarchy.
[2018.05.14-09.28.34:830][  0]LogDerivedDataCache: Display: Pak cache opened for reading ../../../Engine/DerivedDataCache/Compressed.ddp.
[2018.05.14-09.28.34:843][  0]LogDerivedDataCache: Using Local data cache path C:/Users/espas/AppData/Local/UnrealEngine/Common/DerivedDataCache: Writable
[2018.05.14-09.28.34:856][  0]LogMaterial: Verifying Global Shaders for PCD3D_SM5
[2018.05.14-09.28.34:857][  0]LogSlate: Using Freetype 2.6.0
[2018.05.14-09.28.34:857][  0]LogSlate: SlateFontCache - WITH_FREETYPE: 1, WITH_HARFBUZZ: 1
[2018.05.14-09.28.34:857][  0]LogSlate: SlateFontCache - WITH_FREETYPE: 1, WITH_HARFBUZZ: 1
[2018.05.14-09.28.35:339][  0]LogInit: Selected Device Profile: [Windows]
[2018.05.14-09.28.35:631][  0]LogSimplygon: Simplygon DLL not present - disabling.
[2018.05.14-09.28.35:675][  0]LogMeshReduction: Using SimplygonSwarm for distributed automatic mesh merging
[2018.05.14-09.28.35:675][  0]LogMeshReduction: Using QuadricMeshReduction for automatic static mesh reduction
[2018.05.14-09.28.35:675][  0]LogMeshReduction: No automatic skeletal mesh reduction module available
[2018.05.14-09.28.35:675][  0]LogMeshReduction: No automatic mesh merging module available
[2018.05.14-09.28.35:675][  0]LogMeshMerging: No automatic mesh merging module available
[2018.05.14-09.28.35:801][  0]LogNetVersion: MyProject4 , NetCL: 3709383, EngineNetVer: 2, GameNetVer: 0 (Checksum: 1714626933)
[2018.05.14-09.28.35:998][  0]LogAssetRegistry: FAssetRegistry took 0.0269 seconds to start up
[2018.05.14-09.28.36:552][  0]LogPackageLocalizationCache: Processed 7 localized package path(s) for 1 prioritized culture(s) in 0.031235 seconds
[2018.05.14-09.28.36:557][  0]LogUObjectArray: 35870 objects as part of root set at end of initial load.
[2018.05.14-09.28.36:557][  0]LogUObjectAllocator: 7363696 out of 0 bytes used by permanent object pool.
[2018.05.14-09.28.36:558][  0]LogUObjectArray: CloseDisregardForGC: 0/0 objects in disregard for GC pool
[2018.05.14-09.28.36:615][  0]LogInit: WinSock: version 1.1 (2.2), MaxSocks=32767, MaxUdp=65467
[2018.05.14-09.28.39:667][  0]LogTcpMessaging: Initializing TcpMessaging bridge
[2018.05.14-09.28.39:718][  0]LogUdpMessaging: Initializing bridge on interface 0.0.0.0:0 to multicast group 230.0.0.1:6666.
[2018.05.14-09.28.40:500][  0]LogMaterial: Uniform references updated for custom material expression Custom.
[2018.05.14-09.28.40:987][  0]SourceControl: Source control is disabled
[2018.05.14-09.28.40:987][  0]SourceControl: Source control is disabled
[2018.05.14-09.28.41:050][  0]SourceControl: Source control is disabled
[2018.05.14-09.28.41:112][  0]SourceControl: Source control is disabled
[2018.05.14-09.28.42:067][  0]LogAndroidPermission: UAndroidPermissionCallbackProxy::GetInstance
[2018.05.14-09.28.42:382][  0]LogOcInput: OculusInput pre-init called
[2018.05.14-09.28.42:713][  0]LogEngine: Initializing Engine...
[2018.05.14-09.28.42:719][  0]LogHMD: Failed to initialize OpenVR with code 105
[2018.05.14-09.28.42:958][  0]LogStats: UGameplayTagsManager::ConstructGameplayTagTree: Construct from data asset -  0.000 s
[2018.05.14-09.28.42:959][  0]LogStats: UGameplayTagsManager::ConstructGameplayTagTree: GameplayTagTreeChangedEvent.Broadcast -  0.000 s
[2018.05.14-09.28.43:104][  0]LogAIModule: Creating AISystem for world Untitled
[2018.05.14-09.28.43:117][  0]LogInit: XAudio2 using 'Altavoces (Realtek High Definition Audio)' : 2 channels at 48 kHz using 32 bits per sample (channel mask 0x3)
[2018.05.14-09.28.43:139][  0]LogInit: FAudioDevice initialized.
[2018.05.14-09.28.43:232][  0]LogDerivedDataCache: Saved boot cache 0.09s 78MB C:/Users/espas/AppData/Local/UnrealEngine/4.18/DerivedDataCache/Boot.ddc.
[2018.05.14-09.28.43:243][  0]LogInit: Texture streaming: Enabled
[2018.05.14-09.28.43:351][  0]LogEngineSessionManager: EngineSessionManager initialized
[2018.05.14-09.28.43:490][  0]LogInit: Transaction tracking system initialized
[2018.05.14-09.28.43:833][  0]BlueprintLog: New page: Editor Load
[2018.05.14-09.28.44:784][  0]LocalizationService: Localization service is disabled
[2018.05.14-09.28.45:356][  0]LogLinker: Warning: Can't find file '/Game/ThirdPersonBP/ThirdPersonOverview'
[2018.05.14-09.28.45:356][  0]LogLinker: Warning: Can't find file '/Game/ThirdPersonBP/ThirdPersonOverview'
[2018.05.14-09.28.45:356][  0]LogUObjectGlobals: Warning: Failed to find object 'Class /Game/ThirdPersonBP/ThirdPersonOverview.ThirdPersonOverview_C'
[2018.05.14-09.28.45:598][  0]LogConsoleResponse: Display: 
[2018.05.14-09.28.45:812][  0]LogCook: Display: Max memory allowance for cook 16384mb min free memory 0mb
[2018.05.14-09.28.45:812][  0]LogCook: Display: Mobile HDR setting 1
[2018.05.14-09.28.45:812][  0]LogGameplayTags: Display: UGameplayTagsManager::DoneAddingNativeTags. DelegateIsBound: 0
[2018.05.14-09.28.45:819][  0]LogFileCache: Scanning file cache for directory 'D:/Documents/Unreal Engine/MJ2Unreal/Content/' took 0.01s
[2018.05.14-09.28.47:187][  0]SourceControl: Source control is disabled
[2018.05.14-09.28.47:187][  0]Cmd: MAP LOAD FILE="../../../../../../Documents/Unreal Engine/MJ2Unreal/Content/Levels/ThirdPersonExampleMap.umap" TEMPLATE=0 SHOWPROGRESS=1 FEATURELEVEL=3
[2018.05.14-09.28.47:188][  0]LightingResults: New page: Lighting Build
[2018.05.14-09.28.47:233][  0]MapCheck: New page: Map Check
[2018.05.14-09.28.47:233][  0]LightingResults: New page: Lighting Build
[2018.05.14-09.28.47:484][  0]LogLinker: Warning: Can't find file '/Game/skyBLACK'
[2018.05.14-09.28.47:484][  0]LogLinker: Warning: Can't find file for asset '/Game/skyBLACK' while loading ../../../Engine/Content/EngineSky/BP_Sky_Sphere.uasset.
[2018.05.14-09.28.47:484][  0]LoadErrors: Error: /Engine/EngineSky/BP_Sky_Sphere : Can't find file for asset. /Game/skyBLACK
[2018.05.14-09.28.47:488][  0]LogLinker: Warning: Can't find file '/Game/skyBLACK'
[2018.05.14-09.28.47:488][  0]LogLinker: Warning: Can't find file for asset '/Game/skyBLACK' while loading ../../../Engine/Content/EngineSky/BP_Sky_Sphere.uasset.
[2018.05.14-09.28.47:488][  0]LoadErrors: Error: /Engine/EngineSky/BP_Sky_Sphere : Can't find file for asset. /Game/skyBLACK
[2018.05.14-09.28.47:490][  0]LogLinker: Warning: Can't find file '/Game/skyBLACK'
[2018.05.14-09.28.47:490][  0]LogLinker: Warning: Can't find file for asset '/Game/skyBLACK' while loading ../../../../../../Documents/Unreal Engine/MJ2Unreal/Content/Levels/ThirdPersonExampleMap.umap.
[2018.05.14-09.28.47:490][  0]LoadErrors: Error: /Game/Levels/ThirdPersonExampleMap : Can't find file for asset. /Game/skyBLACK
[2018.05.14-09.28.47:490][  0]LogLinker: Warning: Can't find file '/Game/skyBLACK'
[2018.05.14-09.28.47:490][  0]LogLinker: Warning: Can't find file for asset '/Game/skyBLACK' while loading ../../../../../../Documents/Unreal Engine/MJ2Unreal/Content/Levels/ThirdPersonExampleMap.umap.
[2018.05.14-09.28.47:490][  0]LoadErrors: Error: /Game/Levels/ThirdPersonExampleMap : Can't find file for asset. /Game/skyBLACK
[2018.05.14-09.28.47:498][  0]LogLinker: Warning: Can't find file '/Game/skyBLACK'
[2018.05.14-09.28.47:498][  0]LoadErrors: Failed to load /Game/skyBLACK.skyBLACK Referenced by K2Node_CallFunction_40283
[2018.05.14-09.28.47:498][  0]LogLinker: Warning: Can't find file for asset '/Game/skyBLACK' while loading ../../../../../../Documents/Unreal Engine/MJ2Unreal/Content/Levels/ThirdPersonExampleMap.umap.
[2018.05.14-09.28.47:499][  0]LoadErrors: Failed to load /Game/skyBLACK.skyBLACK Referenced by K2Node_CallFunction_40283
[2018.05.14-09.28.47:499][  0]LoadErrors: Error: /Game/Levels/ThirdPersonExampleMap : Can't find file for asset. /Game/skyBLACK
[2018.05.14-09.28.47:892][  0]LogAIModule: Creating AISystem for world ThirdPersonExampleMap
[2018.05.14-09.28.47:943][  0]LogEditorServer: Finished looking for orphan Actors (0.000 secs)
[2018.05.14-09.28.47:955][  0]Cmd: MAP CHECKDEP NOCLEARLOG
[2018.05.14-09.28.48:023][  0]MapCheck: Map check complete: 0 Error(s), 0 Warning(s), took 67.934ms to complete.
[2018.05.14-09.28.48:023][  0]LogFileHelpers: Loading map 'ThirdPersonExampleMap' took 0.836
[2018.05.14-09.28.48:181][  0]LogCollectionManager: Loaded 0 collections in 0.002489 seconds
[2018.05.14-09.28.48:267][  0]LogFileCache: Scanning file cache for directory 'D:/Documents/Unreal Engine/MJ2Unreal/Saved/Collections/' took 0.01s
[2018.05.14-09.28.48:267][  0]LogFileCache: Scanning file cache for directory 'D:/Documents/Unreal Engine/MJ2Unreal/Content/Developers/espas/Collections/' took 0.01s
[2018.05.14-09.28.48:267][  0]LogFileCache: Scanning file cache for directory 'D:/Documents/Unreal Engine/MJ2Unreal/Content/Collections/' took 0.01s
[2018.05.14-09.28.48:267][  0]LogCollectionManager: Rebuilt the GUID cache for 0 collections in 0.000001 seconds
[2018.05.14-09.28.48:277][  0]LogContentBrowser: Native class hierarchy populated in 0.0104 seconds. Added 2363 classes and 519 folders.
[2018.05.14-09.28.48:347][  0]LogContentBrowser: Native class hierarchy updated for 'WidgetCarousel' in 0.0003 seconds. Added 0 classes and 0 folders.
[2018.05.14-09.28.48:402][  0]LogContentBrowser: Native class hierarchy updated for 'AddContentDialog' in 0.0002 seconds. Added 0 classes and 0 folders.
[2018.05.14-09.28.48:454][  0]LogContentBrowser: Native class hierarchy updated for 'SceneOutliner' in 0.0003 seconds. Added 1 classes and 2 folders.
[2018.05.14-09.28.48:572][  0]LogSlate: Took 0.000275 seconds to synchronously load lazily loaded font '../../../Engine/Content/Slate/Fonts/Roboto-Regular.ttf' (155K)
[2018.05.14-09.28.48:574][  0]LogSlate: Took 0.000230 seconds to synchronously load lazily loaded font '../../../Engine/Content/Slate/Fonts/Roboto-Bold.ttf' (160K)
[2018.05.14-09.28.48:580][  0]LogSlate: Took 0.000236 seconds to synchronously load lazily loaded font '../../../Engine/Content/Editor/Slate/Fonts/FontAwesome.ttf' (139K)
[2018.05.14-09.28.48:690][  0]LogRenderer: Reallocating scene render targets to support 1112x612 Format 10 NumSamples 1 (Frame:1).
[2018.05.14-09.28.48:885][  0]LogContentBrowser: Native class hierarchy updated for 'HierarchicalLODOutliner' in 0.0003 seconds. Added 1 classes and 2 folders.
[2018.05.14-09.28.48:885][  0]LogLoad: (Engine Initialization) Total time: 21.01 seconds
[2018.05.14-09.28.48:885][  0]LogLoad: (Engine Initialization) Total Blueprint compile time: 0.00 seconds
[2018.05.14-09.28.48:885][  0]LogExternalProfiler: Found external profiler: VSPerf
[2018.05.14-09.28.48:885][  0]LogExternalProfiler: Using external profiler: VSPerf
[2018.05.14-09.28.49:257][  0]LogContentStreaming: Texture pool size now 1000 MB
[2018.05.14-09.28.49:373][  0]LogSlate: Took 0.000231 seconds to synchronously load lazily loaded font '../../../Engine/Content/Slate/Fonts/Roboto-Light.ttf' (159K)
[2018.05.14-09.28.49:558][  1]LogFileCache: Retrieving MD5 hashes for directory 'D:/Documents/Unreal Engine/MJ2Unreal/Content/' took 0.32s
[2018.05.14-09.28.49:572][  1]LogAssetRegistry: Asset discovery search completed in 13.5960 seconds
[2018.05.14-09.28.49:575][  1]LogCollectionManager: Rebuilt the object cache for 0 collections in 0.000001 seconds (found 0 objects)
[2018.05.14-09.28.49:575][  1]LogCollectionManager: Fixed up redirectors for 0 collections in 0.000078 seconds (updated 0 objects)
[2018.05.14-09.30.02:139][407]LogSlate: Took 0.000260 seconds to synchronously load lazily loaded font '../../../Engine/Content/Slate/Fonts/Roboto-Light.ttf' (159K)
[2018.05.14-09.30.02:949][407]LogContentBrowser: Native class hierarchy updated for 'BlueprintGraph' in 0.0007 seconds. Added 116 classes and 0 folders.
[2018.05.14-09.30.04:539][407]LogSlate: Took 0.016338 seconds to synchronously load lazily loaded font '../../../Engine/Content/Editor/Slate/Fonts/Roboto-BoldCondensed.ttf' (158K)
[2018.05.14-09.30.05:061][408]LogSlate: Took 0.013095 seconds to synchronously load lazily loaded font '../../../Engine/Content/Editor/Slate/Fonts/Roboto-Italic.ttf' (157K)
[2018.05.14-09.30.15:218][399]LogSlate: Took 0.000251 seconds to synchronously load lazily loaded font '../../../Engine/Content/Slate/Fonts/Roboto-Light.ttf' (159K)
[2018.05.14-09.47.48:247][ 36]LogTemp: Repeating last play command: Selected Viewport
[2018.05.14-09.47.48:669][ 36]LogBlueprintUserMessages: Early PlayInEditor Detection: Level '/Game/Levels/ThirdPersonExampleMap.ThirdPersonExampleMap:PersistentLevel' has LevelScriptBlueprint '/Game/Levels/ThirdPersonExampleMap.ThirdPersonExampleMap:PersistentLevel.ThirdPersonExampleMap' with GeneratedClass '/Game/Levels/ThirdPersonExampleMap.ThirdPersonExampleMap_C' with ClassGeneratedBy '/Game/Levels/ThirdPersonExampleMap.ThirdPersonExampleMap:PersistentLevel.ThirdPersonExampleMap'
[2018.05.14-09.47.48:686][ 36]LogPlayLevel: PlayLevel: No blueprints needed recompiling
[2018.05.14-09.47.48:723][ 36]PIE: New page: PIE session: ThirdPersonExampleMap (May 14, 2018, 1:47:48 PM)
[2018.05.14-09.47.48:723][ 36]LogPlayLevel: Creating play world package: /Game/Levels/UEDPIE_0_ThirdPersonExampleMap
[2018.05.14-09.47.48:792][ 36]LogPlayLevel: PIE: StaticDuplicateObject took: (0.069374s)
[2018.05.14-09.47.48:794][ 36]LogAIModule: Creating AISystem for world ThirdPersonExampleMap
[2018.05.14-09.47.48:794][ 36]LogPlayLevel: PIE: World Init took: (0.001382s)
[2018.05.14-09.47.48:794][ 36]LogPlayLevel: PIE: Created PIE world by copying editor world from /Game/Levels/ThirdPersonExampleMap.ThirdPersonExampleMap to /Game/Levels/UEDPIE_0_ThirdPersonExampleMap.ThirdPersonExampleMap (0.071250s)
[2018.05.14-09.47.48:837][ 36]LogInit: XAudio2 using 'Altavoces (Realtek High Definition Audio)' : 2 channels at 48 kHz using 32 bits per sample (channel mask 0x3)
[2018.05.14-09.47.48:852][ 36]LogInit: FAudioDevice initialized.
[2018.05.14-09.47.48:906][ 36]LogLinker: Warning: Can't find file '/Game/ThirdPersonBP/Blueprints/ThirdPersonGameMode'
[2018.05.14-09.47.48:906][ 36]LogLinker: Warning: Can't find file '/Game/ThirdPersonBP/Blueprints/ThirdPersonGameMode'
[2018.05.14-09.47.48:906][ 36]LogUObjectGlobals: Warning: Failed to find object 'Class /Game/ThirdPersonBP/Blueprints/ThirdPersonGameMode.ThirdPersonGameMode_C'
[2018.05.14-09.47.48:907][ 36]LogLoad: Game class is 'GameModeBase'
[2018.05.14-09.47.48:944][ 36]LogWorld: Bringing World /Game/Levels/UEDPIE_0_ThirdPersonExampleMap.ThirdPersonExampleMap up for play (max tick rate 0) at 2018.05.14-11.47.48
[2018.05.14-09.47.48:991][ 36]LogWorld: Bringing up level for play took: 0.072964
[2018.05.14-09.47.49:101][ 36]LogContentBrowser: Native class hierarchy updated for 'MovieSceneCapture' in 0.0004 seconds. Added 11 classes and 0 folders.
[2018.05.14-09.47.49:102][ 36]PIE: Play in editor start time for /Game/Levels/UEDPIE_0_ThirdPersonExampleMap -0.347
[2018.05.14-09.47.49:103][ 36]LogBlueprintUserMessages: Late PlayInEditor Detection: Level '/Game/Levels/ThirdPersonExampleMap.ThirdPersonExampleMap:PersistentLevel' has LevelScriptBlueprint '/Game/Levels/ThirdPersonExampleMap.ThirdPersonExampleMap:PersistentLevel.ThirdPersonExampleMap' with GeneratedClass '/Game/Levels/ThirdPersonExampleMap.ThirdPersonExampleMap_C' with ClassGeneratedBy '/Game/Levels/ThirdPersonExampleMap.ThirdPersonExampleMap:PersistentLevel.ThirdPersonExampleMap'
[2018.05.14-09.47.57:119][505]LogBlueprintUserMessages: Early EndPlayMap Detection: Level '/Game/Levels/ThirdPersonExampleMap.ThirdPersonExampleMap:PersistentLevel' has LevelScriptBlueprint '/Game/Levels/ThirdPersonExampleMap.ThirdPersonExampleMap:PersistentLevel.ThirdPersonExampleMap' with GeneratedClass '/Game/Levels/ThirdPersonExampleMap.ThirdPersonExampleMap_C' with ClassGeneratedBy '/Game/Levels/ThirdPersonExampleMap.ThirdPersonExampleMap:PersistentLevel.ThirdPersonExampleMap'
[2018.05.14-09.47.57:214][505]LogBlueprintUserMessages: Late EndPlayMap Detection: Level '/Game/Levels/ThirdPersonExampleMap.ThirdPersonExampleMap:PersistentLevel' has LevelScriptBlueprint '/Game/Levels/ThirdPersonExampleMap.ThirdPersonExampleMap:PersistentLevel.ThirdPersonExampleMap' with GeneratedClass '/Game/Levels/ThirdPersonExampleMap.ThirdPersonExampleMap_C' with ClassGeneratedBy '/Game/Levels/ThirdPersonExampleMap.ThirdPersonExampleMap:PersistentLevel.ThirdPersonExampleMap'
[2018.05.14-09.50.00:076][ 66]LogHttp: Warning: 0000016D9EF6B580: request failed, libcurl error: 6 (Couldn't resolve host name)
[2018.05.14-09.50.00:076][ 66]LogHttp: Warning: 0000016D9EF6B580: libcurl info message cache 0 (Connection 3 seems to be dead!)
[2018.05.14-09.50.00:076][ 66]LogHttp: Warning: 0000016D9EF6B580: libcurl info message cache 1 (Closing connection 3)
[2018.05.14-09.50.00:076][ 66]LogHttp: Warning: 0000016D9EF6B580: libcurl info message cache 2 (TLSv1.2 (OUT), TLS alert, Client hello (1):)
[2018.05.14-09.50.00:076][ 66]LogHttp: Warning: 0000016D9EF6B580: libcurl info message cache 3 (Could not resolve host: datarouter.ol.epicgames.com)
[2018.05.14-09.50.00:076][ 66]LogHttp: Warning: 0000016D9EF6B580: libcurl info message cache 4 (Closing connection 4)
[2018.05.14-10.24.00:689][798]LogEditorViewport: Clicking on Actor (LMB): LightmassImportanceVolume (LightmassImportanceVolume)
[2018.05.14-10.24.31:555][626]LogRenderer: Reallocating scene render targets to support 1112x616 Format 10 NumSamples 1 (Frame:50257).
[2018.05.14-10.24.31:601][627]LogRenderer: Reallocating scene render targets to support 1112x636 Format 10 NumSamples 1 (Frame:50259).
[2018.05.14-10.24.31:648][628]LogRenderer: Reallocating scene render targets to support 1112x660 Format 10 NumSamples 1 (Frame:50261).
[2018.05.14-10.24.31:739][630]LogRenderer: Reallocating scene render targets to support 1112x672 Format 10 NumSamples 1 (Frame:50265).
[2018.05.14-10.24.31:794][631]LogRenderer: Reallocating scene render targets to support 1112x676 Format 10 NumSamples 1 (Frame:50267).
[2018.05.14-10.25.06:524][638]LogEditorViewport: Clicking on Actor (LMB): BP_Sky_Sphere_C (SkySphereBlueprint)
[2018.05.14-10.25.07:311][680]LogEditorViewport: Clicking on Actor (LMB): PostProcessVolume (PostProcessVolume)
[2018.05.14-10.25.09:423][800]LogEditorViewport: Clicking on Actor (LMB): BP_Sky_Sphere_C (SkySphereBlueprint)
[2018.05.14-10.25.10:016][831]LogEditorViewport: Clicking on Actor (LMB): PostProcessVolume (PostProcessVolume2)
[2018.05.14-10.25.11:154][892]Cmd: DELETE
[2018.05.14-10.25.11:154][892]Cmd: ACTOR DELETE
[2018.05.14-10.25.11:272][892]LogEditorActor: Deleted Actor: PostProcessVolume
[2018.05.14-10.25.11:291][892]LogEditorActor: Deleted 1 Actors (0.053 secs)
[2018.05.14-10.25.12:122][941]LogEditorViewport: Clicking on Actor (LMB): PostProcessVolume (PostProcessVolume)
[2018.05.14-10.25.20:645][444]LogTemp: Repeating last play command: Selected Viewport
[2018.05.14-10.25.20:665][444]LogBlueprintUserMessages: Early PlayInEditor Detection: Level '/Game/Levels/ThirdPersonExampleMap.ThirdPersonExampleMap:PersistentLevel' has LevelScriptBlueprint '/Game/Levels/ThirdPersonExampleMap.ThirdPersonExampleMap:PersistentLevel.ThirdPersonExampleMap' with GeneratedClass '/Game/Levels/ThirdPersonExampleMap.ThirdPersonExampleMap_C' with ClassGeneratedBy '/Game/Levels/ThirdPersonExampleMap.ThirdPersonExampleMap:PersistentLevel.ThirdPersonExampleMap'
[2018.05.14-10.25.20:666][444]LogPlayLevel: PlayLevel: No blueprints needed recompiling
[2018.05.14-10.25.20:666][444]PIE: New page: PIE session: ThirdPersonExampleMap (May 14, 2018, 2:25:20 PM)
[2018.05.14-10.25.20:666][444]LogPlayLevel: Creating play world package: /Game/Levels/UEDPIE_0_ThirdPersonExampleMap
[2018.05.14-10.25.20:704][444]LogPlayLevel: PIE: StaticDuplicateObject took: (0.038313s)
[2018.05.14-10.25.20:705][444]LogAIModule: Creating AISystem for world ThirdPersonExampleMap
[2018.05.14-10.25.20:705][444]LogPlayLevel: PIE: World Init took: (0.001132s)
[2018.05.14-10.25.20:706][444]LogPlayLevel: PIE: Created PIE world by copying editor world from /Game/Levels/ThirdPersonExampleMap.ThirdPersonExampleMap to /Game/Levels/UEDPIE_0_ThirdPersonExampleMap.ThirdPersonExampleMap (0.039882s)
[2018.05.14-10.25.20:729][444]LogInit: XAudio2 using 'Altavoces (Realtek High Definition Audio)' : 2 channels at 48 kHz using 32 bits per sample (channel mask 0x3)
[2018.05.14-10.25.20:743][444]LogInit: FAudioDevice initialized.
[2018.05.14-10.25.20:818][444]LogLoad: Game class is 'GameModeBase'
[2018.05.14-10.25.20:824][444]LogWorld: Bringing World /Game/Levels/UEDPIE_0_ThirdPersonExampleMap.ThirdPersonExampleMap up for play (max tick rate 60) at 2018.05.14-12.25.20
[2018.05.14-10.25.20:825][444]LogWorld: Bringing up level for play took: 0.006001
[2018.05.14-10.25.20:826][444]PIE: Play in editor start time for /Game/Levels/UEDPIE_0_ThirdPersonExampleMap -0.623
[2018.05.14-10.25.20:826][444]LogBlueprintUserMessages: Late PlayInEditor Detection: Level '/Game/Levels/ThirdPersonExampleMap.ThirdPersonExampleMap:PersistentLevel' has LevelScriptBlueprint '/Game/Levels/ThirdPersonExampleMap.ThirdPersonExampleMap:PersistentLevel.ThirdPersonExampleMap' with GeneratedClass '/Game/Levels/ThirdPersonExampleMap.ThirdPersonExampleMap_C' with ClassGeneratedBy '/Game/Levels/ThirdPersonExampleMap.ThirdPersonExampleMap:PersistentLevel.ThirdPersonExampleMap'
[2018.05.14-10.25.22:344][530]LogBlueprintUserMessages: Early EndPlayMap Detection: Level '/Game/Levels/ThirdPersonExampleMap.ThirdPersonExampleMap:PersistentLevel' has LevelScriptBlueprint '/Game/Levels/ThirdPersonExampleMap.ThirdPersonExampleMap:PersistentLevel.ThirdPersonExampleMap' with GeneratedClass '/Game/Levels/ThirdPersonExampleMap.ThirdPersonExampleMap_C' with ClassGeneratedBy '/Game/Levels/ThirdPersonExampleMap.ThirdPersonExampleMap:PersistentLevel.ThirdPersonExampleMap'
[2018.05.14-10.25.22:392][530]LogBlueprintUserMessages: Late EndPlayMap Detection: Level '/Game/Levels/ThirdPersonExampleMap.ThirdPersonExampleMap:PersistentLevel' has LevelScriptBlueprint '/Game/Levels/ThirdPersonExampleMap.ThirdPersonExampleMap:PersistentLevel.ThirdPersonExampleMap' with GeneratedClass '/Game/Levels/ThirdPersonExampleMap.ThirdPersonExampleMap_C' with ClassGeneratedBy '/Game/Levels/ThirdPersonExampleMap.ThirdPersonExampleMap:PersistentLevel.ThirdPersonExampleMap'
[2018.05.14-10.25.46:847][961]LogEditorViewport: Clicking on Actor (LMB): BP_Sky_Sphere_C (SkySphereBlueprint)
[2018.05.14-10.25.47:989][ 25]LogEditorViewport: Clicking on Actor (LMB): PostProcessVolume (PostProcessVolume)
[2018.05.14-10.25.59:707][703]Cmd: CAMERA ALIGN ACTIVEVIEWPORTONLY
[2018.05.14-10.26.11:312][350]LogTemp: Repeating last play command: Selected Viewport
[2018.05.14-10.26.11:333][350]LogBlueprintUserMessages: Early PlayInEditor Detection: Level '/Game/Levels/ThirdPersonExampleMap.ThirdPersonExampleMap:PersistentLevel' has LevelScriptBlueprint '/Game/Levels/ThirdPersonExampleMap.ThirdPersonExampleMap:PersistentLevel.ThirdPersonExampleMap' with GeneratedClass '/Game/Levels/ThirdPersonExampleMap.ThirdPersonExampleMap_C' with ClassGeneratedBy '/Game/Levels/ThirdPersonExampleMap.ThirdPersonExampleMap:PersistentLevel.ThirdPersonExampleMap'
[2018.05.14-10.26.11:333][350]LogPlayLevel: PlayLevel: No blueprints needed recompiling
[2018.05.14-10.26.11:333][350]PIE: New page: PIE session: ThirdPersonExampleMap (May 14, 2018, 2:26:11 PM)
[2018.05.14-10.26.11:333][350]LogPlayLevel: Creating play world package: /Game/Levels/UEDPIE_0_ThirdPersonExampleMap
[2018.05.14-10.26.11:370][350]LogPlayLevel: PIE: StaticDuplicateObject took: (0.037406s)
[2018.05.14-10.26.11:371][350]LogAIModule: Creating AISystem for world ThirdPersonExampleMap
[2018.05.14-10.26.11:372][350]LogPlayLevel: PIE: World Init took: (0.001226s)
[2018.05.14-10.26.11:372][350]LogPlayLevel: PIE: Created PIE world by copying editor world from /Game/Levels/ThirdPersonExampleMap.ThirdPersonExampleMap to /Game/Levels/UEDPIE_0_ThirdPersonExampleMap.ThirdPersonExampleMap (0.039103s)
[2018.05.14-10.26.11:397][350]LogInit: XAudio2 using 'Altavoces (Realtek High Definition Audio)' : 2 channels at 48 kHz using 32 bits per sample (channel mask 0x3)
[2018.05.14-10.26.11:409][350]LogInit: FAudioDevice initialized.
[2018.05.14-10.26.11:441][350]LogLoad: Game class is 'GameModeBase'
[2018.05.14-10.26.11:447][350]LogWorld: Bringing World /Game/Levels/UEDPIE_0_ThirdPersonExampleMap.ThirdPersonExampleMap up for play (max tick rate 60) at 2018.05.14-12.26.11
[2018.05.14-10.26.11:447][350]LogWorld: Bringing up level for play took: 0.005675
[2018.05.14-10.26.11:449][350]PIE: Play in editor start time for /Game/Levels/UEDPIE_0_ThirdPersonExampleMap -0.001
[2018.05.14-10.26.11:449][350]LogBlueprintUserMessages: Late PlayInEditor Detection: Level '/Game/Levels/ThirdPersonExampleMap.ThirdPersonExampleMap:PersistentLevel' has LevelScriptBlueprint '/Game/Levels/ThirdPersonExampleMap.ThirdPersonExampleMap:PersistentLevel.ThirdPersonExampleMap' with GeneratedClass '/Game/Levels/ThirdPersonExampleMap.ThirdPersonExampleMap_C' with ClassGeneratedBy '/Game/Levels/ThirdPersonExampleMap.ThirdPersonExampleMap:PersistentLevel.ThirdPersonExampleMap'
[2018.05.14-10.26.17:244][692]LogBlueprintUserMessages: Early EndPlayMap Detection: Level '/Game/Levels/ThirdPersonExampleMap.ThirdPersonExampleMap:PersistentLevel' has LevelScriptBlueprint '/Game/Levels/ThirdPersonExampleMap.ThirdPersonExampleMap:PersistentLevel.ThirdPersonExampleMap' with GeneratedClass '/Game/Levels/ThirdPersonExampleMap.ThirdPersonExampleMap_C' with ClassGeneratedBy '/Game/Levels/ThirdPersonExampleMap.ThirdPersonExampleMap:PersistentLevel.ThirdPersonExampleMap'
[2018.05.14-10.26.17:292][692]LogBlueprintUserMessages: Late EndPlayMap Detection: Level '/Game/Levels/ThirdPersonExampleMap.ThirdPersonExampleMap:PersistentLevel' has LevelScriptBlueprint '/Game/Levels/ThirdPersonExampleMap.ThirdPersonExampleMap:PersistentLevel.ThirdPersonExampleMap' with GeneratedClass '/Game/Levels/ThirdPersonExampleMap.ThirdPersonExampleMap_C' with ClassGeneratedBy '/Game/Levels/ThirdPersonExampleMap.ThirdPersonExampleMap:PersistentLevel.ThirdPersonExampleMap'
[2018.05.14-10.26.47:355][473]LogTemp: Repeating last play command: Selected Viewport
[2018.05.14-10.26.47:376][473]LogBlueprintUserMessages: Early PlayInEditor Detection: Level '/Game/Levels/ThirdPersonExampleMap.ThirdPersonExampleMap:PersistentLevel' has LevelScriptBlueprint '/Game/Levels/ThirdPersonExampleMap.ThirdPersonExampleMap:PersistentLevel.ThirdPersonExampleMap' with GeneratedClass '/Game/Levels/ThirdPersonExampleMap.ThirdPersonExampleMap_C' with ClassGeneratedBy '/Game/Levels/ThirdPersonExampleMap.ThirdPersonExampleMap:PersistentLevel.ThirdPersonExampleMap'
[2018.05.14-10.26.47:376][473]LogPlayLevel: PlayLevel: No blueprints needed recompiling
[2018.05.14-10.26.47:376][473]PIE: New page: PIE session: ThirdPersonExampleMap (May 14, 2018, 2:26:47 PM)
[2018.05.14-10.26.47:376][473]LogPlayLevel: Creating play world package: /Game/Levels/UEDPIE_0_ThirdPersonExampleMap
[2018.05.14-10.26.47:414][473]LogPlayLevel: PIE: StaticDuplicateObject took: (0.037913s)
[2018.05.14-10.26.47:415][473]LogAIModule: Creating AISystem for world ThirdPersonExampleMap
[2018.05.14-10.26.47:415][473]LogPlayLevel: PIE: World Init took: (0.001112s)
[2018.05.14-10.26.47:416][473]LogPlayLevel: PIE: Created PIE world by copying editor world from /Game/Levels/ThirdPersonExampleMap.ThirdPersonExampleMap to /Game/Levels/UEDPIE_0_ThirdPersonExampleMap.ThirdPersonExampleMap (0.039426s)
[2018.05.14-10.26.47:441][473]LogInit: XAudio2 using 'Altavoces (Realtek High Definition Audio)' : 2 channels at 48 kHz using 32 bits per sample (channel mask 0x3)
[2018.05.14-10.26.47:453][473]LogInit: FAudioDevice initialized.
[2018.05.14-10.26.47:487][473]LogLoad: Game class is 'GameModeBase'
[2018.05.14-10.26.47:493][473]LogWorld: Bringing World /Game/Levels/UEDPIE_0_ThirdPersonExampleMap.ThirdPersonExampleMap up for play (max tick rate 60) at 2018.05.14-12.26.47
[2018.05.14-10.26.47:494][473]LogWorld: Bringing up level for play took: 0.005912
[2018.05.14-10.26.47:495][473]PIE: Play in editor start time for /Game/Levels/UEDPIE_0_ThirdPersonExampleMap 0.046
[2018.05.14-10.26.47:496][473]LogBlueprintUserMessages: Late PlayInEditor Detection: Level '/Game/Levels/ThirdPersonExampleMap.ThirdPersonExampleMap:PersistentLevel' has LevelScriptBlueprint '/Game/Levels/ThirdPersonExampleMap.ThirdPersonExampleMap:PersistentLevel.ThirdPersonExampleMap' with GeneratedClass '/Game/Levels/ThirdPersonExampleMap.ThirdPersonExampleMap_C' with ClassGeneratedBy '/Game/Levels/ThirdPersonExampleMap.ThirdPersonExampleMap:PersistentLevel.ThirdPersonExampleMap'
[2018.05.14-10.27.22:044][513]LogBlueprintUserMessages: Early EndPlayMap Detection: Level '/Game/Levels/ThirdPersonExampleMap.ThirdPersonExampleMap:PersistentLevel' has LevelScriptBlueprint '/Game/Levels/ThirdPersonExampleMap.ThirdPersonExampleMap:PersistentLevel.ThirdPersonExampleMap' with GeneratedClass '/Game/Levels/ThirdPersonExampleMap.ThirdPersonExampleMap_C' with ClassGeneratedBy '/Game/Levels/ThirdPersonExampleMap.ThirdPersonExampleMap:PersistentLevel.ThirdPersonExampleMap'
[2018.05.14-10.27.22:084][513]LogBlueprintUserMessages: Late EndPlayMap Detection: Level '/Game/Levels/ThirdPersonExampleMap.ThirdPersonExampleMap:PersistentLevel' has LevelScriptBlueprint '/Game/Levels/ThirdPersonExampleMap.ThirdPersonExampleMap:PersistentLevel.ThirdPersonExampleMap' with GeneratedClass '/Game/Levels/ThirdPersonExampleMap.ThirdPersonExampleMap_C' with ClassGeneratedBy '/Game/Levels/ThirdPersonExampleMap.ThirdPersonExampleMap:PersistentLevel.ThirdPersonExampleMap'
[2018.05.14-10.27.46:675][956]LogSavePackage: Save=352.60ms
[2018.05.14-10.27.46:675][956]LogSavePackage: Moving '../../../../../../Documents/Unreal Engine/MJ2Unreal/Saved/ThirdPersonExampleMap_Auto1AB037A8140EFC7852F6A03A72CA836E8.tmp' to '../../../../../../Documents/Unreal Engine/MJ2Unreal/Saved/Autosaves/Game/Levels/ThirdPersonExampleMap_Auto1.umap'
[2018.05.14-10.27.46:677][956]LogSavePackage: Display: Finished SavePackage ../../../../../../Documents/Unreal Engine/MJ2Unreal/Saved/Autosaves/Game/Levels/ThirdPersonExampleMap_Auto1.umap
[2018.05.14-10.27.46:680][956]LogFileHelpers: Editor autosave (incl. sublevels) for '/Game/Levels/ThirdPersonExampleMap' took 0.395
[2018.05.14-10.27.46:680][956]LogFileHelpers: Editor autosave (incl. sublevels) for all levels took 0.395
[2018.05.14-10.28.23:835][129]LogSavePackage: Save=326.11ms
[2018.05.14-10.28.23:835][129]LogSavePackage: Moving '../../../../../../Documents/Unreal Engine/MJ2Unreal/Saved/ThirdPersonExampleMap5740DF584888F973A0CEDAB7EC5DD288.tmp' to '../../../../../../Documents/Unreal Engine/MJ2Unreal/Content/Levels/ThirdPersonExampleMap.umap'
[2018.05.14-10.28.23:841][129]LogSavePackage: Display: Finished SavePackage ../../../../../../Documents/Unreal Engine/MJ2Unreal/Content/Levels/ThirdPersonExampleMap.umap
[2018.05.14-10.28.25:694][231]Cmd: OBJ SAVEPACKAGE PACKAGE="/Engine/EngineSky/BP_Sky_Sphere" FILE="../../../Engine/Content/EngineSky/BP_Sky_Sphere.uasset" SILENT=true
[2018.05.14-10.28.25:886][231]LogSavePackage: Save=183.93ms
[2018.05.14-10.28.25:886][231]LogSavePackage: Moving '../../../../../../Documents/Unreal Engine/MJ2Unreal/Saved/BP_Sky_Sphere4DEF7A744065DF1EA0A859806D52DBA5.tmp' to '../../../Engine/Content/EngineSky/BP_Sky_Sphere.uasset'
[2018.05.14-10.28.25:887][231]LogSavePackage: Display: Finished SavePackage ../../../Engine/Content/EngineSky/BP_Sky_Sphere.uasset
[2018.05.14-10.28.26:365][253]BlueprintLog: New page: Compile BP_Sky_Sphere
[2018.05.14-10.28.28:384][313]LogSavePackage: Save=323.97ms
[2018.05.14-10.28.28:384][313]LogSavePackage: Moving '../../../../../../Documents/Unreal Engine/MJ2Unreal/Saved/ThirdPersonExampleMapCDB9775B425E3FC22F311BB2438BB735.tmp' to '../../../../../../Documents/Unreal Engine/MJ2Unreal/Content/Levels/ThirdPersonExampleMap.umap'
[2018.05.14-10.28.28:389][313]LogSavePackage: Display: Finished SavePackage ../../../../../../Documents/Unreal Engine/MJ2Unreal/Content/Levels/ThirdPersonExampleMap.umap
[2018.05.14-10.28.36:435][733]LogRenderer: Reallocating scene render targets to support 1116x676 Format 10 NumSamples 1 (Frame:61970).
[2018.05.14-10.28.36:572][738]LogRenderer: Reallocating scene render targets to support 1120x676 Format 10 NumSamples 1 (Frame:61977).
[2018.05.14-10.28.37:339][781]LogRenderer: Reallocating scene render targets to support 1124x676 Format 10 NumSamples 1 (Frame:62022).
[2018.05.14-10.28.37:619][795]LogRenderer: Reallocating scene render targets to support 1128x676 Format 10 NumSamples 1 (Frame:62038).
[2018.05.14-10.28.37:660][796]LogRenderer: Reallocating scene render targets to support 1136x676 Format 10 NumSamples 1 (Frame:62040).
[2018.05.14-10.34.35:602][913]Cmd: QUIT_EDITOR
[2018.05.14-10.34.36:521][913]LogWindowsTextInputMethodSystem: Display: IME system now deactivated.
[2018.05.14-10.34.36:534][913]LogExit: Preparing to exit.
[2018.05.14-10.34.37:217][913]LogDirectoryWatcher: A directory notification for 'D:/Documents/Unreal Engine/MJ2Unreal/Content/' was aborted.
[2018.05.14-10.34.37:315][913]LogExit: Editor shut down
[2018.05.14-10.34.37:349][913]LogExit: Transaction tracking system shut down
[2018.05.14-10.34.37:558][913]LogDirectoryWatcher: A directory notification for '../../../Engine/Content/' was aborted.
[2018.05.14-10.34.37:558][913]LogDirectoryWatcher: A directory notification for '../../../../../../Documents/Unreal Engine/MJ2Unreal/Content/' was aborted.
[2018.05.14-10.34.37:558][913]LogDirectoryWatcher: A directory notification for '../../../Engine/Plugins/2D/Paper2D/Content/' was aborted.
[2018.05.14-10.34.37:558][913]LogDirectoryWatcher: A directory notification for '../../../Engine/Plugins/Media/MediaCompositing/Content/' was aborted.
[2018.05.14-10.34.37:558][913]LogDirectoryWatcher: A directory notification for '../../../Engine/Plugins/Runtime/AppleARKit/Content/' was aborted.
[2018.05.14-10.34.37:558][913]LogDirectoryWatcher: A directory notification for '../../../Engine/Plugins/Runtime/Oculus/OculusVR/Content/' was aborted.
[2018.05.14-10.34.37:558][913]LogDirectoryWatcher: A directory notification for '../../../Engine/Plugins/Runtime/Steam/SteamVR/Content/' was aborted.
[2018.05.14-10.34.37:718][913]LogExit: Object subsystem successfully closed.
[2018.05.14-10.34.37:755][913]LogD3D11RHI: Shutdown
[2018.05.14-10.34.37:756][913]LogD3D11RHI: CleanupD3DDevice
[2018.05.14-10.34.37:760][913]LogD3D11RHI: ~FD3D11DynamicRHI
[2018.05.14-10.34.37:772][913]LogModuleManager: Shutting down and abandoning module MovieSceneCapture (552)
[2018.05.14-10.34.37:772][913]LogModuleManager: Shutting down and abandoning module BlueprintGraph (550)
[2018.05.14-10.34.37:772][913]LogModuleManager: Shutting down and abandoning module HierarchicalLODOutliner (548)
[2018.05.14-10.34.37:772][913]LogModuleManager: Shutting down and abandoning module SceneOutliner (546)
[2018.05.14-10.34.37:773][913]LogModuleManager: Shutting down and abandoning module AddContentDialog (544)
[2018.05.14-10.34.37:773][913]LogDirectoryWatcher: A directory notification for 'D:/Games/Epic Games/UE_4.18/FeaturePacks/' was aborted.
[2018.05.14-10.34.37:780][913]LogModuleManager: Shutting down and abandoning module WidgetCarousel (543)
[2018.05.14-10.34.37:780][913]LogModuleManager: Shutting down and abandoning module EditorWidgets (540)
[2018.05.14-10.34.37:780][913]LogModuleManager: Shutting down and abandoning module CollectionManager (538)
[2018.05.14-10.34.37:780][913]LogDirectoryWatcher: A directory notification for 'D:/Documents/Unreal Engine/MJ2Unreal/Content/Collections/' was aborted.
[2018.05.14-10.34.37:780][913]LogDirectoryWatcher: A directory notification for 'D:/Documents/Unreal Engine/MJ2Unreal/Content/Developers/espas/Collections/' was aborted.
[2018.05.14-10.34.37:780][913]LogDirectoryWatcher: A directory notification for 'D:/Documents/Unreal Engine/MJ2Unreal/Saved/Collections/' was aborted.
[2018.05.14-10.34.37:780][913]LogModuleManager: Shutting down and abandoning module StatsViewer (536)
[2018.05.14-10.34.37:780][913]LogModuleManager: Shutting down and abandoning module FoliageEdit (534)
[2018.05.14-10.34.37:781][913]LogModuleManager: Shutting down and abandoning module LandscapeEditor (532)
[2018.05.14-10.34.37:781][913]LogModuleManager: Shutting down and abandoning module MeshPaintMode (530)
[2018.05.14-10.34.37:781][913]LogModuleManager: Shutting down and abandoning module SceneDepthPickerMode (528)
[2018.05.14-10.34.37:781][913]LogModuleManager: Shutting down and abandoning module ActorPickerMode (526)
[2018.05.14-10.34.37:781][913]LogModuleManager: Shutting down and abandoning module GeometryMode (524)
[2018.05.14-10.34.37:781][913]LogModuleManager: Shutting down and abandoning module TextureAlignMode (522)
[2018.05.14-10.34.37:781][913]LogModuleManager: Shutting down and abandoning module BspMode (520)
[2018.05.14-10.34.37:781][913]LogModuleManager: Shutting down and abandoning module PIEPreviewDeviceProfileSelector (518)
[2018.05.14-10.34.37:781][913]LogModuleManager: Shutting down and abandoning module HardwareSurvey (516)
[2018.05.14-10.34.37:781][913]LogModuleManager: Shutting down and abandoning module SequenceRecorderSections (514)
[2018.05.14-10.34.37:781][913]LogModuleManager: Shutting down and abandoning module AutomationWorker (512)
[2018.05.14-10.34.37:781][913]LogModuleManager: Shutting down and abandoning module MatineeToLevelSequence (510)
[2018.05.14-10.34.37:781][913]LogModuleManager: Shutting down and abandoning module LevelSequenceEditor (508)
[2018.05.14-10.34.37:781][913]LogModuleManager: Shutting down and abandoning module PlacementMode (507)
[2018.05.14-10.34.37:781][913]LogModuleManager: Shutting down and abandoning module WmfMediaFactory (504)
[2018.05.14-10.34.37:781][913]LogModuleManager: Shutting down and abandoning module WmfMediaEditor (502)
[2018.05.14-10.34.37:781][913]LogModuleManager: Shutting down and abandoning module OpenExrWrapper (500)
[2018.05.14-10.34.37:782][913]LogModuleManager: Shutting down and abandoning module ImgMediaFactory (498)
[2018.05.14-10.34.37:782][913]LogModuleManager: Shutting down and abandoning module ImgMediaEditor (496)
[2018.05.14-10.34.37:782][913]LogModuleManager: Shutting down and abandoning module AvfMediaFactory (494)
[2018.05.14-10.34.37:782][913]LogModuleManager: Shutting down and abandoning module AvfMediaEditor (492)
[2018.05.14-10.34.37:782][913]LogModuleManager: Shutting down and abandoning module AndroidMediaFactory (490)
[2018.05.14-10.34.37:782][913]LogModuleManager: Shutting down and abandoning module AndroidMediaEditor (488)
[2018.05.14-10.34.37:782][913]LogModuleManager: Shutting down and abandoning module CharacterAI (486)
[2018.05.14-10.34.37:782][913]LogModuleManager: Shutting down and abandoning module AudioCapture (484)
[2018.05.14-10.34.37:782][913]LogModuleManager: Shutting down and abandoning module SequenceRecorder (483)
[2018.05.14-10.34.37:782][913]LogModuleManager: Shutting down and abandoning module SmartSnapping (480)
[2018.05.14-10.34.37:782][913]LogModuleManager: Shutting down and abandoning module SessionServices (478)
[2018.05.14-10.34.37:782][913]LogModuleManager: Shutting down and abandoning module ViewportSnapping (476)
[2018.05.14-10.34.37:782][913]LogModuleManager: Shutting down and abandoning module ViewportInteraction (474)
[2018.05.14-10.34.37:782][913]LogModuleManager: Shutting down and abandoning module ClothPainter (472)
[2018.05.14-10.34.37:782][913]LogModuleManager: Shutting down and abandoning module SkeletalMeshEditor (471)
[2018.05.14-10.34.37:782][913]LogModuleManager: Shutting down and abandoning module LogVisualizer (468)
[2018.05.14-10.34.37:782][913]LogModuleManager: Shutting down and abandoning module IntroTutorials (466)
[2018.05.14-10.34.37:782][913]LogModuleManager: Shutting down and abandoning module GameProjectGeneration (465)
[2018.05.14-10.34.37:783][913]LogModuleManager: Shutting down and abandoning module IOSPlatformEditor (462)
[2018.05.14-10.34.37:783][913]LogModuleManager: Shutting down and abandoning module HTML5PlatformEditor (460)
[2018.05.14-10.34.37:783][913]LogModuleManager: Shutting down and abandoning module AndroidPlatformEditor (458)
[2018.05.14-10.34.37:783][913]LogModuleManager: Shutting down and abandoning module AndroidDeviceDetection (457)
[2018.05.14-10.34.38:712][913]LogModuleManager: Shutting down and abandoning module WindowsPlatformEditor (454)
[2018.05.14-10.34.38:712][913]LogModuleManager: Shutting down and abandoning module IOSRuntimeSettings (452)
[2018.05.14-10.34.38:712][913]LogModuleManager: Shutting down and abandoning module AndroidRuntimeSettings (450)
[2018.05.14-10.34.38:712][913]LogModuleManager: Shutting down and abandoning module InputBindingEditor (448)
[2018.05.14-10.34.38:713][913]LogModuleManager: Shutting down and abandoning module MergeActors (446)
[2018.05.14-10.34.38:713][913]LogModuleManager: Shutting down and abandoning module SizeMap (444)
[2018.05.14-10.34.38:713][913]LogModuleManager: Shutting down and abandoning module TreeMap (442)
[2018.05.14-10.34.38:713][913]LogModuleManager: Shutting down and abandoning module ReferenceViewer (440)
[2018.05.14-10.34.38:713][913]LogModuleManager: Shutting down and abandoning module LocalizationDashboard (438)
[2018.05.14-10.34.38:713][913]LogModuleManager: Shutting down and abandoning module LocalizationService (437)
[2018.05.14-10.34.38:713][913]LogModuleManager: Shutting down and abandoning module HardwareTargeting (434)
[2018.05.14-10.34.38:713][913]LogModuleManager: Shutting down and abandoning module DeviceProfileEditor (432)
[2018.05.14-10.34.38:713][913]LogModuleManager: Shutting down and abandoning module UndoHistory (430)
[2018.05.14-10.34.38:713][913]LogModuleManager: Shutting down and abandoning module XmlParser (428)
[2018.05.14-10.34.38:713][913]LogModuleManager: Shutting down and abandoning module Blutility (426)
[2018.05.14-10.34.38:713][913]LogModuleManager: Shutting down and abandoning module ProjectSettingsViewer (424)
[2018.05.14-10.34.38:713][913]LogModuleManager: Shutting down and abandoning module ProjectTargetPlatformEditor (423)
[2018.05.14-10.34.38:713][913]LogModuleManager: Shutting down and abandoning module EditorSettingsViewer (420)
[2018.05.14-10.34.38:714][913]LogModuleManager: Shutting down and abandoning module SettingsEditor (418)
[2018.05.14-10.34.38:714][913]LogModuleManager: Shutting down and abandoning module ProjectLauncher (416)
[2018.05.14-10.34.38:714][913]LogModuleManager: Shutting down and abandoning module SessionFrontend (414)
[2018.05.14-10.34.38:714][913]LogModuleManager: Shutting down and abandoning module ProfilerClient (412)
[2018.05.14-10.34.38:714][913]LogModuleManager: Shutting down and abandoning module DeviceManager (410)
[2018.05.14-10.34.38:714][913]LogModuleManager: Shutting down and abandoning module TargetDeviceServices (409)
[2018.05.14-10.34.38:779][913]LogModuleManager: Shutting down and abandoning module AutomationController (406)
[2018.05.14-10.34.38:779][913]LogModuleManager: Shutting down and abandoning module AutomationWindow (404)
[2018.05.14-10.34.38:779][913]LogModuleManager: Shutting down and abandoning module Layers (402)
[2018.05.14-10.34.38:779][913]LogModuleManager: Shutting down and abandoning module ComponentVisualizers (400)
[2018.05.14-10.34.38:779][913]LogModuleManager: Shutting down and abandoning module DetailCustomizations (398)
[2018.05.14-10.34.38:780][913]LogModuleManager: Shutting down and abandoning module PackagesDialog (396)
[2018.05.14-10.34.38:780][913]LogModuleManager: Shutting down and abandoning module Persona (394)
[2018.05.14-10.34.38:780][913]LogModuleManager: Shutting down and abandoning module AdvancedPreviewScene (393)
[2018.05.14-10.34.38:780][913]LogModuleManager: Shutting down and abandoning module AnimGraph (391)
[2018.05.14-10.34.38:780][913]LogModuleManager: Shutting down and abandoning module Kismet (388)
[2018.05.14-10.34.38:787][913]LogModuleManager: Shutting down and abandoning module ClassViewer (386)
[2018.05.14-10.34.38:787][913]LogModuleManager: Shutting down and abandoning module Toolbox (384)
[2018.05.14-10.34.38:787][913]LogModuleManager: Shutting down and abandoning module ModuleUI (382)
[2018.05.14-10.34.38:787][913]LogModuleManager: Shutting down and abandoning module MovieSceneTools (380)
[2018.05.14-10.34.38:787][913]LogModuleManager: Shutting down and abandoning module OutputLog (378)
[2018.05.14-10.34.38:787][913]LogModuleManager: Shutting down and abandoning module GammaUI (376)
[2018.05.14-10.34.38:787][913]LogModuleManager: Shutting down and abandoning module Documentation (374)
[2018.05.14-10.34.38:787][913]LogModuleManager: Shutting down and abandoning module MovieSceneTracks (372)
[2018.05.14-10.34.38:787][913]LogModuleManager: Shutting down and abandoning module MovieScene (370)
[2018.05.14-10.34.38:787][913]LogModuleManager: Shutting down and abandoning module StreamingPauseRendering (368)
[2018.05.14-10.34.38:788][913]LogModuleManager: Shutting down and abandoning module LauncherPlatform (366)
[2018.05.14-10.34.38:788][913]LogModuleManager: Shutting down and abandoning module AnalyticsET (364)
[2018.05.14-10.34.38:788][913]LogModuleManager: Shutting down and abandoning module PortalServices (362)
[2018.05.14-10.34.38:788][913]LogModuleManager: Shutting down and abandoning module PortalRpc (360)
[2018.05.14-10.34.38:788][913]LogModuleManager: Shutting down and abandoning module MessagingRpc (358)
[2018.05.14-10.34.38:788][913]LogModuleManager: Shutting down and abandoning module AIModule (356)
[2018.05.14-10.34.38:788][913]LogModuleManager: Shutting down and abandoning module GameplayDebugger (355)
[2018.05.14-10.34.38:788][913]LogModuleManager: Shutting down and abandoning module AITestSuite (353)
[2018.05.14-10.34.38:788][913]LogModuleManager: Shutting down and abandoning module DesktopPlatform (350)
[2018.05.14-10.34.38:788][913]LogModuleManager: Shutting down and abandoning module ProfilerService (348)
[2018.05.14-10.34.38:967][913]LogModuleManager: Shutting down and abandoning module TaskGraph (346)
[2018.05.14-10.34.38:968][913]LogModuleManager: Shutting down and abandoning module SteamVRController (344)
[2018.05.14-10.34.38:968][913]LogModuleManager: Shutting down and abandoning module ProceduralMeshComponentEditor (342)
[2018.05.14-10.34.38:968][913]LogModuleManager: Shutting down and abandoning module ProceduralMeshComponent (340)
[2018.05.14-10.34.38:968][913]LogModuleManager: Shutting down and abandoning module OculusInput (338)
[2018.05.14-10.34.38:968][913]LogModuleManager: Shutting down and abandoning module MobilePatchingUtils (336)
[2018.05.14-10.34.38:968][913]LogModuleManager: Shutting down and abandoning module CustomMeshComponent (334)
[2018.05.14-10.34.38:968][913]LogModuleManager: Shutting down and abandoning module CableComponent (332)
[2018.05.14-10.34.38:968][913]LogModuleManager: Shutting down and abandoning module ArchVisCharacter (330)
[2018.05.14-10.34.38:968][913]LogModuleManager: Shutting down and abandoning module AndroidPermission (328)
[2018.05.14-10.34.38:968][913]LogModuleManager: Shutting down and abandoning module ActorSequence (324)
[2018.05.14-10.34.38:968][913]LogModuleManager: Shutting down and abandoning module MediaPlayerEditor (322)
[2018.05.14-10.34.38:968][913]LogModuleManager: Shutting down and abandoning module MediaCompositingEditor (320)
[2018.05.14-10.34.38:968][913]LogModuleManager: Shutting down and abandoning module MediaCompositing (318)
[2018.05.14-10.34.38:968][913]LogModuleManager: Shutting down and abandoning module HTML5Networking (316)
[2018.05.14-10.34.38:968][913]LogModuleManager: Shutting down and abandoning module AlembicImporter (314)
[2018.05.14-10.34.38:968][913]LogModuleManager: Shutting down and abandoning module AlembicLibrary (313)
[2018.05.14-10.34.38:968][913]LogModuleManager: Shutting down and abandoning module GeometryCache (312)
[2018.05.14-10.34.38:968][913]LogModuleManager: Shutting down and abandoning module GeometryCacheEd (311)
[2018.05.14-10.34.38:968][913]LogModuleManager: Shutting down and abandoning module SpeedTreeImporter (306)
[2018.05.14-10.34.38:968][913]LogModuleManager: Shutting down and abandoning module PluginBrowser (304)
[2018.05.14-10.34.38:968][913]LogModuleManager: Shutting down and abandoning module MobileLauncherProfileWizard (302)
[2018.05.14-10.34.38:968][913]LogModuleManager: Shutting down and abandoning module VisualStudioSourceCodeAccess (300)
[2018.05.14-10.34.38:968][913]LogModuleManager: Shutting down and abandoning module VisualStudioCodeSourceCodeAccess (298)
[2018.05.14-10.34.38:968][913]LogModuleManager: Shutting down and abandoning module UObjectPlugin (296)
[2018.05.14-10.34.38:968][913]LogModuleManager: Shutting down and abandoning module SubversionSourceControl (294)
[2018.05.14-10.34.38:968][913]LogModuleManager: Shutting down and abandoning module PerforceSourceControl (292)
[2018.05.14-10.34.38:968][913]LogModuleManager: Shutting down and abandoning module GitSourceControl (290)
[2018.05.14-10.34.38:969][913]LogModuleManager: Shutting down and abandoning module SourceControl (289)
[2018.05.14-10.34.38:969][913]LogModuleManager: Shutting down and abandoning module LightPropagationVolumeEditor (286)
[2018.05.14-10.34.38:969][913]LogModuleManager: Shutting down and abandoning module PaperTiledImporter (284)
[2018.05.14-10.34.38:969][913]LogModuleManager: Shutting down and abandoning module PaperSpriteSheetImporter (282)
[2018.05.14-10.34.38:969][913]LogModuleManager: Shutting down and abandoning module Paper2DEditor (280)
[2018.05.14-10.34.38:969][913]LogModuleManager: Shutting down and abandoning module MeshPaint (279)
[2018.05.14-10.34.38:969][913]LogModuleManager: Shutting down and abandoning module LevelEditor (277)
[2018.05.14-10.34.38:971][913]LogModuleManager: Shutting down and abandoning module PixelInspectorModule (276)
[2018.05.14-10.34.38:971][913]LogModuleManager: Shutting down and abandoning module MainFrame (274)
[2018.05.14-10.34.38:971][913]LogModuleManager: Shutting down and abandoning module HotReload (273)
[2018.05.14-10.34.38:971][913]LogModuleManager: Shutting down and abandoning module RuntimePhysXCooking (268)
[2018.05.14-10.34.38:971][913]LogModuleManager: Shutting down and abandoning module PhysXVehiclesEditor (266)
[2018.05.14-10.34.38:971][913]LogModuleManager: Shutting down and abandoning module PhysXVehicles (264)
[2018.05.14-10.34.38:971][913]LogModuleManager: Shutting down and abandoning module OculusEditor (262)
[2018.05.14-10.34.38:971][913]LogModuleManager: Shutting down and abandoning module LocationServicesBPLibrary (260)
[2018.05.14-10.34.38:972][913]LogModuleManager: Shutting down and abandoning module ImmediatePhysicsEditor (258)
[2018.05.14-10.34.38:972][913]LogModuleManager: Shutting down and abandoning module ImmediatePhysics (256)
[2018.05.14-10.34.38:972][913]LogModuleManager: Shutting down and abandoning module UdpMessaging (254)
[2018.05.14-10.34.39:072][913]LogModuleManager: Shutting down and abandoning module TcpMessaging (252)
[2018.05.14-10.34.39:172][913]LogModuleManager: Shutting down and abandoning module GameplayTagsEditor (250)
[2018.05.14-10.34.39:172][913]LogModuleManager: Shutting down and abandoning module FacialAnimationEditor (248)
[2018.05.14-10.34.39:172][913]LogModuleManager: Shutting down and abandoning module FacialAnimation (246)
[2018.05.14-10.34.39:172][913]LogModuleManager: Shutting down and abandoning module AssetManagerEditor (244)
[2018.05.14-10.34.39:172][913]LogModuleManager: Shutting down and abandoning module GraphEditor (243)
[2018.05.14-10.34.39:173][913]LogModuleManager: Shutting down and abandoning module ContentBrowser (241)
[2018.05.14-10.34.39:174][913]LogModuleManager: Shutting down and abandoning module LightPropagationVolumeRuntime (238)
[2018.05.14-10.34.39:174][913]LogModuleManager: Shutting down and abandoning module Paper2D (236)
[2018.05.14-10.34.39:175][913]LogModuleManager: Shutting down and abandoning module WindowsMoviePlayer (234)
[2018.05.14-10.34.39:175][913]LogModuleManager: Shutting down and abandoning module WmfMedia (232)
[2018.05.14-10.34.39:177][913]LogModuleManager: Shutting down and abandoning module ImgMedia (230)
[2018.05.14-10.34.39:177][913]LogModuleManager: Shutting down and abandoning module PacketHandler (228)
[2018.05.14-10.34.39:177][913]LogModuleManager: Shutting down and abandoning module ClothingSystemEditor (226)
[2018.05.14-10.34.39:177][913]LogModuleManager: Shutting down and abandoning module ClothingSystemRuntime (224)
[2018.05.14-10.34.39:177][913]LogModuleManager: Shutting down and abandoning module MediaAssets (222)
[2018.05.14-10.34.39:177][913]LogModuleManager: Shutting down and abandoning module Media (221)
[2018.05.14-10.34.39:183][913]LogModuleManager: Shutting down and abandoning module Overlay (218)
[2018.05.14-10.34.39:183][913]LogModuleManager: Shutting down and abandoning module OverlayEditor (217)
[2018.05.14-10.34.39:183][913]LogModuleManager: Shutting down and abandoning module VREditor (214)
[2018.05.14-10.34.39:183][913]LogModuleManager: Shutting down and abandoning module StringTableEditor (212)
[2018.05.14-10.34.39:183][913]LogModuleManager: Shutting down and abandoning module GameplayTasksEditor (210)
[2018.05.14-10.34.39:183][913]LogModuleManager: Shutting down and abandoning module BehaviorTreeEditor (208)
[2018.05.14-10.34.39:183][913]LogModuleManager: Shutting down and abandoning module FunctionalTesting (206)
[2018.05.14-10.34.39:183][913]LogModuleManager: Shutting down and abandoning module CollisionAnalyzer (204)
[2018.05.14-10.34.39:183][913]LogModuleManager: Shutting down and abandoning module WorkspaceMenuStructure (203)
[2018.05.14-10.34.39:183][913]LogModuleManager: Shutting down and abandoning module UMG (200)
[2018.05.14-10.34.39:183][913]LogModuleManager: Shutting down and abandoning module UMGEditor (199)
[2018.05.14-10.34.39:183][913]LogModuleManager: Shutting down and abandoning module Sequencer (198)
[2018.05.14-10.34.39:183][913]LogModuleManager: Shutting down and abandoning module MessageLog (195)
[2018.05.14-10.34.39:183][913]LogModuleManager: Shutting down and abandoning module SlateReflector (190)
[2018.05.14-10.34.39:183][913]LogModuleManager: Shutting down and abandoning module Slate (188)
[2018.05.14-10.34.39:183][913]LogModuleManager: Shutting down and abandoning module EditorStyle (186)
[2018.05.14-10.34.39:186][913]LogModuleManager: Shutting down and abandoning module MRMesh (184)
[2018.05.14-10.34.39:186][913]LogModuleManager: Shutting down and abandoning module SourceCodeAccess (182)
[2018.05.14-10.34.39:186][913]LogModuleManager: Shutting down and abandoning module HeadMountedDisplay (180)
[2018.05.14-10.34.39:186][913]LogModuleManager: Shutting down and abandoning module XAudio2 (178)
[2018.05.14-10.34.39:186][913]LogModuleManager: Shutting down and abandoning module Networking (176)
[2018.05.14-10.34.39:186][913]LogModuleManager: Shutting down and abandoning module Core (172)
[2018.05.14-10.34.39:186][913]LogModuleManager: Shutting down and abandoning module LevelSequence (168)
[2018.05.14-10.34.39:186][913]LogModuleManager: Shutting down and abandoning module DirectoryWatcher (166)
[2018.05.14-10.34.39:194][913]LogModuleManager: Shutting down and abandoning module KismetCompiler (164)
[2018.05.14-10.34.39:194][913]LogModuleManager: Shutting down and abandoning module MeshUtilities (162)
[2018.05.14-10.34.39:194][913]LogModuleManager: Shutting down and abandoning module MeshMergeUtilities (161)
[2018.05.14-10.34.39:194][913]LogModuleManager: Shutting down and abandoning module MeshReductionInterface (160)
[2018.05.14-10.34.39:194][913]LogModuleManager: Shutting down and abandoning module SimplygonSwarm (159)
[2018.05.14-10.34.39:194][913]LogModuleManager: Shutting down and abandoning module SimplygonMeshReduction (157)
[2018.05.14-10.34.39:194][913]LogModuleManager: Shutting down and abandoning module QuadricMeshReduction (155)
[2018.05.14-10.34.39:194][913]LogModuleManager: Shutting down and abandoning module MaterialBaking (151)
[2018.05.14-10.34.39:194][913]LogModuleManager: Shutting down and abandoning module DerivedDataCache (148)
[2018.05.14-10.34.39:231][913]LogDerivedDataCache: Shutdown
[2018.05.14-10.34.39:232][913]LogModuleManager: Shutting down and abandoning module TargetPlatform (146)
[2018.05.14-10.34.39:232][913]LogModuleManager: Shutting down and abandoning module VulkanShaderFormat (145)
[2018.05.14-10.34.39:232][913]LogModuleManager: Shutting down and abandoning module ShaderFormatVectorVM (143)
[2018.05.14-10.34.39:232][913]LogModuleManager: Shutting down and abandoning module ShaderFormatOpenGL (141)
[2018.05.14-10.34.39:232][913]LogModuleManager: Shutting down and abandoning module ShaderFormatD3D (139)
[2018.05.14-10.34.39:232][913]LogModuleManager: Shutting down and abandoning module MetalShaderFormat (137)
[2018.05.14-10.34.39:232][913]LogModuleManager: Shutting down and abandoning module TextureFormatUncompressed (135)
[2018.05.14-10.34.39:232][913]LogModuleManager: Shutting down and abandoning module TextureFormatPVR (133)
[2018.05.14-10.34.39:232][913]LogModuleManager: Shutting down and abandoning module TextureFormatDXT (131)
[2018.05.14-10.34.39:232][913]LogModuleManager: Shutting down and abandoning module TextureFormatIntelISPCTexComp (129)
[2018.05.14-10.34.39:232][913]LogModuleManager: Shutting down and abandoning module TextureFormatASTC (127)
[2018.05.14-10.34.39:232][913]LogModuleManager: Shutting down and abandoning module ImageWrapper (126)
[2018.05.14-10.34.39:232][913]LogModuleManager: Shutting down and abandoning module TextureFormatAndroid (123)
[2018.05.14-10.34.39:232][913]LogModuleManager: Shutting down and abandoning module AudioFormatOpus (121)
[2018.05.14-10.34.39:232][913]LogModuleManager: Shutting down and abandoning module AudioFormatOgg (119)
[2018.05.14-10.34.39:232][913]LogModuleManager: Shutting down and abandoning module AudioFormatADPCM (117)
[2018.05.14-10.34.39:232][913]LogModuleManager: Shutting down and abandoning module LinuxTargetPlatform (115)
[2018.05.14-10.34.39:233][913]LogModuleManager: Shutting down and abandoning module LinuxServerTargetPlatform (113)
[2018.05.14-10.34.39:233][913]LogModuleManager: Shutting down and abandoning module LinuxNoEditorTargetPlatform (111)
[2018.05.14-10.34.39:233][913]LogModuleManager: Shutting down and abandoning module LinuxClientTargetPlatform (109)
[2018.05.14-10.34.39:233][913]LogModuleManager: Shutting down and abandoning module TVOSTargetPlatform (107)
[2018.05.14-10.34.39:233][913]LogModuleManager: Shutting down and abandoning module Messaging (105)
[2018.05.14-10.34.39:233][913]LogModuleManager: Shutting down and abandoning module IOSTargetPlatform (103)
[2018.05.14-10.34.39:233][913]LogModuleManager: Shutting down and abandoning module HTML5TargetPlatform (101)
[2018.05.14-10.34.39:233][913]LogModuleManager: Shutting down and abandoning module AndroidTargetPlatform (99)
[2018.05.14-10.34.39:233][913]LogModuleManager: Shutting down and abandoning module Android_PVRTCTargetPlatform (97)
[2018.05.14-10.34.39:233][913]LogModuleManager: Shutting down and abandoning module Android_MultiTargetPlatform (95)
[2018.05.14-10.34.39:233][913]LogModuleManager: Shutting down and abandoning module Android_ETC2TargetPlatform (93)
[2018.05.14-10.34.39:233][913]LogModuleManager: Shutting down and abandoning module Android_ETC1TargetPlatform (91)
[2018.05.14-10.34.39:233][913]LogModuleManager: Shutting down and abandoning module Android_DXTTargetPlatform (89)
[2018.05.14-10.34.39:233][913]LogModuleManager: Shutting down and abandoning module Android_ATCTargetPlatform (87)
[2018.05.14-10.34.39:233][913]LogModuleManager: Shutting down and abandoning module Android_ASTCTargetPlatform (85)
[2018.05.14-10.34.39:233][913]LogModuleManager: Shutting down and abandoning module WindowsTargetPlatform (83)
[2018.05.14-10.34.39:233][913]LogModuleManager: Shutting down and abandoning module WindowsServerTargetPlatform (81)
[2018.05.14-10.34.39:233][913]LogModuleManager: Shutting down and abandoning module WindowsNoEditorTargetPlatform (79)
[2018.05.14-10.34.39:233][913]LogModuleManager: Shutting down and abandoning module WindowsClientTargetPlatform (77)
[2018.05.14-10.34.39:233][913]LogModuleManager: Shutting down and abandoning module MacTargetPlatform (75)
[2018.05.14-10.34.39:234][913]LogModuleManager: Shutting down and abandoning module MacServerTargetPlatform (73)
[2018.05.14-10.34.39:234][913]LogModuleManager: Shutting down and abandoning module MacNoEditorTargetPlatform (71)
[2018.05.14-10.34.39:234][913]LogModuleManager: Shutting down and abandoning module MacClientTargetPlatform (69)
[2018.05.14-10.34.39:234][913]LogModuleManager: Shutting down and abandoning module AllDesktopTargetPlatform (67)
[2018.05.14-10.34.39:234][913]LogModuleManager: Shutting down and abandoning module InputCore (64)
[2018.05.14-10.34.39:234][913]LogModuleManager: Shutting down and abandoning module Settings (62)
[2018.05.14-10.34.39:234][913]LogModuleManager: Shutting down and abandoning module PhysXCooking (60)
[2018.05.14-10.34.39:234][913]LogModuleManager: Shutting down and abandoning module SteamVR (58)
[2018.05.14-10.34.39:234][913]LogModuleManager: Shutting down and abandoning module OculusHMD (56)
[2018.05.14-10.34.39:234][913]LogModuleManager: Shutting down and abandoning module ExampleDeviceProfileSelector (54)
[2018.05.14-10.34.39:234][913]LogModuleManager: Shutting down and abandoning module AppleARKit (52)
[2018.05.14-10.34.39:234][913]LogModuleManager: Shutting down and abandoning module AugmentedReality (51)
[2018.05.14-10.34.39:234][913]LogModuleManager: Shutting down and abandoning module OnlineBlueprintSupport (48)
[2018.05.14-10.34.39:234][913]LogModuleManager: Shutting down and abandoning module OnlineSubsystem (44)
[2018.05.14-10.34.39:234][913]LogModuleManager: Shutting down and abandoning module XMPP (43)
[2018.05.14-10.34.39:234][913]LogModuleManager: Shutting down and abandoning module HTTP (41)
[2018.05.14-10.34.39:234][913]LogHttp: Display: Http module shutting down, but needs to wait on 1 outstanding Http requests:
[2018.05.14-10.34.39:234][913]LogHttp: Display: 	verb=[POST] url=[https://datarouter.ol.epicgames.com/datarouter/api/v1/public/data?SessionID=%7B2DBB2698-4FF5-67DA-7977-77AEF8C7E619%7D&AppID=UEEditor.Rocket.Release&AppVersion=4.18.3-3832480%2B%2B%2BUE4%2BRelease-4.18&UserID=e37df71d48b5aab24d05f48ae04dc07e%7C3be2b1d1fbe8439b8f422585da2cfbd8%7C883ac00c-92f2-407a-9b95-fbe03fa6d7a7&AppEnvironment=datacollector-binary&UploadType=eteventstream] status=Processing
[2018.05.14-10.34.39:252][913]LogModuleManager: Shutting down and abandoning module SSL (40)
[2018.05.14-10.34.39:256][913]LogModuleManager: Shutting down and abandoning module AnimationModifiers (36)
[2018.05.14-10.34.39:256][913]LogModuleManager: Shutting down and abandoning module PropertyEditor (35)
[2018.05.14-10.34.39:256][913]LogModuleManager: Shutting down and abandoning module AudioEditor (32)
[2018.05.14-10.34.39:256][913]LogModuleManager: Shutting down and abandoning module TextureCompressor (30)
[2018.05.14-10.34.39:256][913]LogModuleManager: Shutting down and abandoning module ShaderCore (28)
[2018.05.14-10.34.39:256][913]LogModuleManager: Shutting down and abandoning module Landscape (26)
[2018.05.14-10.34.39:256][913]LogModuleManager: Shutting down and abandoning module SlateRHIRenderer (24)
[2018.05.14-10.34.39:260][913]LogModuleManager: Shutting down and abandoning module OpenGLDrv (22)
[2018.05.14-10.34.39:260][913]LogModuleManager: Shutting down and abandoning module D3D11RHI (20)
[2018.05.14-10.34.39:260][913]LogModuleManager: Shutting down and abandoning module AnimGraphRuntime (18)
[2018.05.14-10.34.39:260][913]LogModuleManager: Shutting down and abandoning module Renderer (16)
[2018.05.14-10.34.39:260][913]LogModuleManager: Shutting down and abandoning module Engine (14)
[2018.05.14-10.34.39:260][913]LogModuleManager: Shutting down and abandoning module CoreUObject (12)
[2018.05.14-10.34.39:260][913]LogModuleManager: Shutting down and abandoning module NetworkFile (10)
[2018.05.14-10.34.39:260][913]LogModuleManager: Shutting down and abandoning module CookedIterativeFile (8)
[2018.05.14-10.34.39:260][913]LogModuleManager: Shutting down and abandoning module StreamingFile (6)
[2018.05.14-10.34.39:260][913]LogModuleManager: Shutting down and abandoning module SandboxFile (4)
[2018.05.14-10.34.39:260][913]LogModuleManager: Shutting down and abandoning module PakFile (2)
[2018.05.14-10.34.39:264][913]LogExit: Exiting.
[2018.05.14-10.34.39:285][913]Log file closed, 05/14/18 12:34:39
