Log file open, 05/15/18 17:30:03
LogWindows: Failed to load 'aqProf.dll' (GetLastError=126)
LogWindows: File 'aqProf.dll' does not exist
LogWindows: Failed to load 'VtuneApi.dll' (GetLastError=126)
LogWindows: File 'VtuneApi.dll' does not exist
LogWindows: Failed to load 'VtuneApi32e.dll' (GetLastError=126)
LogWindows: File 'VtuneApi32e.dll' does not exist
LogInit: Display: Running engine for game: MyProject4
LogPlatformFile: Not using cached read wrapper
LogInit: Display: RandInit(1442178170) SRandInit(1442178170).
LogInit: Read version file with build ID '3709383'
LogInit: Overriding engine version to CL 3832480, compatible CL 3709383
LogInit: Registered custom module enumerator with build ID '3709383'
LogTaskGraph: Started task graph with 5 named threads and 14 total threads with 3 sets of task threads.
LogStats: Stats thread started at 3.491905
LogD3D11RHI: Aftermath initialized
LogModuleManager: Display: Found up-to-date module file ../../../Engine/Plugins/2D/Paper2D/Binaries/Win64/UE4Editor-Paper2D.dll (API version 3709383).
LogModuleManager: Display: Found up-to-date module file ../../../Engine/Plugins/2D/Paper2D/Binaries/Win64/UE4Editor-Paper2DEditor.dll (API version 3709383).
LogModuleManager: Display: Found up-to-date module file ../../../Engine/Plugins/2D/Paper2D/Binaries/Win64/UE4Editor-PaperSpriteSheetImporter.dll (API version 3709383).
LogModuleManager: Display: Found up-to-date module file ../../../Engine/Plugins/2D/Paper2D/Binaries/Win64/UE4Editor-PaperTiledImporter.dll (API version 3709383).
LogModuleManager: Display: Found up-to-date module file ../../../Engine/Plugins/2D/Paper2D/Binaries/Win64/UE4Editor-SmartSnapping.dll (API version 3709383).
LogModuleManager: Display: Found up-to-date module file ../../../Engine/Plugins/Blendables/LightPropagationVolume/Binaries/Win64/UE4Editor-LightPropagationVolumeRuntime.dll (API version 3709383).
LogModuleManager: Display: Found up-to-date module file ../../../Engine/Plugins/Blendables/LightPropagationVolume/Binaries/Win64/UE4Editor-LightPropagationVolumeEditor.dll (API version 3709383).
LogModuleManager: Display: Found up-to-date module file ../../../Engine/Plugins/Developer/GitSourceControl/Binaries/Win64/UE4Editor-GitSourceControl.dll (API version 3709383).
LogModuleManager: Display: Found up-to-date module file ../../../Engine/Plugins/Developer/PerforceSourceControl/Binaries/Win64/UE4Editor-PerforceSourceControl.dll (API version 3709383).
LogModuleManager: Display: Found up-to-date module file ../../../Engine/Plugins/Developer/SubversionSourceControl/Binaries/Win64/UE4Editor-SubversionSourceControl.dll (API version 3709383).
LogModuleManager: Display: Found up-to-date module file ../../../Engine/Plugins/Developer/UObjectPlugin/Binaries/Win64/UE4Editor-UObjectPlugin.dll (API version 3709383).
LogModuleManager: Display: Found up-to-date module file ../../../Engine/Plugins/Developer/VisualStudioCodeSourceCodeAccess/Binaries/Win64/UE4Editor-VisualStudioCodeSourceCodeAccess.dll (API version 3709383).
LogModuleManager: Display: Found up-to-date module file ../../../Engine/Plugins/Developer/VisualStudioSourceCodeAccess/Binaries/Win64/UE4Editor-VisualStudioSourceCodeAccess.dll (API version 3709383).
LogModuleManager: Display: Found up-to-date module file ../../../Engine/Plugins/Editor/AssetManagerEditor/Binaries/Win64/UE4Editor-AssetManagerEditor.dll (API version 3709383).
LogModuleManager: Display: Found up-to-date module file ../../../Engine/Plugins/Editor/AudioCapture/Binaries/Win64/UE4Editor-AudioCapture.dll (API version 3709383).
LogModuleManager: Display: Found up-to-date module file ../../../Engine/Plugins/Editor/FacialAnimation/Binaries/Win64/UE4Editor-FacialAnimation.dll (API version 3709383).
LogModuleManager: Display: Found up-to-date module file ../../../Engine/Plugins/Editor/FacialAnimation/Binaries/Win64/UE4Editor-FacialAnimationEditor.dll (API version 3709383).
LogModuleManager: Display: Found up-to-date module file ../../../Engine/Plugins/Editor/GameplayTagsEditor/Binaries/Win64/UE4Editor-GameplayTagsEditor.dll (API version 3709383).
LogModuleManager: Display: Found up-to-date module file ../../../Engine/Plugins/Editor/MobileLauncherProfileWizard/Binaries/Win64/UE4Editor-MobileLauncherProfileWizard.dll (API version 3709383).
LogModuleManager: Display: Found up-to-date module file ../../../Engine/Plugins/Editor/PluginBrowser/Binaries/Win64/UE4Editor-PluginBrowser.dll (API version 3709383).
LogModuleManager: Display: Found up-to-date module file ../../../Engine/Plugins/Editor/SpeedTreeImporter/Binaries/Win64/UE4Editor-SpeedTreeImporter.dll (API version 3709383).
LogModuleManager: Display: Found up-to-date module file ../../../Engine/Plugins/Experimental/AlembicImporter/Binaries/Win64/UE4Editor-AlembicImporter.dll (API version 3709383).
LogModuleManager: Display: Found up-to-date module file ../../../Engine/Plugins/Experimental/AlembicImporter/Binaries/Win64/UE4Editor-AlembicLibrary.dll (API version 3709383).
LogModuleManager: Display: Found up-to-date module file ../../../Engine/Plugins/Experimental/CharacterAI/Binaries/Win64/UE4Editor-CharacterAI.dll (API version 3709383).
LogModuleManager: Display: Found up-to-date module file ../../../Engine/Plugins/Experimental/HTML5Networking/Binaries/Win64/UE4Editor-HTML5Networking.dll (API version 3709383).
LogModuleManager: Display: Found up-to-date module file ../../../Engine/Plugins/Media/AndroidMedia/Binaries/Win64/UE4Editor-AndroidMediaEditor.dll (API version 3709383).
LogModuleManager: Display: Found up-to-date module file ../../../Engine/Plugins/Media/AndroidMedia/Binaries/Win64/UE4Editor-AndroidMediaFactory.dll (API version 3709383).
LogModuleManager: Display: Found up-to-date module file ../../../Engine/Plugins/Media/AvfMedia/Binaries/Win64/UE4Editor-AvfMediaEditor.dll (API version 3709383).
LogModuleManager: Display: Found up-to-date module file ../../../Engine/Plugins/Media/AvfMedia/Binaries/Win64/UE4Editor-AvfMediaFactory.dll (API version 3709383).
LogModuleManager: Display: Found up-to-date module file ../../../Engine/Plugins/Media/AvfMedia/Binaries/Win64/UE4Editor-AvfMediaFactory.dll (API version 3709383).
LogModuleManager: Display: Found up-to-date module file ../../../Engine/Plugins/Media/ImgMedia/Binaries/Win64/UE4Editor-ImgMedia.dll (API version 3709383).
LogModuleManager: Display: Found up-to-date module file ../../../Engine/Plugins/Media/ImgMedia/Binaries/Win64/UE4Editor-ImgMediaEditor.dll (API version 3709383).
LogModuleManager: Display: Found up-to-date module file ../../../Engine/Plugins/Media/ImgMedia/Binaries/Win64/UE4Editor-ImgMediaFactory.dll (API version 3709383).
LogModuleManager: Display: Found up-to-date module file ../../../Engine/Plugins/Media/ImgMedia/Binaries/Win64/UE4Editor-ImgMediaFactory.dll (API version 3709383).
LogModuleManager: Display: Found up-to-date module file ../../../Engine/Plugins/Media/ImgMedia/Binaries/Win64/UE4Editor-OpenExrWrapper.dll (API version 3709383).
LogModuleManager: Display: Found up-to-date module file ../../../Engine/Plugins/Media/MediaCompositing/Binaries/Win64/UE4Editor-MediaCompositing.dll (API version 3709383).
LogModuleManager: Display: Found up-to-date module file ../../../Engine/Plugins/Media/MediaCompositing/Binaries/Win64/UE4Editor-MediaCompositingEditor.dll (API version 3709383).
LogModuleManager: Display: Found up-to-date module file ../../../Engine/Plugins/Media/MediaPlayerEditor/Binaries/Win64/UE4Editor-MediaPlayerEditor.dll (API version 3709383).
LogModuleManager: Display: Found up-to-date module file ../../../Engine/Plugins/Media/WmfMedia/Binaries/Win64/UE4Editor-WmfMedia.dll (API version 3709383).
LogModuleManager: Display: Found up-to-date module file ../../../Engine/Plugins/Media/WmfMedia/Binaries/Win64/UE4Editor-WmfMediaEditor.dll (API version 3709383).
LogModuleManager: Display: Found up-to-date module file ../../../Engine/Plugins/Media/WmfMedia/Binaries/Win64/UE4Editor-WmfMediaFactory.dll (API version 3709383).
LogModuleManager: Display: Found up-to-date module file ../../../Engine/Plugins/Media/WmfMedia/Binaries/Win64/UE4Editor-WmfMediaFactory.dll (API version 3709383).
LogModuleManager: Display: Found up-to-date module file ../../../Engine/Plugins/Messaging/TcpMessaging/Binaries/Win64/UE4Editor-TcpMessaging.dll (API version 3709383).
LogModuleManager: Display: Found up-to-date module file ../../../Engine/Plugins/Messaging/UdpMessaging/Binaries/Win64/UE4Editor-UdpMessaging.dll (API version 3709383).
LogModuleManager: Display: Found up-to-date module file ../../../Engine/Plugins/MovieScene/ActorSequence/Binaries/Win64/UE4Editor-ActorSequence.dll (API version 3709383).
LogModuleManager: Display: Found up-to-date module file ../../../Engine/Plugins/MovieScene/LevelSequenceEditor/Binaries/Win64/UE4Editor-LevelSequenceEditor.dll (API version 3709383).
LogModuleManager: Display: Found up-to-date module file ../../../Engine/Plugins/MovieScene/MatineeToLevelSequence/Binaries/Win64/UE4Editor-MatineeToLevelSequence.dll (API version 3709383).
LogModuleManager: Display: Found up-to-date module file ../../../Engine/Plugins/Online/OnlineSubsystem/Binaries/Win64/UE4Editor-OnlineSubsystem.dll (API version 3709383).
LogModuleManager: Display: Found up-to-date module file ../../../Engine/Plugins/Runtime/AndroidPermission/Binaries/Win64/UE4Editor-AndroidPermission.dll (API version 3709383).
LogModuleManager: Display: Found up-to-date module file ../../../Engine/Plugins/Online/OnlineSubsystemNull/Binaries/Win64/UE4Editor-OnlineSubsystemNull.dll (API version 3709383).
LogModuleManager: Display: Found up-to-date module file ../../../Engine/Plugins/Online/OnlineSubsystemUtils/Binaries/Win64/UE4Editor-OnlineSubsystemUtils.dll (API version 3709383).
LogModuleManager: Display: Found up-to-date module file ../../../Engine/Plugins/Online/OnlineSubsystemUtils/Binaries/Win64/UE4Editor-OnlineBlueprintSupport.dll (API version 3709383).
LogModuleManager: Display: Found up-to-date module file ../../../Engine/Plugins/Runtime/AndroidDeviceProfileSelector/Binaries/Win64/UE4Editor-AndroidDeviceProfileSelector.dll (API version 3709383).
LogModuleManager: Display: Found up-to-date module file ../../../Engine/Plugins/Runtime/AppleARKit/Binaries/Win64/UE4Editor-AppleARKit.dll (API version 3709383).
LogModuleManager: Display: Found up-to-date module file ../../../Engine/Plugins/Runtime/ArchVisCharacter/Binaries/Win64/UE4Editor-ArchVisCharacter.dll (API version 3709383).
LogModuleManager: Display: Found up-to-date module file ../../../Engine/Plugins/Runtime/CableComponent/Binaries/Win64/UE4Editor-CableComponent.dll (API version 3709383).
LogModuleManager: Display: Found up-to-date module file ../../../Engine/Plugins/Runtime/CustomMeshComponent/Binaries/Win64/UE4Editor-CustomMeshComponent.dll (API version 3709383).
LogModuleManager: Display: Found up-to-date module file ../../../Engine/Plugins/Runtime/ExampleDeviceProfileSelector/Binaries/Win64/UE4Editor-ExampleDeviceProfileSelector.dll (API version 3709383).
LogModuleManager: Display: Found up-to-date module file ../../../Engine/Plugins/Runtime/ImmediatePhysics/Binaries/Win64/UE4Editor-ImmediatePhysics.dll (API version 3709383).
LogModuleManager: Display: Found up-to-date module file ../../../Engine/Plugins/Runtime/ImmediatePhysics/Binaries/Win64/UE4Editor-ImmediatePhysicsEditor.dll (API version 3709383).
LogModuleManager: Display: Found up-to-date module file ../../../Engine/Plugins/Runtime/LocationServicesBPLibrary/Binaries/Win64/UE4Editor-LocationServicesBPLibrary.dll (API version 3709383).
LogModuleManager: Display: Found up-to-date module file ../../../Engine/Plugins/Runtime/MobilePatchingUtils/Binaries/Win64/UE4Editor-MobilePatchingUtils.dll (API version 3709383).
LogModuleManager: Display: Found up-to-date module file ../../../Engine/Plugins/Runtime/Oculus/OculusVR/Binaries/Win64/UE4Editor-OculusHMD.dll (API version 3709383).
LogModuleManager: Display: Found up-to-date module file ../../../Engine/Plugins/Runtime/Oculus/OculusVR/Binaries/Win64/UE4Editor-OculusInput.dll (API version 3709383).
LogModuleManager: Display: Found up-to-date module file ../../../Engine/Plugins/Runtime/Oculus/OculusVR/Binaries/Win64/UE4Editor-OculusEditor.dll (API version 3709383).
LogModuleManager: Display: Found up-to-date module file ../../../Engine/Plugins/Runtime/PhysXVehicles/Binaries/Win64/UE4Editor-PhysXVehicles.dll (API version 3709383).
LogModuleManager: Display: Found up-to-date module file ../../../Engine/Plugins/Runtime/PhysXVehicles/Binaries/Win64/UE4Editor-PhysXVehiclesEditor.dll (API version 3709383).
LogModuleManager: Display: Found up-to-date module file ../../../Engine/Plugins/Runtime/ProceduralMeshComponent/Binaries/Win64/UE4Editor-ProceduralMeshComponent.dll (API version 3709383).
LogModuleManager: Display: Found up-to-date module file ../../../Engine/Plugins/Runtime/ProceduralMeshComponent/Binaries/Win64/UE4Editor-ProceduralMeshComponentEditor.dll (API version 3709383).
LogModuleManager: Display: Found up-to-date module file ../../../Engine/Plugins/Runtime/RuntimePhysXCooking/Binaries/Win64/UE4Editor-RuntimePhysXCooking.dll (API version 3709383).
LogModuleManager: Display: Found up-to-date module file ../../../Engine/Plugins/Runtime/Steam/SteamVR/Binaries/Win64/UE4Editor-SteamVR.dll (API version 3709383).
LogModuleManager: Display: Found up-to-date module file ../../../Engine/Plugins/Runtime/Steam/SteamVR/Binaries/Win64/UE4Editor-SteamVRController.dll (API version 3709383).
LogModuleManager: Display: Found up-to-date module file ../../../Engine/Plugins/Runtime/WindowsMoviePlayer/Binaries/Win64/UE4Editor-WindowsMoviePlayer.dll (API version 3709383).
LogPluginManager: Mounting plugin Paper2D
LogPluginManager: Mounting plugin LightPropagationVolume
LogPluginManager: Mounting plugin CodeLiteSourceCodeAccess
LogPluginManager: Mounting plugin GitSourceControl
LogPluginManager: Mounting plugin KDevelopSourceCodeAccess
LogPluginManager: Mounting plugin NullSourceCodeAccess
LogPluginManager: Mounting plugin PerforceSourceControl
LogPluginManager: Mounting plugin SubversionSourceControl
LogPluginManager: Mounting plugin UObjectPlugin
LogPluginManager: Mounting plugin VisualStudioCodeSourceCodeAccess
LogPluginManager: Mounting plugin VisualStudioSourceCodeAccess
LogPluginManager: Mounting plugin XCodeSourceCodeAccess
LogPluginManager: Mounting plugin AssetManagerEditor
LogPluginManager: Mounting plugin AudioCapture
LogPluginManager: Mounting plugin FacialAnimation
LogPluginManager: Mounting plugin GameplayTagsEditor
LogPluginManager: Mounting plugin MobileLauncherProfileWizard
LogPluginManager: Mounting plugin PluginBrowser
LogPluginManager: Mounting plugin SpeedTreeImporter
LogPluginManager: Mounting plugin AlembicImporter
LogPluginManager: Mounting plugin CharacterAI
LogPluginManager: Mounting plugin HTML5Networking
LogPluginManager: Mounting plugin AndroidMedia
LogPluginManager: Mounting plugin AvfMedia
LogPluginManager: Mounting plugin ImgMedia
LogPluginManager: Mounting plugin MediaCompositing
LogPluginManager: Mounting plugin MediaPlayerEditor
LogPluginManager: Mounting plugin WmfMedia
LogPluginManager: Mounting plugin TcpMessaging
LogPluginManager: Mounting plugin UdpMessaging
LogPluginManager: Mounting plugin ActorSequence
LogPluginManager: Mounting plugin LevelSequenceEditor
LogPluginManager: Mounting plugin MatineeToLevelSequence
LogPluginManager: Mounting plugin OnlineSubsystemGooglePlay
LogPluginManager: Mounting plugin OnlineSubsystemIOS
LogPluginManager: Mounting plugin OnlineSubsystem
LogPluginManager: Mounting plugin OnlineSubsystemNull
LogPluginManager: Mounting plugin OnlineSubsystemUtils
LogPluginManager: Mounting plugin AndroidDeviceProfileSelector
LogPluginManager: Mounting plugin AndroidMoviePlayer
LogPluginManager: Mounting plugin AndroidPermission
LogPluginManager: Mounting plugin AppleARKit
LogPluginManager: Mounting plugin AppleMoviePlayer
LogPluginManager: Mounting plugin ArchVisCharacter
LogPluginManager: Mounting plugin CableComponent
LogPluginManager: Mounting plugin CustomMeshComponent
LogPluginManager: Mounting plugin ExampleDeviceProfileSelector
LogPluginManager: Mounting plugin GoogleCloudMessaging
LogPluginManager: Mounting plugin ImmediatePhysics
LogPluginManager: Mounting plugin IOSDeviceProfileSelector
LogPluginManager: Mounting plugin LinuxDeviceProfileSelector
LogPluginManager: Mounting plugin LocationServicesBPLibrary
LogPluginManager: Mounting plugin MobilePatchingUtils
LogPluginManager: Mounting plugin OculusVR
LogPluginManager: Plugin shader directory ../../../Engine/Plugins/Runtime/Oculus/OculusVR/Shaders found
LogPluginManager: Mapping shader source directory ../../../Engine/Plugins/Runtime/Oculus/OculusVR/Shaders to virtual directory /Plugin/OculusVR
LogPluginManager: Mounting plugin PhysXVehicles
LogPluginManager: Mounting plugin ProceduralMeshComponent
LogPluginManager: Mounting plugin RuntimePhysXCooking
LogPluginManager: Mounting plugin SteamVR
LogPluginManager: Mounting plugin WindowsMoviePlayer
LogInit: Using libcurl 7.47.1
LogInit:  - built for x86_64-pc-win32
LogInit:  - supports SSL with OpenSSL/1.0.2g
LogInit:  - supports HTTP deflate (compression) using libz 1.2.8
LogInit:  - other features:
LogInit:      CURL_VERSION_SSL
LogInit:      CURL_VERSION_LIBZ
LogInit:      CURL_VERSION_IPV6
LogInit:      CURL_VERSION_ASYNCHDNS
LogInit:      CURL_VERSION_LARGEFILE
LogInit:      CURL_VERSION_IDN
LogInit:  CurlRequestOptions (configurable via config and command line):
LogInit:  - bVerifyPeer = false  - Libcurl will NOT verify peer certificate
LogInit:  - bUseHttpProxy = false  - Libcurl will NOT use HTTP proxy
LogInit:  - bDontReuseConnections = false  - Libcurl will reuse connections
LogInit:  - CertBundlePath = nullptr  - Libcurl will use whatever was configured at build time.
LogInit: Build: ++UE4+Release-4.18-CL-3832480
LogInit: Engine Version: 4.18.3-3832480+++UE4+Release-4.18
LogInit: Compatible Engine Version: 4.18.0-3709383+++UE4+Release-4.18
LogInit: Net CL: 3709383
LogDevObjectVersion: Number of dev versions registered: 16
LogDevObjectVersion:   Dev-Blueprints (B0D832E4-1F89-4F0D-ACCF-7EB736FD4AA2): 10
LogDevObjectVersion:   Dev-Build (E1C64328-A22C-4D53-A36C-8E866417BD8C): 0
LogDevObjectVersion:   Dev-Core (375EC13C-06E4-48FB-B500-84F0262A717E): 2
LogDevObjectVersion:   Dev-Editor (E4B068ED-F494-42E9-A231-DA0B2E46BB41): 20
LogDevObjectVersion:   Dev-Framework (CFFC743F-43B0-4480-9391-14DF171D2073): 30
LogDevObjectVersion:   Dev-Mobile (B02B49B5-BB20-44E9-A304-32B752E40360): 0
LogDevObjectVersion:   Dev-Networking (A4E4105C-59A1-49B5-A7C5-40C4547EDFEE): 0
LogDevObjectVersion:   Dev-Online (39C831C9-5AE6-47DC-9A44-9C173E1C8E7C): 0
LogDevObjectVersion:   Dev-Physics (78F01B33-EBEA-4F98-B9B4-84EACCB95AA2): 0
LogDevObjectVersion:   Dev-Platform (6631380F-2D4D-43E0-8009-CF276956A95A): 0
LogDevObjectVersion:   Dev-Rendering (12F88B9F-8875-4AFC-A67C-D90C383ABD29): 20
LogDevObjectVersion:   Dev-Sequencer (7B5AE74C-D270-4C10-A958-57980B212A5A): 4
LogDevObjectVersion:   Dev-VR (D7296918-1DD6-4BDD-9DE2-64A83CC13884): 0
LogDevObjectVersion:   Dev-LoadTimes (C2A15278-BFE7-4AFE-6C17-90FF531DF755): 1
LogDevObjectVersion:   Private-Geometry (6EACA3D4-40EC-4CC1-B786-8BED09428FC5): 1
LogDevObjectVersion:   Dev-AnimPhys (29E575DD-E0A3-4627-9D10-D276232CDCEA): 12
LogInit: Compiled (64-bit): Jan 12 2018 02:04:55
LogInit: Compiled with Visual C++: 19.00.24215.01
LogInit: Build Configuration: Development
LogInit: Branch Name: ++UE4+Release-4.18
LogInit: Command line:  
LogInit: Base directory: D:/Games/Epic Games/UE_4.18/Engine/Binaries/Win64/
LogInit: Installed Engine Build: 1
LogInit: Presizing for max 8388607 objects, including 0 objects not considered by GC, pre-allocating 0 bytes for permanent pool.
LogInit: Object subsystem initialized
[2018.05.15-15.30.08:738][  0]LogInit: Selected Device Profile: [Windows]
[2018.05.15-15.30.08:738][  0]LogInit: Applying CVar settings loaded from the selected device profile: [Windows]
[2018.05.15-15.30.08:884][  0]LogInit: Computer: DESKTOP-5CI3UJP
[2018.05.15-15.30.08:884][  0]LogInit: User: espas
[2018.05.15-15.30.08:884][  0]LogInit: CPU Page size=4096, Cores=4
[2018.05.15-15.30.08:884][  0]LogInit: High frequency timer resolution =2.338447 MHz
[2018.05.15-15.30.08:892][  0]LogMemory: Memory total: Physical=7.9GB (8GB approx)
[2018.05.15-15.30.08:892][  0]LogMemory: Platform Memory Stats for Windows
[2018.05.15-15.30.08:892][  0]LogMemory: Process Physical Memory: 272.89 MB used, 272.89 MB peak
[2018.05.15-15.30.08:892][  0]LogMemory: Process Virtual Memory: 270.02 MB used, 270.02 MB peak
[2018.05.15-15.30.08:892][  0]LogMemory: Physical Memory: 4511.58 MB used,  3569.00 MB free, 8080.58 MB total
[2018.05.15-15.30.08:892][  0]LogMemory: Virtual Memory: 663.92 MB used,  3569.00 MB free, 134217728.00 MB total
[2018.05.15-15.30.10:414][  0]LogInit: Overriding language with editor language configuration option (en).
[2018.05.15-15.30.10:414][  0]LogInit: Overriding locale with editor locale configuration option (en).
[2018.05.15-15.30.11:559][  0]LogInit: Setting process to per monitor DPI aware
[2018.05.15-15.30.13:765][  0]LogD3D11RHI: D3D11 adapters:
[2018.05.15-15.30.13:840][  0]LogD3D11RHI:    0. 'NVIDIA GeForce GTX 660M' (Feature Level 11_0)
[2018.05.15-15.30.13:840][  0]LogD3D11RHI:       2007/0/4040 MB DedicatedVideo/DedicatedSystem/SharedSystem, Outputs:1, VendorId:0x10de
[2018.05.15-15.30.13:902][  0]LogD3D11RHI:    1. 'Intel(R) HD Graphics 4000' (Feature Level 11_0)
[2018.05.15-15.30.13:902][  0]LogD3D11RHI:       32/0/1760 MB DedicatedVideo/DedicatedSystem/SharedSystem, Outputs:0, VendorId:0x8086
[2018.05.15-15.30.13:906][  0]LogD3D11RHI:    2. 'Microsoft Basic Render Driver' (Feature Level 11_0)
[2018.05.15-15.30.13:906][  0]LogD3D11RHI:       0/0/4040 MB DedicatedVideo/DedicatedSystem/SharedSystem, Outputs:0, VendorId:0x1414
[2018.05.15-15.30.13:906][  0]LogD3D11RHI: Chosen D3D11 Adapter: 0
[2018.05.15-15.30.13:914][  0]LogD3D11RHI: Creating new Direct3DDevice
[2018.05.15-15.30.13:915][  0]LogD3D11RHI:     GPU DeviceId: 0xfd4 (for the marketing name, search the web for "GPU Device Id")
[2018.05.15-15.30.13:915][  0]LogWindows: EnumDisplayDevices:
[2018.05.15-15.30.13:915][  0]LogWindows:    0. 'Intel(R) HD Graphics 4000' (P:1 D:1)
[2018.05.15-15.30.13:930][  0]LogWindows:    1. 'Intel(R) HD Graphics 4000' (P:0 D:0)
[2018.05.15-15.30.13:931][  0]LogWindows:    2. 'Intel(R) HD Graphics 4000' (P:0 D:0)
[2018.05.15-15.30.13:931][  0]LogWindows: DebugString: GetVideoDriverDetailsInvalid PrimaryIsNotTheChoosenAdapter GetVideoDriverDetailsInvalid PrimaryIsNotTheChoosenAdapter GetVideoDriverDetailsInvalid PrimaryIsNotTheChoosenAdapter FoundDriverCount:0 
[2018.05.15-15.30.13:931][  0]LogD3D11RHI:     Adapter Name: NVIDIA GeForce GTX 660M
[2018.05.15-15.30.13:931][  0]LogD3D11RHI:   Driver Version: Unknown (internal:Unknown, unified:Unknown)
[2018.05.15-15.30.13:931][  0]LogD3D11RHI:      Driver Date: Unknown
[2018.05.15-15.30.13:931][  0]LogRHI: Texture pool is 1405 MB (70% of 2007 MB)
[2018.05.15-15.30.13:997][  0]LogD3D11RHI: Async texture creation enabled
[2018.05.15-15.30.14:483][  0]LogD3D11RHI: GPU Timing Frequency: 1000.000000 (Debug: 2 2)
[2018.05.15-15.30.14:582][  0]LogShaderCompilers: Guid format shader working directory is -6 characters bigger than the processId version (../../../../../../Documents/Unreal Engine/MJ2Unreal/Intermediate/Shaders/WorkingDirectory/14052/).
[2018.05.15-15.30.14:582][  0]LogShaderCompilers: Cleaned the shader compiler working directory 'C:/Users/espas/AppData/Local/Temp/UnrealShaderWorkingDir/F2E97DEA437BB551B075039E18390444/'.
[2018.05.15-15.30.14:605][  0]LogShaderCompilers: Display: Using Local Shader Compiler.
[2018.05.15-15.30.18:069][  0]LogTemp: Display: Loaded TP AllDesktopTargetPlatform
[2018.05.15-15.30.18:144][  0]LogTemp: Display: Loaded TP MacClientTargetPlatform
[2018.05.15-15.30.18:217][  0]LogTemp: Display: Loaded TP MacNoEditorTargetPlatform
[2018.05.15-15.30.18:306][  0]LogTemp: Display: Loaded TP MacServerTargetPlatform
[2018.05.15-15.30.18:403][  0]LogTemp: Display: Loaded TP MacTargetPlatform
[2018.05.15-15.30.18:464][  0]LogTemp: Display: Loaded TP WindowsClientTargetPlatform
[2018.05.15-15.30.18:526][  0]LogTemp: Display: Loaded TP WindowsNoEditorTargetPlatform
[2018.05.15-15.30.18:588][  0]LogTemp: Display: Loaded TP WindowsServerTargetPlatform
[2018.05.15-15.30.18:642][  0]LogTemp: Display: Loaded TP WindowsTargetPlatform
[2018.05.15-15.30.18:702][  0]LogTemp: Display: Loaded TP Android_ASTCTargetPlatform
[2018.05.15-15.30.18:768][  0]LogTemp: Display: Loaded TP Android_ATCTargetPlatform
[2018.05.15-15.30.18:830][  0]LogTemp: Display: Loaded TP Android_DXTTargetPlatform
[2018.05.15-15.30.18:892][  0]LogTemp: Display: Loaded TP Android_ETC1TargetPlatform
[2018.05.15-15.30.18:954][  0]LogTemp: Display: Loaded TP Android_ETC2TargetPlatform
[2018.05.15-15.30.19:081][  0]LogTemp: Display: Loaded TP Android_MultiTargetPlatform
[2018.05.15-15.30.19:081][  0]LogTemp: Display: Loaded TP Android_PVRTCTargetPlatform
[2018.05.15-15.30.19:152][  0]LogTemp: Display: Loaded TP AndroidTargetPlatform
[2018.05.15-15.30.19:200][  0]LogTemp: Display: Loaded TP HTML5TargetPlatform
[2018.05.15-15.30.19:363][  0]LogTemp: Display: Loaded TP IOSTargetPlatform
[2018.05.15-15.30.19:398][  0]LogTemp: Display: Loaded TP TVOSTargetPlatform
[2018.05.15-15.30.19:459][  0]LogTemp: Display: Loaded TP LinuxClientTargetPlatform
[2018.05.15-15.30.19:520][  0]LogTemp: Display: Loaded TP LinuxNoEditorTargetPlatform
[2018.05.15-15.30.19:581][  0]LogTemp: Display: Loaded TP LinuxServerTargetPlatform
[2018.05.15-15.30.19:668][  0]LogTemp: Display: Loaded TP LinuxTargetPlatform
[2018.05.15-15.30.19:669][  0]LogTargetPlatformManager: Display: Building Assets For Windows
[2018.05.15-15.30.20:957][  0]LogDerivedDataCache: Display: Max Cache Size: 512 MB
[2018.05.15-15.30.21:436][  0]LogDerivedDataCache: Loaded boot cache 0.48s 78MB C:/Users/espas/AppData/Local/UnrealEngine/4.18/DerivedDataCache/Boot.ddc.
[2018.05.15-15.30.21:437][  0]LogDerivedDataCache: Display: Loaded Boot cache: C:/Users/espas/AppData/Local/UnrealEngine/4.18/DerivedDataCache/Boot.ddc
[2018.05.15-15.30.21:437][  0]LogDerivedDataCache: FDerivedDataBackendGraph:  Pak pak cache file ../../../../../../Documents/Unreal Engine/MJ2Unreal/DerivedDataCache/DDC.ddp not found, will not use a pak cache.
[2018.05.15-15.30.21:437][  0]LogDerivedDataCache: Unable to find inner node Pak for hierarchical cache Hierarchy.
[2018.05.15-15.30.21:437][  0]LogDerivedDataCache: FDerivedDataBackendGraph:  CompressedPak pak cache file ../../../../../../Documents/Unreal Engine/MJ2Unreal/DerivedDataCache/Compressed.ddp not found, will not use a pak cache.
[2018.05.15-15.30.21:437][  0]LogDerivedDataCache: Unable to find inner node CompressedPak for hierarchical cache Hierarchy.
[2018.05.15-15.30.21:523][  0]LogDerivedDataCache: Display: Pak cache opened for reading ../../../Engine/DerivedDataCache/Compressed.ddp.
[2018.05.15-15.30.21:539][  0]LogDerivedDataCache: Using Local data cache path C:/Users/espas/AppData/Local/UnrealEngine/Common/DerivedDataCache: Writable
[2018.05.15-15.30.21:629][  0]LogMaterial: Verifying Global Shaders for PCD3D_SM5
[2018.05.15-15.30.21:702][  0]LogSlate: Using Freetype 2.6.0
[2018.05.15-15.30.21:798][  0]LogSlate: SlateFontCache - WITH_FREETYPE: 1, WITH_HARFBUZZ: 1
[2018.05.15-15.30.21:807][  0]LogSlate: SlateFontCache - WITH_FREETYPE: 1, WITH_HARFBUZZ: 1
[2018.05.15-15.30.29:511][  0]LogInit: Selected Device Profile: [Windows]
[2018.05.15-15.30.31:876][  0]LogSimplygon: Simplygon DLL not present - disabling.
[2018.05.15-15.30.31:948][  0]LogMeshReduction: Using SimplygonSwarm for distributed automatic mesh merging
[2018.05.15-15.30.31:949][  0]LogMeshReduction: Using QuadricMeshReduction for automatic static mesh reduction
[2018.05.15-15.30.31:949][  0]LogMeshReduction: No automatic skeletal mesh reduction module available
[2018.05.15-15.30.31:949][  0]LogMeshReduction: No automatic mesh merging module available
[2018.05.15-15.30.31:949][  0]LogMeshMerging: No automatic mesh merging module available
[2018.05.15-15.30.32:564][  0]LogNetVersion: MyProject4 , NetCL: 3709383, EngineNetVer: 2, GameNetVer: 0 (Checksum: 1714626933)
[2018.05.15-15.30.34:764][  0]LogAssetRegistry: FAssetRegistry took 0.0485 seconds to start up
[2018.05.15-15.30.43:965][  0]LogPackageLocalizationCache: Processed 7 localized package path(s) for 1 prioritized culture(s) in 0.145171 seconds
[2018.05.15-15.30.44:007][  0]LogUObjectArray: 35870 objects as part of root set at end of initial load.
[2018.05.15-15.30.44:008][  0]LogUObjectAllocator: 7363704 out of 0 bytes used by permanent object pool.
[2018.05.15-15.30.44:008][  0]LogUObjectArray: CloseDisregardForGC: 0/0 objects in disregard for GC pool
[2018.05.15-15.30.44:094][  0]LogInit: WinSock: version 1.1 (2.2), MaxSocks=32767, MaxUdp=65467
[2018.05.15-15.31.10:182][  0]LogTcpMessaging: Initializing TcpMessaging bridge
[2018.05.15-15.31.10:267][  0]LogUdpMessaging: Initializing bridge on interface 0.0.0.0:0 to multicast group 230.0.0.1:6666.
[2018.05.15-15.31.12:471][  0]LogMaterial: Uniform references updated for custom material expression Custom.
[2018.05.15-15.31.13:790][  0]SourceControl: Source control is disabled
[2018.05.15-15.31.13:811][  0]SourceControl: Source control is disabled
[2018.05.15-15.31.13:952][  0]SourceControl: Source control is disabled
[2018.05.15-15.31.14:079][  0]SourceControl: Source control is disabled
[2018.05.15-15.31.15:927][  0]LogAndroidPermission: UAndroidPermissionCallbackProxy::GetInstance
[2018.05.15-15.31.16:352][  0]LogOcInput: OculusInput pre-init called
[2018.05.15-15.31.17:401][  0]LogEngine: Initializing Engine...
[2018.05.15-15.31.17:620][  0]LogHMD: Failed to initialize OpenVR with code 105
[2018.05.15-15.31.18:540][  0]LogStats: UGameplayTagsManager::ConstructGameplayTagTree: Construct from data asset -  0.000 s
[2018.05.15-15.31.18:541][  0]LogStats: UGameplayTagsManager::ConstructGameplayTagTree: GameplayTagTreeChangedEvent.Broadcast -  0.000 s
[2018.05.15-15.31.19:330][  0]LogAIModule: Creating AISystem for world Untitled
[2018.05.15-15.31.19:674][  0]LogInit: XAudio2 using 'Altavoces (Realtek High Definition Audio)' : 2 channels at 48 kHz using 32 bits per sample (channel mask 0x3)
[2018.05.15-15.31.19:719][  0]LogInit: FAudioDevice initialized.
[2018.05.15-15.31.19:835][  0]LogDerivedDataCache: Saved boot cache 0.09s 78MB C:/Users/espas/AppData/Local/UnrealEngine/4.18/DerivedDataCache/Boot.ddc.
[2018.05.15-15.31.19:849][  0]LogInit: Texture streaming: Enabled
[2018.05.15-15.31.20:184][  0]LogEngineSessionManager: EngineSessionManager initialized
[2018.05.15-15.31.20:700][  0]LogInit: Transaction tracking system initialized
[2018.05.15-15.31.21:529][  0]BlueprintLog: New page: Editor Load
[2018.05.15-15.31.24:246][  0]LocalizationService: Localization service is disabled
[2018.05.15-15.31.25:697][  0]LogLinker: Warning: Can't find file '/Game/ThirdPersonBP/ThirdPersonOverview'
[2018.05.15-15.31.25:704][  0]LogLinker: Warning: Can't find file '/Game/ThirdPersonBP/ThirdPersonOverview'
[2018.05.15-15.31.25:708][  0]LogUObjectGlobals: Warning: Failed to find object 'Class /Game/ThirdPersonBP/ThirdPersonOverview.ThirdPersonOverview_C'
[2018.05.15-15.31.26:451][  0]LogConsoleResponse: Display: 
[2018.05.15-15.31.31:807][  0]LogFileCache: Scanning file cache for directory 'D:/Documents/Unreal Engine/MJ2Unreal/Content/' took 0.01s
[2018.05.15-15.31.31:807][  0]LogCook: Display: Max memory allowance for cook 16384mb min free memory 0mb
[2018.05.15-15.31.31:842][  0]LogCook: Display: Mobile HDR setting 1
[2018.05.15-15.31.31:948][  0]LogGameplayTags: Display: UGameplayTagsManager::DoneAddingNativeTags. DelegateIsBound: 0
[2018.05.15-15.31.36:072][  0]SourceControl: Source control is disabled
[2018.05.15-15.31.36:135][  0]Cmd: MAP LOAD FILE="../../../../../../Documents/Unreal Engine/MJ2Unreal/Content/Levels/ThirdPersonExampleMap.umap" TEMPLATE=0 SHOWPROGRESS=1 FEATURELEVEL=3
[2018.05.15-15.31.36:146][  0]LightingResults: New page: Lighting Build
[2018.05.15-15.31.36:534][  0]MapCheck: New page: Map Check
[2018.05.15-15.31.36:534][  0]LightingResults: New page: Lighting Build
[2018.05.15-15.31.43:249][  0]LogAIModule: Creating AISystem for world ThirdPersonExampleMap
[2018.05.15-15.31.44:537][  0]LogEditorServer: Finished looking for orphan Actors (0.000 secs)
[2018.05.15-15.31.44:751][  0]Cmd: MAP CHECKDEP NOCLEARLOG
[2018.05.15-15.31.44:846][  0]MapCheck: Map check complete: 0 Error(s), 0 Warning(s), took 95.606ms to complete.
[2018.05.15-15.31.44:847][  0]LogFileHelpers: Loading map 'ThirdPersonExampleMap' took 8.736
[2018.05.15-15.31.48:416][  0]LogCollectionManager: Loaded 0 collections in 0.014977 seconds
[2018.05.15-15.31.48:616][  0]LogFileCache: Scanning file cache for directory 'D:/Documents/Unreal Engine/MJ2Unreal/Saved/Collections/' took 0.01s
[2018.05.15-15.31.48:616][  0]LogFileCache: Scanning file cache for directory 'D:/Documents/Unreal Engine/MJ2Unreal/Content/Developers/espas/Collections/' took 0.01s
[2018.05.15-15.31.48:616][  0]LogFileCache: Scanning file cache for directory 'D:/Documents/Unreal Engine/MJ2Unreal/Content/Collections/' took 0.01s
[2018.05.15-15.31.48:616][  0]LogCollectionManager: Rebuilt the GUID cache for 0 collections in 0.000000 seconds
[2018.05.15-15.31.48:655][  0]LogContentBrowser: Native class hierarchy populated in 0.0129 seconds. Added 2363 classes and 519 folders.
[2018.05.15-15.31.48:897][  0]LogContentBrowser: Native class hierarchy updated for 'WidgetCarousel' in 0.0003 seconds. Added 0 classes and 0 folders.
[2018.05.15-15.31.50:219][  0]LogContentBrowser: Native class hierarchy updated for 'AddContentDialog' in 0.0003 seconds. Added 0 classes and 0 folders.
[2018.05.15-15.31.50:337][  0]LogContentBrowser: Native class hierarchy updated for 'SceneOutliner' in 0.0003 seconds. Added 1 classes and 2 folders.
[2018.05.15-15.31.50:637][  0]LogSlate: Took 0.013372 seconds to synchronously load lazily loaded font '../../../Engine/Content/Slate/Fonts/Roboto-Regular.ttf' (155K)
[2018.05.15-15.31.50:670][  0]LogSlate: Took 0.013075 seconds to synchronously load lazily loaded font '../../../Engine/Content/Slate/Fonts/Roboto-Bold.ttf' (160K)
[2018.05.15-15.31.50:755][  0]LogSlate: Took 0.018645 seconds to synchronously load lazily loaded font '../../../Engine/Content/Editor/Slate/Fonts/FontAwesome.ttf' (139K)
[2018.05.15-15.31.51:441][  0]LogRenderer: Reallocating scene render targets to support 1144x652 Format 10 NumSamples 1 (Frame:1).
[2018.05.15-15.31.52:802][  0]LogContentBrowser: Native class hierarchy updated for 'HierarchicalLODOutliner' in 0.0003 seconds. Added 1 classes and 2 folders.
[2018.05.15-15.31.52:802][  0]LogLoad: (Engine Initialization) Total time: 127.51 seconds
[2018.05.15-15.31.52:802][  0]LogLoad: (Engine Initialization) Total Blueprint compile time: 0.00 seconds
[2018.05.15-15.31.52:824][  0]LogExternalProfiler: Found external profiler: VSPerf
[2018.05.15-15.31.52:824][  0]LogExternalProfiler: Using external profiler: VSPerf
[2018.05.15-15.31.53:960][  0]LogContentStreaming: Texture pool size now 1000 MB
[2018.05.15-15.31.54:433][  1]LogFileCache: Retrieving MD5 hashes for directory 'D:/Documents/Unreal Engine/MJ2Unreal/Content/' took 0.95s
[2018.05.15-15.31.54:757][  1]LogSlate: Took 0.049860 seconds to synchronously load lazily loaded font '../../../Engine/Content/Slate/Fonts/Roboto-Light.ttf' (159K)
[2018.05.15-15.31.55:199][  3]LogAssetRegistry: Asset discovery search completed in 80.4575 seconds
[2018.05.15-15.31.55:225][  3]LogCollectionManager: Rebuilt the object cache for 0 collections in 0.000001 seconds (found 0 objects)
[2018.05.15-15.31.55:225][  3]LogCollectionManager: Fixed up redirectors for 0 collections in 0.013252 seconds (updated 0 objects)
[2018.05.15-15.32.53:556][179]LogHttp: Warning: 0000021BDDA75A80: request failed, libcurl error: 6 (Couldn't resolve host name)
[2018.05.15-15.32.53:556][179]LogHttp: Warning: 0000021BDDA75A80: libcurl info message cache 0 (Could not resolve host: datarouter.ol.epicgames.com)
[2018.05.15-15.32.53:556][179]LogHttp: Warning: 0000021BDDA75A80: libcurl info message cache 1 (Closing connection 0)
[2018.05.15-15.34.54:199][541]LogHttp: Warning: 0000021BDDA75900: request failed, libcurl error: 6 (Couldn't resolve host name)
[2018.05.15-15.34.54:199][541]LogHttp: Warning: 0000021BDDA75900: libcurl info message cache 0 (Could not resolve host: datarouter.ol.epicgames.com)
[2018.05.15-15.34.54:199][541]LogHttp: Warning: 0000021BDDA75900: libcurl info message cache 1 (Closing connection 1)
[2018.05.15-15.35.31:869][913]LogSlate: Took 0.009490 seconds to synchronously load lazily loaded font '../../../Engine/Content/Editor/Slate/Fonts/Roboto-Italic.ttf' (157K)
[2018.05.15-15.36.54:216][455]LogHttp: Warning: 0000021C1B7C4280: request failed, libcurl error: 6 (Couldn't resolve host name)
[2018.05.15-15.36.54:216][455]LogHttp: Warning: 0000021C1B7C4280: libcurl info message cache 0 (Could not resolve host: datarouter.ol.epicgames.com)
[2018.05.15-15.36.54:216][455]LogHttp: Warning: 0000021C1B7C4280: libcurl info message cache 1 (Closing connection 2)
[2018.05.15-15.38.32:063][102]Cmd: CAMERA ALIGN ACTIVEVIEWPORTONLY
[2018.05.15-15.38.54:275][156]LogHttp: Warning: 0000021C1B6F3A00: request failed, libcurl error: 6 (Couldn't resolve host name)
[2018.05.15-15.38.54:275][156]LogHttp: Warning: 0000021C1B6F3A00: libcurl info message cache 0 (Could not resolve host: datarouter.ol.epicgames.com)
[2018.05.15-15.38.54:275][156]LogHttp: Warning: 0000021C1B6F3A00: libcurl info message cache 1 (Closing connection 3)
[2018.05.15-15.39.05:009][673]LogTemp: Repeating last play command: Selected Viewport
[2018.05.15-15.39.05:221][673]LogBlueprintUserMessages: Early PlayInEditor Detection: Level '/Game/Levels/ThirdPersonExampleMap.ThirdPersonExampleMap:PersistentLevel' has LevelScriptBlueprint '/Game/Levels/ThirdPersonExampleMap.ThirdPersonExampleMap:PersistentLevel.ThirdPersonExampleMap' with GeneratedClass '/Game/Levels/ThirdPersonExampleMap.ThirdPersonExampleMap_C' with ClassGeneratedBy '/Game/Levels/ThirdPersonExampleMap.ThirdPersonExampleMap:PersistentLevel.ThirdPersonExampleMap'
[2018.05.15-15.39.05:246][673]LogPlayLevel: PlayLevel: No blueprints needed recompiling
[2018.05.15-15.39.05:307][673]PIE: New page: PIE session: ThirdPersonExampleMap (May 15, 2018, 7:39:05 PM)
[2018.05.15-15.39.05:320][673]LogPlayLevel: Creating play world package: /Game/Levels/UEDPIE_0_ThirdPersonExampleMap
[2018.05.15-15.39.05:428][673]LogPlayLevel: PIE: StaticDuplicateObject took: (0.108555s)
[2018.05.15-15.39.05:429][673]LogAIModule: Creating AISystem for world ThirdPersonExampleMap
[2018.05.15-15.39.05:429][673]LogPlayLevel: PIE: World Init took: (0.001034s)
[2018.05.15-15.39.05:432][673]LogPlayLevel: PIE: Created PIE world by copying editor world from /Game/Levels/ThirdPersonExampleMap.ThirdPersonExampleMap to /Game/Levels/UEDPIE_0_ThirdPersonExampleMap.ThirdPersonExampleMap (0.112253s)
[2018.05.15-15.39.05:536][673]LogInit: XAudio2 using 'Altavoces (Realtek High Definition Audio)' : 2 channels at 48 kHz using 32 bits per sample (channel mask 0x3)
[2018.05.15-15.39.05:551][673]LogInit: FAudioDevice initialized.
[2018.05.15-15.39.05:620][673]LogLinker: Warning: Can't find file '/Game/ThirdPersonBP/Blueprints/ThirdPersonGameMode'
[2018.05.15-15.39.05:620][673]LogLinker: Warning: Can't find file '/Game/ThirdPersonBP/Blueprints/ThirdPersonGameMode'
[2018.05.15-15.39.05:620][673]LogUObjectGlobals: Warning: Failed to find object 'Class /Game/ThirdPersonBP/Blueprints/ThirdPersonGameMode.ThirdPersonGameMode_C'
[2018.05.15-15.39.05:620][673]LogLoad: Game class is 'GameModeBase'
[2018.05.15-15.39.05:682][673]LogWorld: Bringing World /Game/Levels/UEDPIE_0_ThirdPersonExampleMap.ThirdPersonExampleMap up for play (max tick rate 60) at 2018.05.15-17.39.05
[2018.05.15-15.39.05:739][673]LogWorld: Bringing up level for play took: 0.071409
[2018.05.15-15.39.05:896][673]LogContentBrowser: Native class hierarchy updated for 'MovieSceneCapture' in 0.0127 seconds. Added 11 classes and 0 folders.
[2018.05.15-15.39.05:950][673]PIE: Play in editor start time for /Game/Levels/UEDPIE_0_ThirdPersonExampleMap -0.253
[2018.05.15-15.39.05:951][673]LogBlueprintUserMessages: Late PlayInEditor Detection: Level '/Game/Levels/ThirdPersonExampleMap.ThirdPersonExampleMap:PersistentLevel' has LevelScriptBlueprint '/Game/Levels/ThirdPersonExampleMap.ThirdPersonExampleMap:PersistentLevel.ThirdPersonExampleMap' with GeneratedClass '/Game/Levels/ThirdPersonExampleMap.ThirdPersonExampleMap_C' with ClassGeneratedBy '/Game/Levels/ThirdPersonExampleMap.ThirdPersonExampleMap:PersistentLevel.ThirdPersonExampleMap'
[2018.05.15-15.39.13:396][100]LogBlueprintUserMessages: Early EndPlayMap Detection: Level '/Game/Levels/ThirdPersonExampleMap.ThirdPersonExampleMap:PersistentLevel' has LevelScriptBlueprint '/Game/Levels/ThirdPersonExampleMap.ThirdPersonExampleMap:PersistentLevel.ThirdPersonExampleMap' with GeneratedClass '/Game/Levels/ThirdPersonExampleMap.ThirdPersonExampleMap_C' with ClassGeneratedBy '/Game/Levels/ThirdPersonExampleMap.ThirdPersonExampleMap:PersistentLevel.ThirdPersonExampleMap'
[2018.05.15-15.39.13:556][100]LogBlueprintUserMessages: Late EndPlayMap Detection: Level '/Game/Levels/ThirdPersonExampleMap.ThirdPersonExampleMap:PersistentLevel' has LevelScriptBlueprint '/Game/Levels/ThirdPersonExampleMap.ThirdPersonExampleMap:PersistentLevel.ThirdPersonExampleMap' with GeneratedClass '/Game/Levels/ThirdPersonExampleMap.ThirdPersonExampleMap_C' with ClassGeneratedBy '/Game/Levels/ThirdPersonExampleMap.ThirdPersonExampleMap:PersistentLevel.ThirdPersonExampleMap'
[2018.05.15-15.39.16:091][233]Cmd: CAMERA ALIGN ACTIVEVIEWPORTONLY
[2018.05.15-15.39.16:092][233]Can't find target actor or component.
[2018.05.15-15.39.18:152][319]Cmd: CAMERA ALIGN ACTIVEVIEWPORTONLY
[2018.05.15-15.39.32:501][ 85]LogEditorViewport: Clicking on Actor (LMB): StaticMeshActor (mapa1_2_3)
[2018.05.15-15.39.33:342][126]LogTemp: Repeating last play command: Selected Viewport
[2018.05.15-15.39.33:363][126]LogBlueprintUserMessages: Early PlayInEditor Detection: Level '/Game/Levels/ThirdPersonExampleMap.ThirdPersonExampleMap:PersistentLevel' has LevelScriptBlueprint '/Game/Levels/ThirdPersonExampleMap.ThirdPersonExampleMap:PersistentLevel.ThirdPersonExampleMap' with GeneratedClass '/Game/Levels/ThirdPersonExampleMap.ThirdPersonExampleMap_C' with ClassGeneratedBy '/Game/Levels/ThirdPersonExampleMap.ThirdPersonExampleMap:PersistentLevel.ThirdPersonExampleMap'
[2018.05.15-15.39.33:363][126]LogPlayLevel: PlayLevel: No blueprints needed recompiling
[2018.05.15-15.39.33:364][126]PIE: New page: PIE session: ThirdPersonExampleMap (May 15, 2018, 7:39:33 PM)
[2018.05.15-15.39.33:364][126]LogPlayLevel: Creating play world package: /Game/Levels/UEDPIE_0_ThirdPersonExampleMap
[2018.05.15-15.39.33:402][126]LogPlayLevel: PIE: StaticDuplicateObject took: (0.038700s)
[2018.05.15-15.39.33:403][126]LogAIModule: Creating AISystem for world ThirdPersonExampleMap
[2018.05.15-15.39.33:404][126]LogPlayLevel: PIE: World Init took: (0.001095s)
[2018.05.15-15.39.33:404][126]LogPlayLevel: PIE: Created PIE world by copying editor world from /Game/Levels/ThirdPersonExampleMap.ThirdPersonExampleMap to /Game/Levels/UEDPIE_0_ThirdPersonExampleMap.ThirdPersonExampleMap (0.040222s)
[2018.05.15-15.39.33:425][126]LogInit: XAudio2 using 'Altavoces (Realtek High Definition Audio)' : 2 channels at 48 kHz using 32 bits per sample (channel mask 0x3)
[2018.05.15-15.39.33:437][126]LogInit: FAudioDevice initialized.
[2018.05.15-15.39.33:512][126]LogLoad: Game class is 'GameModeBase'
[2018.05.15-15.39.33:518][126]LogWorld: Bringing World /Game/Levels/UEDPIE_0_ThirdPersonExampleMap.ThirdPersonExampleMap up for play (max tick rate 60) at 2018.05.15-17.39.33
[2018.05.15-15.39.33:519][126]LogWorld: Bringing up level for play took: 0.005788
[2018.05.15-15.39.33:520][126]PIE: Play in editor start time for /Game/Levels/UEDPIE_0_ThirdPersonExampleMap -0.683
[2018.05.15-15.39.33:520][126]LogBlueprintUserMessages: Late PlayInEditor Detection: Level '/Game/Levels/ThirdPersonExampleMap.ThirdPersonExampleMap:PersistentLevel' has LevelScriptBlueprint '/Game/Levels/ThirdPersonExampleMap.ThirdPersonExampleMap:PersistentLevel.ThirdPersonExampleMap' with GeneratedClass '/Game/Levels/ThirdPersonExampleMap.ThirdPersonExampleMap_C' with ClassGeneratedBy '/Game/Levels/ThirdPersonExampleMap.ThirdPersonExampleMap:PersistentLevel.ThirdPersonExampleMap'
[2018.05.15-15.39.36:239][284]LogBlueprintUserMessages: Early EndPlayMap Detection: Level '/Game/Levels/ThirdPersonExampleMap.ThirdPersonExampleMap:PersistentLevel' has LevelScriptBlueprint '/Game/Levels/ThirdPersonExampleMap.ThirdPersonExampleMap:PersistentLevel.ThirdPersonExampleMap' with GeneratedClass '/Game/Levels/ThirdPersonExampleMap.ThirdPersonExampleMap_C' with ClassGeneratedBy '/Game/Levels/ThirdPersonExampleMap.ThirdPersonExampleMap:PersistentLevel.ThirdPersonExampleMap'
[2018.05.15-15.39.36:283][284]LogBlueprintUserMessages: Late EndPlayMap Detection: Level '/Game/Levels/ThirdPersonExampleMap.ThirdPersonExampleMap:PersistentLevel' has LevelScriptBlueprint '/Game/Levels/ThirdPersonExampleMap.ThirdPersonExampleMap:PersistentLevel.ThirdPersonExampleMap' with GeneratedClass '/Game/Levels/ThirdPersonExampleMap.ThirdPersonExampleMap_C' with ClassGeneratedBy '/Game/Levels/ThirdPersonExampleMap.ThirdPersonExampleMap:PersistentLevel.ThirdPersonExampleMap'
[2018.05.15-15.39.38:027][384]LogTemp: Repeating last play command: Selected Viewport
[2018.05.15-15.39.38:101][384]LogBlueprintUserMessages: Early PlayInEditor Detection: Level '/Game/Levels/ThirdPersonExampleMap.ThirdPersonExampleMap:PersistentLevel' has LevelScriptBlueprint '/Game/Levels/ThirdPersonExampleMap.ThirdPersonExampleMap:PersistentLevel.ThirdPersonExampleMap' with GeneratedClass '/Game/Levels/ThirdPersonExampleMap.ThirdPersonExampleMap_C' with ClassGeneratedBy '/Game/Levels/ThirdPersonExampleMap.ThirdPersonExampleMap:PersistentLevel.ThirdPersonExampleMap'
[2018.05.15-15.39.38:101][384]LogPlayLevel: PlayLevel: No blueprints needed recompiling
[2018.05.15-15.39.38:101][384]PIE: New page: PIE session: ThirdPersonExampleMap (May 15, 2018, 7:39:38 PM)
[2018.05.15-15.39.38:101][384]LogPlayLevel: Creating play world package: /Game/Levels/UEDPIE_0_ThirdPersonExampleMap
[2018.05.15-15.39.38:133][384]LogPlayLevel: PIE: StaticDuplicateObject took: (0.031253s)
[2018.05.15-15.39.38:133][384]LogAIModule: Creating AISystem for world ThirdPersonExampleMap
[2018.05.15-15.39.38:134][384]LogPlayLevel: PIE: World Init took: (0.000919s)
[2018.05.15-15.39.38:134][384]LogPlayLevel: PIE: Created PIE world by copying editor world from /Game/Levels/ThirdPersonExampleMap.ThirdPersonExampleMap to /Game/Levels/UEDPIE_0_ThirdPersonExampleMap.ThirdPersonExampleMap (0.032548s)
[2018.05.15-15.39.38:149][384]LogInit: XAudio2 using 'Altavoces (Realtek High Definition Audio)' : 2 channels at 48 kHz using 32 bits per sample (channel mask 0x3)
[2018.05.15-15.39.38:160][384]LogInit: FAudioDevice initialized.
[2018.05.15-15.39.38:198][384]LogLoad: Game class is 'GameModeBase'
[2018.05.15-15.39.38:204][384]LogWorld: Bringing World /Game/Levels/UEDPIE_0_ThirdPersonExampleMap.ThirdPersonExampleMap up for play (max tick rate 60) at 2018.05.15-17.39.38
[2018.05.15-15.39.38:205][384]LogWorld: Bringing up level for play took: 0.005788
[2018.05.15-15.39.38:206][384]PIE: Play in editor start time for /Game/Levels/UEDPIE_0_ThirdPersonExampleMap 0.003
[2018.05.15-15.39.38:206][384]LogBlueprintUserMessages: Late PlayInEditor Detection: Level '/Game/Levels/ThirdPersonExampleMap.ThirdPersonExampleMap:PersistentLevel' has LevelScriptBlueprint '/Game/Levels/ThirdPersonExampleMap.ThirdPersonExampleMap:PersistentLevel.ThirdPersonExampleMap' with GeneratedClass '/Game/Levels/ThirdPersonExampleMap.ThirdPersonExampleMap_C' with ClassGeneratedBy '/Game/Levels/ThirdPersonExampleMap.ThirdPersonExampleMap:PersistentLevel.ThirdPersonExampleMap'
[2018.05.15-15.39.47:839][955]LogBlueprintUserMessages: Early EndPlayMap Detection: Level '/Game/Levels/ThirdPersonExampleMap.ThirdPersonExampleMap:PersistentLevel' has LevelScriptBlueprint '/Game/Levels/ThirdPersonExampleMap.ThirdPersonExampleMap:PersistentLevel.ThirdPersonExampleMap' with GeneratedClass '/Game/Levels/ThirdPersonExampleMap.ThirdPersonExampleMap_C' with ClassGeneratedBy '/Game/Levels/ThirdPersonExampleMap.ThirdPersonExampleMap:PersistentLevel.ThirdPersonExampleMap'
[2018.05.15-15.39.47:877][955]LogBlueprintUserMessages: Late EndPlayMap Detection: Level '/Game/Levels/ThirdPersonExampleMap.ThirdPersonExampleMap:PersistentLevel' has LevelScriptBlueprint '/Game/Levels/ThirdPersonExampleMap.ThirdPersonExampleMap:PersistentLevel.ThirdPersonExampleMap' with GeneratedClass '/Game/Levels/ThirdPersonExampleMap.ThirdPersonExampleMap_C' with ClassGeneratedBy '/Game/Levels/ThirdPersonExampleMap.ThirdPersonExampleMap:PersistentLevel.ThirdPersonExampleMap'
[2018.05.15-15.39.50:289][ 95]LogEditorViewport: Clicking on Actor (LMB): BP_ThirdPersonCharacter_C (ThirdPersonCharacter)
[2018.05.15-15.40.54:314][824]LogHttp: Warning: 0000021C1B6F0A00: request failed, libcurl error: 6 (Couldn't resolve host name)
[2018.05.15-15.40.54:314][824]LogHttp: Warning: 0000021C1B6F0A00: libcurl info message cache 0 (Could not resolve host: datarouter.ol.epicgames.com)
[2018.05.15-15.40.54:314][824]LogHttp: Warning: 0000021C1B6F0A00: libcurl info message cache 1 (Closing connection 4)
[2018.05.15-15.42.05:910][773]LogSlate: Took 0.000290 seconds to synchronously load lazily loaded font '../../../Engine/Content/Slate/Fonts/Roboto-Light.ttf' (159K)
[2018.05.15-15.42.14:343][799]LogSlate: Took 0.000284 seconds to synchronously load lazily loaded font '../../../Engine/Content/Slate/Fonts/Roboto-Light.ttf' (159K)
[2018.05.15-15.42.15:439][799]LogSavePackage: Save=738.14ms
[2018.05.15-15.42.15:439][799]LogSavePackage: Moving '../../../../../../Documents/Unreal Engine/MJ2Unreal/Saved/ThirdPersonExampleMap_Auto16216FC76419C813183CFC8A14EAA79E3.tmp' to '../../../../../../Documents/Unreal Engine/MJ2Unreal/Saved/Autosaves/Game/Levels/ThirdPersonExampleMap_Auto1.umap'
[2018.05.15-15.42.15:474][799]LogSavePackage: Display: Finished SavePackage ../../../../../../Documents/Unreal Engine/MJ2Unreal/Saved/Autosaves/Game/Levels/ThirdPersonExampleMap_Auto1.umap
[2018.05.15-15.42.15:506][799]LogFileHelpers: Editor autosave (incl. sublevels) for '/Game/Levels/ThirdPersonExampleMap' took 1.132
[2018.05.15-15.42.15:506][799]LogFileHelpers: Editor autosave (incl. sublevels) for all levels took 1.132
[2018.05.15-15.42.21:548][828]LogEditorViewport: Clicking on Actor (LMB): StaticMeshActor (mapa1_2_3)
[2018.05.15-15.42.33:048][493]LogEditorViewport: Clicking on Actor (LMB): PostProcessVolume (PostProcessVolume)
[2018.05.15-15.42.44:757][137]Cmd: CAMERA ALIGN ACTIVEVIEWPORTONLY
[2018.05.15-15.43.52:840][320]LogContentBrowser: Native class hierarchy updated for 'BlueprintGraph' in 0.0008 seconds. Added 116 classes and 0 folders.
[2018.05.15-15.43.55:105][320]LogSlate: Took 0.017237 seconds to synchronously load lazily loaded font '../../../Engine/Content/Editor/Slate/Fonts/Roboto-BoldCondensed.ttf' (158K)
[2018.05.15-15.44.04:144][817]MapCheck: New page: Map Check
[2018.05.15-15.44.04:167][817]Cmd: MAP REBUILD ALLVISIBLE
[2018.05.15-15.44.04:167][817]LogEditorServer: Rebuildmap Clear paths rebuilt
[2018.05.15-15.44.04:591][817]LogMaterial: Missing cached shader map for material FDebugViewModeMaterialProxy WorldGridMaterial, compiling. Is special engine material.
[2018.05.15-15.44.04:745][817]LogMaterial: Missing cached shader map for material FDebugViewModeMaterialProxy BasicShapeMaterial, compiling. 
[2018.05.15-15.44.04:751][817]LogMaterial: Missing cached shader map for material FDebugViewModeMaterialProxy LaserPointerMaterial, compiling. 
[2018.05.15-15.44.04:758][817]LogMaterial: Missing cached shader map for material FDebugViewModeMaterialProxy MaterialInstanceDynamic_1, compiling. 
[2018.05.15-15.44.04:767][817]LogMaterial: Missing cached shader map for material FDebugViewModeMaterialProxy M_UE4Man_Body, compiling. 
[2018.05.15-15.44.04:778][817]LogMaterial: Missing cached shader map for material FDebugViewModeMaterialProxy M_UE4Man_ChestLogo, compiling. 
[2018.05.15-15.44.04:786][817]LogMaterial: Missing cached shader map for material FDebugViewModeMaterialProxy MatineeCam_mat, compiling. 
[2018.05.15-15.44.06:474][817]TextureStreamingBuild: Display: Compiling optional shaders took 1.899 seconds.
[2018.05.15-15.44.06:558][817]LogLevel: Display: Export Material TexCoord Scales took 0.084 seconds.
[2018.05.15-15.44.06:600][817]TextureStreamingBuild: Display: Build Texture Streaming took 0.042 seconds.
[2018.05.15-15.44.06:643][817]LightingResults: New page: Lighting Build - May 15, 2018, 7:44:06 PM
[2018.05.15-15.44.06:769][817]LogSwarmInterface: [OpenConnection] Registering TCP channel ...
[2018.05.15-15.44.06:940][817]LogSwarmInterface: [OpenConnection] Connecting to agent ...
[2018.05.15-15.44.06:954][817]LogSwarmInterface: [TryOpenConnection] Testing the Agent
[2018.05.15-15.44.08:005][817]LogSwarmInterface: [TryOpenConnection] Opening Connection to Agent
[2018.05.15-15.44.08:005][817]LogSwarmInterface: [TryOpenConnection] Local Process ID is 14052
[2018.05.15-15.44.10:844][817]LogStaticLightingSystem: Running Lightmass w/ ImmediateImport mode ENABLED
[2018.05.15-15.44.10:844][817]LogStaticLightingSystem: Running Lightmass w/ ImmediateProcess mode ENABLED
[2018.05.15-15.44.10:844][817]LogStaticLightingSystem: Running Lightmass w/ Sorting mode ENABLED
[2018.05.15-15.44.10:844][817]LogStaticLightingSystem: Running Lightmass w/ Mapping paddings ENABLED
[2018.05.15-15.44.10:844][817]LogStaticLightingSystem: Running Lightmass w/ Mapping debug paddings DISABLED
[2018.05.15-15.44.11:118][817]Cmd: MAP CHECK DONTDISPLAYDIALOG
[2018.05.15-15.44.11:119][817]MapCheck: New page: ThirdPersonExampleMap - May 15, 2018, 7:44:11 PM
[2018.05.15-15.44.11:207][817]MapCheck: Map check complete: 0 Error(s), 0 Warning(s), took 88.797ms to complete.
[2018.05.15-15.44.11:230][817]LogEditorBuildUtils: Build time 0:07
[2018.05.15-15.44.13:458][873]LightingResults: Warning: Map_Level_1-2-3 Object has overlapping UVs.
[2018.05.15-15.44.13:458][873]LightingResults: Map_Level_1-2-3 Lightmap UV are overlapping by 89.5%. Please adjust content - Enable Error Coloring to visualize.
[2018.05.15-15.44.13:535][877]Job is a success!
[2018.05.15-15.44.13:639][878]LogVolumetricLightmapImport: Imported Volumetric Lightmap in 0.029s
[2018.05.15-15.44.13:639][878]LogVolumetricLightmapImport:      Indirection Texture 16x16x16 = 0.0Mb
[2018.05.15-15.44.13:639][878]LogVolumetricLightmapImport:      BrickData 5x5x5 = 0.0Mb
[2018.05.15-15.44.13:639][878]LogVolumetricLightmapImport:      Bricks at Level
[2018.05.15-15.44.13:639][878]LogVolumetricLightmapImport:          0: 100.0% covering 100.0% of volume
[2018.05.15-15.44.13:639][878]LogVolumetricLightmapImport:          1: 0.0% covering 0.0% of volume
[2018.05.15-15.44.13:639][878]LogVolumetricLightmapImport:          2: 0.0% covering 0.0% of volume
[2018.05.15-15.44.13:782][878]LogTexture: Display: Building textures: SkyOcclusion0_2 (AutoDXT, 64X32)
[2018.05.15-15.44.13:782][878]LogTexture: Display: Building textures: HQ_Lightmap0_1 (AutoDXT, 128X128)
[2018.05.15-15.44.13:782][878]LogTexture: Display: Building textures: SkyOcclusion0_1 (AutoDXT, 128X64)
[2018.05.15-15.44.13:782][878]LogTexture: Display: Building textures: HQ_Lightmap0_2 (AutoDXT, 64X64)
[2018.05.15-15.44.13:782][878]LogTexture: Display: Building textures: LQ_Lightmap_0_1 (DXT1, 128X128)
[2018.05.15-15.44.13:782][878]LogTexture: Display: Building textures: LQ_Lightmap_0_2 (DXT1, 64X64)
[2018.05.15-15.44.13:782][878]LogTexture: Display: Building textures: ShadowMapTexture2D_1 (G8, 32X32)
[2018.05.15-15.44.13:782][878]LogTexture: Display: Building textures: ShadowMapTexture2D_0 (G8, 64X64)
[2018.05.15-15.44.13:858][878]Lightmass on DESKTOP-5CI3UJP: 1.24 sec total, 146 ms importing, 21 ms setup, 394 ms photons, 588 ms processing, 0 ms extra exporting [3/3 mappings]. Threads: 3.94 sec total, 405 ms processing.
[2018.05.15-15.44.13:950][878]LogStaticLightingSystem: Illumination: 7.28 sec (51 ms encoding lightmaps, 20 ms encoding shadowmaps)
[2018.05.15-15.44.13:951][878]LogStaticLightingSystem: Lightmap texture memory:  0.1 MB (0.1 MB streaming, 0.0 MB non-streaming), 4 textures
[2018.05.15-15.44.13:951][878]LogStaticLightingSystem: Shadowmap texture memory: 0.0 MB (0.0 MB streaming, 0.0 MB non-streaming), 2 textures
[2018.05.15-15.44.14:804][878]DumpUnbuiltLightIteractions
[2018.05.15-15.44.14:804][878]Lights with unbuilt interactions: 0
[2018.05.15-15.44.14:804][878]
[2018.05.15-15.44.14:804][878]Primitives with unbuilt interactions: 0
[2018.05.15-15.44.14:897][879]Cmd: MAP CHECK NOTIFYRESULTS
[2018.05.15-15.44.14:897][879]MapCheck: New page: ThirdPersonExampleMap - May 15, 2018, 7:44:14 PM
[2018.05.15-15.44.14:976][879]MapCheck: Map check complete: 0 Error(s), 0 Warning(s), took 78.775ms to complete.
[2018.05.15-15.44.37:398][128]LogEditorViewport: Clicking on Actor (LMB): StaticMeshActor (mapa1_2_3)
[2018.05.15-15.44.38:076][162]LogEditorViewport: Clicking on Actor (LMB): PostProcessVolume (PostProcessVolume)
[2018.05.15-15.46.07:943][711]Cmd: CAMERA ALIGN ACTIVEVIEWPORTONLY
[2018.05.15-15.46.52:954][786]LogEditorViewport: Clicking on Actor (LMB): StaticMeshActor (mapa1_2_3)
[2018.05.15-15.47.17:293][840]LogEditorViewport: Clicking on Actor (LMB): StaticMeshActor (mapa1_2_3)
[2018.05.15-15.47.18:104][871]LogEditorViewport: Clicking on Actor (LMB): SpotLight (SpotLight)
[2018.05.15-15.47.19:923][950]Cmd: DELETE
[2018.05.15-15.47.19:923][950]Cmd: ACTOR DELETE
[2018.05.15-15.47.20:046][950]LogEditorActor: Deleted Actor: SpotLight
[2018.05.15-15.47.20:080][950]LogEditorActor: Deleted 1 Actors (0.135 secs)
[2018.05.15-15.47.57:868][527]Cmd: CAMERA ALIGN ACTIVEVIEWPORTONLY
[2018.05.15-15.48.14:875][235]Cmd: SELECT NONE
[2018.05.15-15.48.15:674][267]LogEditorViewport: Clicking on Actor (LMB): DirectionalLight (DirectionalLight)
[2018.05.15-15.48.16:698][309]Cmd: DELETE
[2018.05.15-15.48.16:698][309]Cmd: ACTOR DELETE
[2018.05.15-15.48.16:702][309]LogEditorActor: Deleted Actor: DirectionalLight
[2018.05.15-15.48.16:721][309]LogEditorActor: Deleted 1 Actors (0.024 secs)
[2018.05.15-15.48.21:449][551]LogEditorViewport: Clicking on Actor (LMB): BP_Torch_C (BP_Torch)
[2018.05.15-15.48.27:879][874]Cmd: CAMERA ALIGN ACTIVEVIEWPORTONLY
[2018.05.15-15.48.32:188][ 83]Cmd: CAMERA ALIGN ACTIVEVIEWPORTONLY
[2018.05.15-15.49.19:917][515]LogEditorViewport: Clicking on Actor (LMB): StaticMeshActor (mapa1_2_3)
[2018.05.15-15.49.20:594][543]LogEditorViewport: Clicking on Actor (LMB): BP_Torch_C (BP_Torch)
[2018.05.15-15.49.26:901][783]LogEditorViewport: Clicking on Actor (LMB): StaticMeshActor (mapa1_2_3)
[2018.05.15-15.49.27:971][830]LogEditorViewport: Clicking on Actor (LMB): StaticMeshActor (mapa1_2_3)
[2018.05.15-15.49.28:795][867]LogEditorViewport: Clicking on Actor (LMB): BP_Torch_C (BP_Torch)
[2018.05.15-15.49.32:153][ 34]LogEditorViewport: Clicking on Actor (LMB): StaticMeshActor (mapa1_2_3)
[2018.05.15-15.49.33:276][ 83]LogEditorViewport: Clicking on Actor (LMB): BP_Torch_C (BP_Torch)
[2018.05.15-15.49.36:649][251]Cmd: CAMERA ALIGN ACTIVEVIEWPORTONLY
[2018.05.15-15.51.15:792][239]LogEditorViewport: Clicking on Actor (LMB): AtmosphericFog (AtmosphericFog)
[2018.05.15-15.51.17:581][332]LogEditorViewport: Clicking on Actor (LMB): AtmosphericFog (AtmosphericFog2)
[2018.05.15-15.51.23:815][669]Cmd: DELETE
[2018.05.15-15.51.23:815][669]Cmd: ACTOR DELETE
[2018.05.15-15.51.23:820][669]LogEditorActor: Deleted Actor: AtmosphericFog
[2018.05.15-15.51.23:825][669]LogEditorActor: Deleted Actor: AtmosphericFog
[2018.05.15-15.51.23:849][669]LogEditorActor: Deleted 2 Actors (0.033 secs)
[2018.05.15-15.51.27:607][885]LogEditorViewport: Clicking on Actor (LMB): SphereReflectionCapture (SphereReflectionCapture)
[2018.05.15-15.51.36:285][376]LogEditorViewport: Clicking on Actor (LMB): StaticMeshActor (mapa1_2_3)
[2018.05.15-15.52.18:309][487]LogSavePackage: Save=437.50ms
[2018.05.15-15.52.18:309][487]LogSavePackage: Moving '../../../../../../Documents/Unreal Engine/MJ2Unreal/Saved/ThirdPersonExampleMap_Auto21EC4DF8B4A98E5DDB93CC39F02963E19.tmp' to '../../../../../../Documents/Unreal Engine/MJ2Unreal/Saved/Autosaves/Game/Levels/ThirdPersonExampleMap_Auto2.umap'
[2018.05.15-15.52.18:310][487]LogSavePackage: Display: Finished SavePackage ../../../../../../Documents/Unreal Engine/MJ2Unreal/Saved/Autosaves/Game/Levels/ThirdPersonExampleMap_Auto2.umap
[2018.05.15-15.52.18:312][487]LogFileHelpers: Editor autosave (incl. sublevels) for '/Game/Levels/ThirdPersonExampleMap' took 0.546
[2018.05.15-15.52.18:312][487]LogFileHelpers: Editor autosave (incl. sublevels) for all levels took 0.546
[2018.05.15-15.52.18:364][487]OBJ SavePackage: Generating thumbnails for [0] asset(s) in package [/Game/Levels/ThirdPersonExampleMap_BuiltData] ([1] browsable assets)...
[2018.05.15-15.52.18:364][487]OBJ SavePackage: Finished generating thumbnails for package [/Game/Levels/ThirdPersonExampleMap_BuiltData]
[2018.05.15-15.52.18:391][487]LogSavePackage: Save=25.73ms
[2018.05.15-15.52.18:391][487]LogSavePackage: Moving '../../../../../../Documents/Unreal Engine/MJ2Unreal/Saved/ThirdPersonExampleMap_BuiltData_E128A2274FC36A8B87C52F988EDB90B3.tmp' to '../../../../../../Documents/Unreal Engine/MJ2Unreal/Saved/Autosaves/Game/Levels/ThirdPersonExampleMap_BuiltData_Auto2.uasset'
[2018.05.15-15.52.18:393][487]LogSavePackage: Display: Finished SavePackage ../../../../../../Documents/Unreal Engine/MJ2Unreal/Saved/Autosaves/Game/Levels/ThirdPersonExampleMap_BuiltData_Auto2.uasset
[2018.05.15-15.52.18:393][487]LogFileHelpers: Auto-saving content packages took 0.079
[2018.05.15-15.53.58:364][576]LogSavePackage: Save=437.95ms
[2018.05.15-15.53.58:364][576]LogSavePackage: Moving '../../../../../../Documents/Unreal Engine/MJ2Unreal/Saved/ThirdPersonExampleMapFF32E1004742B73F2E2C729BFDA18FE2.tmp' to '../../../../../../Documents/Unreal Engine/MJ2Unreal/Content/Levels/ThirdPersonExampleMap.umap'
[2018.05.15-15.53.58:370][576]LogSavePackage: Display: Finished SavePackage ../../../../../../Documents/Unreal Engine/MJ2Unreal/Content/Levels/ThirdPersonExampleMap.umap
[2018.05.15-15.53.58:450][576]Cmd: OBJ SAVEPACKAGE PACKAGE="/Game/Levels/ThirdPersonExampleMap_BuiltData" FILE="../../../../../../Documents/Unreal Engine/MJ2Unreal/Content/Levels/ThirdPersonExampleMap_BuiltData.uasset" SILENT=true
[2018.05.15-15.53.58:465][576]LogSavePackage: Save=13.18ms
[2018.05.15-15.53.58:465][576]LogSavePackage: Moving '../../../../../../Documents/Unreal Engine/MJ2Unreal/Saved/ThirdPersonExampleMap_BuiltData6B4BC11846DC27C28FC57C8CB0708EC5.tmp' to '../../../../../../Documents/Unreal Engine/MJ2Unreal/Content/Levels/ThirdPersonExampleMap_BuiltData.uasset'
[2018.05.15-15.53.58:468][576]LogSavePackage: Display: Finished SavePackage ../../../../../../Documents/Unreal Engine/MJ2Unreal/Content/Levels/ThirdPersonExampleMap_BuiltData.uasset
[2018.05.15-15.56.45:144][194]LogSavePackage: Save=426.87ms
[2018.05.15-15.56.45:144][194]LogSavePackage: Moving '../../../../../../Documents/Unreal Engine/MJ2Unreal/Saved/ThirdPersonExampleMapD7EEE5FF4F41679B7ADF63B5B5680A73.tmp' to '../../../../../../Documents/Unreal Engine/MJ2Unreal/Content/Levels/ThirdPersonExampleMap.umap'
[2018.05.15-15.56.45:148][194]LogSavePackage: Display: Finished SavePackage ../../../../../../Documents/Unreal Engine/MJ2Unreal/Content/Levels/ThirdPersonExampleMap.umap
[2018.05.15-15.56.45:183][194]Cmd: OBJ SAVEPACKAGE PACKAGE="/Game/Levels/ThirdPersonExampleMap_BuiltData" FILE="../../../../../../Documents/Unreal Engine/MJ2Unreal/Content/Levels/ThirdPersonExampleMap_BuiltData.uasset" SILENT=true
[2018.05.15-15.56.45:203][194]LogSavePackage: Save=12.70ms
[2018.05.15-15.56.45:203][194]LogSavePackage: Moving '../../../../../../Documents/Unreal Engine/MJ2Unreal/Saved/ThirdPersonExampleMap_BuiltData6991A3864736D11DE9371B8C2EA7F9BF.tmp' to '../../../../../../Documents/Unreal Engine/MJ2Unreal/Content/Levels/ThirdPersonExampleMap_BuiltData.uasset'
[2018.05.15-15.56.45:205][194]LogSavePackage: Display: Finished SavePackage ../../../../../../Documents/Unreal Engine/MJ2Unreal/Content/Levels/ThirdPersonExampleMap_BuiltData.uasset
[2018.05.15-15.56.58:479][896]LogEditorViewport: Clicking on Actor (LMB): SphereReflectionCapture (SphereReflectionCapture)
[2018.05.15-15.57.47:354][641]LogSavePackage: Save=441.24ms
[2018.05.15-15.57.47:354][641]LogSavePackage: Moving '../../../../../../Documents/Unreal Engine/MJ2Unreal/Saved/ThirdPersonExampleMap81ED0E6D4F12CD468C4590B3111E6860.tmp' to '../../../../../../Documents/Unreal Engine/MJ2Unreal/Content/Levels/ThirdPersonExampleMap.umap'
[2018.05.15-15.57.47:358][641]LogSavePackage: Display: Finished SavePackage ../../../../../../Documents/Unreal Engine/MJ2Unreal/Content/Levels/ThirdPersonExampleMap.umap
[2018.05.15-15.57.47:393][641]Cmd: OBJ SAVEPACKAGE PACKAGE="/Game/Levels/ThirdPersonExampleMap_BuiltData" FILE="../../../../../../Documents/Unreal Engine/MJ2Unreal/Content/Levels/ThirdPersonExampleMap_BuiltData.uasset" SILENT=true
[2018.05.15-15.57.47:412][641]LogSavePackage: Save=12.86ms
[2018.05.15-15.57.47:412][641]LogSavePackage: Moving '../../../../../../Documents/Unreal Engine/MJ2Unreal/Saved/ThirdPersonExampleMap_BuiltDataD503DBA540BAB64470B722BEC031A934.tmp' to '../../../../../../Documents/Unreal Engine/MJ2Unreal/Content/Levels/ThirdPersonExampleMap_BuiltData.uasset'
[2018.05.15-15.57.47:413][641]LogSavePackage: Display: Finished SavePackage ../../../../../../Documents/Unreal Engine/MJ2Unreal/Content/Levels/ThirdPersonExampleMap_BuiltData.uasset
[2018.05.15-15.57.48:778][670]Cmd: QUIT_EDITOR
[2018.05.15-15.57.49:949][670]LogWindowsTextInputMethodSystem: Display: IME system now deactivated.
[2018.05.15-15.57.50:043][670]LogExit: Preparing to exit.
[2018.05.15-15.57.51:118][670]LogDirectoryWatcher: A directory notification for 'D:/Documents/Unreal Engine/MJ2Unreal/Content/' was aborted.
[2018.05.15-15.57.51:221][670]LogExit: Editor shut down
[2018.05.15-15.57.51:225][670]LogExit: Transaction tracking system shut down
[2018.05.15-15.57.51:505][670]LogDirectoryWatcher: A directory notification for '../../../Engine/Content/' was aborted.
[2018.05.15-15.57.51:506][670]LogDirectoryWatcher: A directory notification for '../../../../../../Documents/Unreal Engine/MJ2Unreal/Content/' was aborted.
[2018.05.15-15.57.51:506][670]LogDirectoryWatcher: A directory notification for '../../../Engine/Plugins/2D/Paper2D/Content/' was aborted.
[2018.05.15-15.57.51:506][670]LogDirectoryWatcher: A directory notification for '../../../Engine/Plugins/Media/MediaCompositing/Content/' was aborted.
[2018.05.15-15.57.51:506][670]LogDirectoryWatcher: A directory notification for '../../../Engine/Plugins/Runtime/AppleARKit/Content/' was aborted.
[2018.05.15-15.57.51:506][670]LogDirectoryWatcher: A directory notification for '../../../Engine/Plugins/Runtime/Oculus/OculusVR/Content/' was aborted.
[2018.05.15-15.57.51:506][670]LogDirectoryWatcher: A directory notification for '../../../Engine/Plugins/Runtime/Steam/SteamVR/Content/' was aborted.
[2018.05.15-15.57.52:545][670]LogExit: Object subsystem successfully closed.
[2018.05.15-15.57.52:633][670]LogD3D11RHI: Shutdown
[2018.05.15-15.57.52:647][670]LogD3D11RHI: CleanupD3DDevice
[2018.05.15-15.57.52:685][670]LogD3D11RHI: ~FD3D11DynamicRHI
[2018.05.15-15.57.53:591][670]LogModuleManager: Shutting down and abandoning module HierarchicalLODUtilities (554)
[2018.05.15-15.57.53:611][670]LogModuleManager: Shutting down and abandoning module BlueprintGraph (552)
[2018.05.15-15.57.53:611][670]LogModuleManager: Shutting down and abandoning module MovieSceneCapture (550)
[2018.05.15-15.57.53:611][670]LogModuleManager: Shutting down and abandoning module HierarchicalLODOutliner (548)
[2018.05.15-15.57.53:611][670]LogModuleManager: Shutting down and abandoning module SceneOutliner (546)
[2018.05.15-15.57.53:611][670]LogModuleManager: Shutting down and abandoning module AddContentDialog (544)
[2018.05.15-15.57.53:611][670]LogDirectoryWatcher: A directory notification for 'D:/Games/Epic Games/UE_4.18/FeaturePacks/' was aborted.
[2018.05.15-15.57.53:612][670]LogModuleManager: Shutting down and abandoning module WidgetCarousel (543)
[2018.05.15-15.57.53:612][670]LogModuleManager: Shutting down and abandoning module EditorWidgets (540)
[2018.05.15-15.57.53:612][670]LogModuleManager: Shutting down and abandoning module CollectionManager (538)
[2018.05.15-15.57.53:643][670]LogDirectoryWatcher: A directory notification for 'D:/Documents/Unreal Engine/MJ2Unreal/Content/Collections/' was aborted.
[2018.05.15-15.57.53:644][670]LogDirectoryWatcher: A directory notification for 'D:/Documents/Unreal Engine/MJ2Unreal/Content/Developers/espas/Collections/' was aborted.
[2018.05.15-15.57.53:644][670]LogDirectoryWatcher: A directory notification for 'D:/Documents/Unreal Engine/MJ2Unreal/Saved/Collections/' was aborted.
[2018.05.15-15.57.53:644][670]LogModuleManager: Shutting down and abandoning module StatsViewer (536)
[2018.05.15-15.57.53:644][670]LogModuleManager: Shutting down and abandoning module FoliageEdit (534)
[2018.05.15-15.57.53:644][670]LogModuleManager: Shutting down and abandoning module LandscapeEditor (532)
[2018.05.15-15.57.53:670][670]LogModuleManager: Shutting down and abandoning module MeshPaintMode (530)
[2018.05.15-15.57.53:671][670]LogModuleManager: Shutting down and abandoning module SceneDepthPickerMode (528)
[2018.05.15-15.57.53:671][670]LogModuleManager: Shutting down and abandoning module ActorPickerMode (526)
[2018.05.15-15.57.53:671][670]LogModuleManager: Shutting down and abandoning module GeometryMode (524)
[2018.05.15-15.57.53:671][670]LogModuleManager: Shutting down and abandoning module TextureAlignMode (522)
[2018.05.15-15.57.53:671][670]LogModuleManager: Shutting down and abandoning module BspMode (520)
[2018.05.15-15.57.53:671][670]LogModuleManager: Shutting down and abandoning module PIEPreviewDeviceProfileSelector (518)
[2018.05.15-15.57.53:671][670]LogModuleManager: Shutting down and abandoning module HardwareSurvey (516)
[2018.05.15-15.57.53:671][670]LogModuleManager: Shutting down and abandoning module SequenceRecorderSections (514)
[2018.05.15-15.57.53:696][670]LogModuleManager: Shutting down and abandoning module AutomationWorker (512)
[2018.05.15-15.57.53:709][670]LogModuleManager: Shutting down and abandoning module MatineeToLevelSequence (510)
[2018.05.15-15.57.53:718][670]LogModuleManager: Shutting down and abandoning module LevelSequenceEditor (508)
[2018.05.15-15.57.53:767][670]LogModuleManager: Shutting down and abandoning module PlacementMode (507)
[2018.05.15-15.57.53:767][670]LogModuleManager: Shutting down and abandoning module WmfMediaFactory (504)
[2018.05.15-15.57.53:767][670]LogModuleManager: Shutting down and abandoning module WmfMediaEditor (502)
[2018.05.15-15.57.53:767][670]LogModuleManager: Shutting down and abandoning module OpenExrWrapper (500)
[2018.05.15-15.57.53:767][670]LogModuleManager: Shutting down and abandoning module ImgMediaFactory (498)
[2018.05.15-15.57.53:767][670]LogModuleManager: Shutting down and abandoning module ImgMediaEditor (496)
[2018.05.15-15.57.53:767][670]LogModuleManager: Shutting down and abandoning module AvfMediaFactory (494)
[2018.05.15-15.57.53:767][670]LogModuleManager: Shutting down and abandoning module AvfMediaEditor (492)
[2018.05.15-15.57.53:767][670]LogModuleManager: Shutting down and abandoning module AndroidMediaFactory (490)
[2018.05.15-15.57.53:767][670]LogModuleManager: Shutting down and abandoning module AndroidMediaEditor (488)
[2018.05.15-15.57.53:767][670]LogModuleManager: Shutting down and abandoning module CharacterAI (486)
[2018.05.15-15.57.53:767][670]LogModuleManager: Shutting down and abandoning module AudioCapture (484)
[2018.05.15-15.57.53:778][670]LogModuleManager: Shutting down and abandoning module SequenceRecorder (483)
[2018.05.15-15.57.53:795][670]LogModuleManager: Shutting down and abandoning module SmartSnapping (480)
[2018.05.15-15.57.53:795][670]LogModuleManager: Shutting down and abandoning module SessionServices (478)
[2018.05.15-15.57.53:795][670]LogModuleManager: Shutting down and abandoning module ViewportSnapping (476)
[2018.05.15-15.57.53:795][670]LogModuleManager: Shutting down and abandoning module ViewportInteraction (474)
[2018.05.15-15.57.53:795][670]LogModuleManager: Shutting down and abandoning module ClothPainter (472)
[2018.05.15-15.57.53:816][670]LogModuleManager: Shutting down and abandoning module SkeletalMeshEditor (471)
[2018.05.15-15.57.53:843][670]LogModuleManager: Shutting down and abandoning module LogVisualizer (468)
[2018.05.15-15.57.53:860][670]LogModuleManager: Shutting down and abandoning module IntroTutorials (466)
[2018.05.15-15.57.53:891][670]LogModuleManager: Shutting down and abandoning module GameProjectGeneration (465)
[2018.05.15-15.57.53:899][670]LogModuleManager: Shutting down and abandoning module IOSPlatformEditor (462)
[2018.05.15-15.57.53:899][670]LogModuleManager: Shutting down and abandoning module HTML5PlatformEditor (460)
[2018.05.15-15.57.53:899][670]LogModuleManager: Shutting down and abandoning module AndroidPlatformEditor (458)
[2018.05.15-15.57.53:899][670]LogModuleManager: Shutting down and abandoning module AndroidDeviceDetection (457)
[2018.05.15-15.57.54:875][670]LogModuleManager: Shutting down and abandoning module WindowsPlatformEditor (454)
[2018.05.15-15.57.54:875][670]LogModuleManager: Shutting down and abandoning module IOSRuntimeSettings (452)
[2018.05.15-15.57.54:875][670]LogModuleManager: Shutting down and abandoning module AndroidRuntimeSettings (450)
[2018.05.15-15.57.54:875][670]LogModuleManager: Shutting down and abandoning module InputBindingEditor (448)
[2018.05.15-15.57.54:928][670]LogModuleManager: Shutting down and abandoning module MergeActors (446)
[2018.05.15-15.57.54:948][670]LogModuleManager: Shutting down and abandoning module SizeMap (444)
[2018.05.15-15.57.54:948][670]LogModuleManager: Shutting down and abandoning module TreeMap (442)
[2018.05.15-15.57.54:971][670]LogModuleManager: Shutting down and abandoning module ReferenceViewer (440)
[2018.05.15-15.57.54:971][670]LogModuleManager: Shutting down and abandoning module LocalizationDashboard (438)
[2018.05.15-15.57.54:984][670]LogModuleManager: Shutting down and abandoning module LocalizationService (437)
[2018.05.15-15.57.54:992][670]LogModuleManager: Shutting down and abandoning module HardwareTargeting (434)
[2018.05.15-15.57.54:992][670]LogModuleManager: Shutting down and abandoning module DeviceProfileEditor (432)
[2018.05.15-15.57.54:992][670]LogModuleManager: Shutting down and abandoning module UndoHistory (430)
[2018.05.15-15.57.54:993][670]LogModuleManager: Shutting down and abandoning module XmlParser (428)
[2018.05.15-15.57.55:003][670]LogModuleManager: Shutting down and abandoning module Blutility (426)
[2018.05.15-15.57.55:004][670]LogModuleManager: Shutting down and abandoning module ProjectSettingsViewer (424)
[2018.05.15-15.57.55:004][670]LogModuleManager: Shutting down and abandoning module ProjectTargetPlatformEditor (423)
[2018.05.15-15.57.55:004][670]LogModuleManager: Shutting down and abandoning module EditorSettingsViewer (420)
[2018.05.15-15.57.55:004][670]LogModuleManager: Shutting down and abandoning module SettingsEditor (418)
[2018.05.15-15.57.55:023][670]LogModuleManager: Shutting down and abandoning module ProjectLauncher (416)
[2018.05.15-15.57.55:037][670]LogModuleManager: Shutting down and abandoning module SessionFrontend (414)
[2018.05.15-15.57.55:057][670]LogModuleManager: Shutting down and abandoning module ProfilerClient (412)
[2018.05.15-15.57.55:074][670]LogModuleManager: Shutting down and abandoning module DeviceManager (410)
[2018.05.15-15.57.55:092][670]LogModuleManager: Shutting down and abandoning module TargetDeviceServices (409)
[2018.05.15-15.57.55:157][670]LogModuleManager: Shutting down and abandoning module AutomationController (406)
[2018.05.15-15.57.55:177][670]LogModuleManager: Shutting down and abandoning module AutomationWindow (404)
[2018.05.15-15.57.55:197][670]LogModuleManager: Shutting down and abandoning module Layers (402)
[2018.05.15-15.57.55:241][670]LogModuleManager: Shutting down and abandoning module ComponentVisualizers (400)
[2018.05.15-15.57.55:241][670]LogModuleManager: Shutting down and abandoning module DetailCustomizations (398)
[2018.05.15-15.57.55:267][670]LogModuleManager: Shutting down and abandoning module PackagesDialog (396)
[2018.05.15-15.57.55:267][670]LogModuleManager: Shutting down and abandoning module Persona (394)
[2018.05.15-15.57.55:297][670]LogModuleManager: Shutting down and abandoning module AdvancedPreviewScene (393)
[2018.05.15-15.57.55:297][670]LogModuleManager: Shutting down and abandoning module AnimGraph (391)
[2018.05.15-15.57.55:297][670]LogModuleManager: Shutting down and abandoning module Kismet (388)
[2018.05.15-15.57.55:318][670]LogModuleManager: Shutting down and abandoning module ClassViewer (386)
[2018.05.15-15.57.55:318][670]LogModuleManager: Shutting down and abandoning module Toolbox (384)
[2018.05.15-15.57.55:318][670]LogModuleManager: Shutting down and abandoning module ModuleUI (382)
[2018.05.15-15.57.55:332][670]LogModuleManager: Shutting down and abandoning module MovieSceneTools (380)
[2018.05.15-15.57.55:363][670]LogModuleManager: Shutting down and abandoning module OutputLog (378)
[2018.05.15-15.57.55:387][670]LogModuleManager: Shutting down and abandoning module GammaUI (376)
[2018.05.15-15.57.55:395][670]LogModuleManager: Shutting down and abandoning module Documentation (374)
[2018.05.15-15.57.55:395][670]LogModuleManager: Shutting down and abandoning module MovieSceneTracks (372)
[2018.05.15-15.57.55:395][670]LogModuleManager: Shutting down and abandoning module MovieScene (370)
[2018.05.15-15.57.55:395][670]LogModuleManager: Shutting down and abandoning module StreamingPauseRendering (368)
[2018.05.15-15.57.55:395][670]LogModuleManager: Shutting down and abandoning module LauncherPlatform (366)
[2018.05.15-15.57.55:395][670]LogModuleManager: Shutting down and abandoning module AnalyticsET (364)
[2018.05.15-15.57.55:395][670]LogModuleManager: Shutting down and abandoning module PortalServices (362)
[2018.05.15-15.57.55:395][670]LogModuleManager: Shutting down and abandoning module PortalRpc (360)
[2018.05.15-15.57.55:395][670]LogModuleManager: Shutting down and abandoning module MessagingRpc (358)
[2018.05.15-15.57.55:395][670]LogModuleManager: Shutting down and abandoning module AIModule (356)
[2018.05.15-15.57.55:396][670]LogModuleManager: Shutting down and abandoning module GameplayDebugger (355)
[2018.05.15-15.57.55:396][670]LogModuleManager: Shutting down and abandoning module AITestSuite (353)
[2018.05.15-15.57.55:411][670]LogModuleManager: Shutting down and abandoning module DesktopPlatform (350)
[2018.05.15-15.57.55:411][670]LogModuleManager: Shutting down and abandoning module ProfilerService (348)
[2018.05.15-15.57.55:505][670]LogModuleManager: Shutting down and abandoning module TaskGraph (346)
[2018.05.15-15.57.55:526][670]LogModuleManager: Shutting down and abandoning module SteamVRController (344)
[2018.05.15-15.57.55:526][670]LogModuleManager: Shutting down and abandoning module ProceduralMeshComponentEditor (342)
[2018.05.15-15.57.55:526][670]LogModuleManager: Shutting down and abandoning module ProceduralMeshComponent (340)
[2018.05.15-15.57.55:526][670]LogModuleManager: Shutting down and abandoning module OculusInput (338)
[2018.05.15-15.57.55:535][670]LogModuleManager: Shutting down and abandoning module MobilePatchingUtils (336)
[2018.05.15-15.57.55:536][670]LogModuleManager: Shutting down and abandoning module CustomMeshComponent (334)
[2018.05.15-15.57.55:536][670]LogModuleManager: Shutting down and abandoning module CableComponent (332)
[2018.05.15-15.57.55:544][670]LogModuleManager: Shutting down and abandoning module ArchVisCharacter (330)
[2018.05.15-15.57.55:544][670]LogModuleManager: Shutting down and abandoning module AndroidPermission (328)
[2018.05.15-15.57.55:544][670]LogModuleManager: Shutting down and abandoning module ActorSequence (324)
[2018.05.15-15.57.55:544][670]LogModuleManager: Shutting down and abandoning module MediaPlayerEditor (322)
[2018.05.15-15.57.55:563][670]LogModuleManager: Shutting down and abandoning module MediaCompositingEditor (320)
[2018.05.15-15.57.55:563][670]LogModuleManager: Shutting down and abandoning module MediaCompositing (318)
[2018.05.15-15.57.55:563][670]LogModuleManager: Shutting down and abandoning module HTML5Networking (316)
[2018.05.15-15.57.55:563][670]LogModuleManager: Shutting down and abandoning module AlembicImporter (314)
[2018.05.15-15.57.55:574][670]LogModuleManager: Shutting down and abandoning module AlembicLibrary (313)
[2018.05.15-15.57.55:574][670]LogModuleManager: Shutting down and abandoning module GeometryCache (312)
[2018.05.15-15.57.55:592][670]LogModuleManager: Shutting down and abandoning module GeometryCacheEd (311)
[2018.05.15-15.57.55:592][670]LogModuleManager: Shutting down and abandoning module SpeedTreeImporter (306)
[2018.05.15-15.57.55:592][670]LogModuleManager: Shutting down and abandoning module PluginBrowser (304)
[2018.05.15-15.57.55:622][670]LogModuleManager: Shutting down and abandoning module MobileLauncherProfileWizard (302)
[2018.05.15-15.57.55:634][670]LogModuleManager: Shutting down and abandoning module VisualStudioSourceCodeAccess (300)
[2018.05.15-15.57.55:634][670]LogModuleManager: Shutting down and abandoning module VisualStudioCodeSourceCodeAccess (298)
[2018.05.15-15.57.55:634][670]LogModuleManager: Shutting down and abandoning module UObjectPlugin (296)
[2018.05.15-15.57.55:634][670]LogModuleManager: Shutting down and abandoning module SubversionSourceControl (294)
[2018.05.15-15.57.55:652][670]LogModuleManager: Shutting down and abandoning module PerforceSourceControl (292)
[2018.05.15-15.57.55:680][670]LogModuleManager: Shutting down and abandoning module GitSourceControl (290)
[2018.05.15-15.57.55:699][670]LogModuleManager: Shutting down and abandoning module SourceControl (289)
[2018.05.15-15.57.55:699][670]LogModuleManager: Shutting down and abandoning module LightPropagationVolumeEditor (286)
[2018.05.15-15.57.55:699][670]LogModuleManager: Shutting down and abandoning module PaperTiledImporter (284)
[2018.05.15-15.57.55:699][670]LogModuleManager: Shutting down and abandoning module PaperSpriteSheetImporter (282)
[2018.05.15-15.57.55:699][670]LogModuleManager: Shutting down and abandoning module Paper2DEditor (280)
[2018.05.15-15.57.55:719][670]LogModuleManager: Shutting down and abandoning module MeshPaint (279)
[2018.05.15-15.57.55:732][670]LogModuleManager: Shutting down and abandoning module LevelEditor (277)
[2018.05.15-15.57.55:745][670]LogModuleManager: Shutting down and abandoning module PixelInspectorModule (276)
[2018.05.15-15.57.55:763][670]LogModuleManager: Shutting down and abandoning module MainFrame (274)
[2018.05.15-15.57.55:763][670]LogModuleManager: Shutting down and abandoning module HotReload (273)
[2018.05.15-15.57.55:779][670]LogModuleManager: Shutting down and abandoning module RuntimePhysXCooking (268)
[2018.05.15-15.57.55:779][670]LogModuleManager: Shutting down and abandoning module PhysXVehiclesEditor (266)
[2018.05.15-15.57.55:779][670]LogModuleManager: Shutting down and abandoning module PhysXVehicles (264)
[2018.05.15-15.57.55:779][670]LogModuleManager: Shutting down and abandoning module OculusEditor (262)
[2018.05.15-15.57.55:779][670]LogModuleManager: Shutting down and abandoning module LocationServicesBPLibrary (260)
[2018.05.15-15.57.55:779][670]LogModuleManager: Shutting down and abandoning module ImmediatePhysicsEditor (258)
[2018.05.15-15.57.55:779][670]LogModuleManager: Shutting down and abandoning module ImmediatePhysics (256)
[2018.05.15-15.57.55:795][670]LogModuleManager: Shutting down and abandoning module UdpMessaging (254)
[2018.05.15-15.57.55:909][670]LogModuleManager: Shutting down and abandoning module TcpMessaging (252)
[2018.05.15-15.57.56:020][670]LogModuleManager: Shutting down and abandoning module GameplayTagsEditor (250)
[2018.05.15-15.57.56:048][670]LogModuleManager: Shutting down and abandoning module FacialAnimationEditor (248)
[2018.05.15-15.57.56:048][670]LogModuleManager: Shutting down and abandoning module FacialAnimation (246)
[2018.05.15-15.57.56:048][670]LogModuleManager: Shutting down and abandoning module AssetManagerEditor (244)
[2018.05.15-15.57.56:064][670]LogModuleManager: Shutting down and abandoning module GraphEditor (243)
[2018.05.15-15.57.56:064][670]LogModuleManager: Shutting down and abandoning module ContentBrowser (241)
[2018.05.15-15.57.56:065][670]LogModuleManager: Shutting down and abandoning module LightPropagationVolumeRuntime (238)
[2018.05.15-15.57.56:065][670]LogModuleManager: Shutting down and abandoning module Paper2D (236)
[2018.05.15-15.57.56:065][670]LogModuleManager: Shutting down and abandoning module WindowsMoviePlayer (234)
[2018.05.15-15.57.56:071][670]LogModuleManager: Shutting down and abandoning module WmfMedia (232)
[2018.05.15-15.57.56:089][670]LogModuleManager: Shutting down and abandoning module ImgMedia (230)
[2018.05.15-15.57.56:089][670]LogModuleManager: Shutting down and abandoning module PacketHandler (228)
[2018.05.15-15.57.56:089][670]LogModuleManager: Shutting down and abandoning module ClothingSystemEditor (226)
[2018.05.15-15.57.56:089][670]LogModuleManager: Shutting down and abandoning module ClothingSystemRuntime (224)
[2018.05.15-15.57.56:089][670]LogModuleManager: Shutting down and abandoning module MediaAssets (222)
[2018.05.15-15.57.56:089][670]LogModuleManager: Shutting down and abandoning module Media (221)
[2018.05.15-15.57.56:095][670]LogModuleManager: Shutting down and abandoning module Overlay (218)
[2018.05.15-15.57.56:095][670]LogModuleManager: Shutting down and abandoning module OverlayEditor (217)
[2018.05.15-15.57.56:095][670]LogModuleManager: Shutting down and abandoning module VREditor (214)
[2018.05.15-15.57.56:109][670]LogModuleManager: Shutting down and abandoning module StringTableEditor (212)
[2018.05.15-15.57.56:113][670]LogModuleManager: Shutting down and abandoning module GameplayTasksEditor (210)
[2018.05.15-15.57.56:113][670]LogModuleManager: Shutting down and abandoning module BehaviorTreeEditor (208)
[2018.05.15-15.57.56:159][670]LogModuleManager: Shutting down and abandoning module FunctionalTesting (206)
[2018.05.15-15.57.56:173][670]LogModuleManager: Shutting down and abandoning module CollisionAnalyzer (204)
[2018.05.15-15.57.56:183][670]LogModuleManager: Shutting down and abandoning module WorkspaceMenuStructure (203)
[2018.05.15-15.57.56:183][670]LogModuleManager: Shutting down and abandoning module UMG (200)
[2018.05.15-15.57.56:193][670]LogModuleManager: Shutting down and abandoning module UMGEditor (199)
[2018.05.15-15.57.56:234][670]LogModuleManager: Shutting down and abandoning module Sequencer (198)
[2018.05.15-15.57.56:272][670]LogModuleManager: Shutting down and abandoning module MessageLog (195)
[2018.05.15-15.57.56:272][670]LogModuleManager: Shutting down and abandoning module SlateReflector (190)
[2018.05.15-15.57.56:301][670]LogModuleManager: Shutting down and abandoning module Slate (188)
[2018.05.15-15.57.56:301][670]LogModuleManager: Shutting down and abandoning module EditorStyle (186)
[2018.05.15-15.57.56:303][670]LogModuleManager: Shutting down and abandoning module MRMesh (184)
[2018.05.15-15.57.56:303][670]LogModuleManager: Shutting down and abandoning module SourceCodeAccess (182)
[2018.05.15-15.57.56:303][670]LogModuleManager: Shutting down and abandoning module HeadMountedDisplay (180)
[2018.05.15-15.57.56:303][670]LogModuleManager: Shutting down and abandoning module XAudio2 (178)
[2018.05.15-15.57.56:303][670]LogModuleManager: Shutting down and abandoning module Networking (176)
[2018.05.15-15.57.56:303][670]LogModuleManager: Shutting down and abandoning module Core (172)
[2018.05.15-15.57.56:303][670]LogModuleManager: Shutting down and abandoning module LevelSequence (168)
[2018.05.15-15.57.56:303][670]LogModuleManager: Shutting down and abandoning module DirectoryWatcher (166)
[2018.05.15-15.57.56:304][670]LogModuleManager: Shutting down and abandoning module KismetCompiler (164)
[2018.05.15-15.57.56:304][670]LogModuleManager: Shutting down and abandoning module MeshUtilities (162)
[2018.05.15-15.57.56:320][670]LogModuleManager: Shutting down and abandoning module MeshMergeUtilities (161)
[2018.05.15-15.57.56:332][670]LogModuleManager: Shutting down and abandoning module MeshReductionInterface (160)
[2018.05.15-15.57.56:332][670]LogModuleManager: Shutting down and abandoning module SimplygonSwarm (159)
[2018.05.15-15.57.56:339][670]LogModuleManager: Shutting down and abandoning module SimplygonMeshReduction (157)
[2018.05.15-15.57.56:339][670]LogModuleManager: Shutting down and abandoning module QuadricMeshReduction (155)
[2018.05.15-15.57.56:354][670]LogModuleManager: Shutting down and abandoning module MaterialBaking (151)
[2018.05.15-15.57.56:373][670]LogModuleManager: Shutting down and abandoning module DerivedDataCache (148)
[2018.05.15-15.57.56:483][670]LogDerivedDataCache: Shutdown
[2018.05.15-15.57.56:483][670]LogModuleManager: Shutting down and abandoning module TargetPlatform (146)
[2018.05.15-15.57.56:483][670]LogModuleManager: Shutting down and abandoning module VulkanShaderFormat (145)
[2018.05.15-15.57.56:498][670]LogModuleManager: Shutting down and abandoning module ShaderFormatVectorVM (143)
[2018.05.15-15.57.56:513][670]LogModuleManager: Shutting down and abandoning module ShaderFormatOpenGL (141)
[2018.05.15-15.57.56:531][670]LogModuleManager: Shutting down and abandoning module ShaderFormatD3D (139)
[2018.05.15-15.57.56:531][670]LogModuleManager: Shutting down and abandoning module MetalShaderFormat (137)
[2018.05.15-15.57.56:553][670]LogModuleManager: Shutting down and abandoning module TextureFormatUncompressed (135)
[2018.05.15-15.57.56:553][670]LogModuleManager: Shutting down and abandoning module TextureFormatPVR (133)
[2018.05.15-15.57.56:553][670]LogModuleManager: Shutting down and abandoning module TextureFormatDXT (131)
[2018.05.15-15.57.56:553][670]LogModuleManager: Shutting down and abandoning module TextureFormatIntelISPCTexComp (129)
[2018.05.15-15.57.56:553][670]LogModuleManager: Shutting down and abandoning module TextureFormatASTC (127)
[2018.05.15-15.57.56:553][670]LogModuleManager: Shutting down and abandoning module ImageWrapper (126)
[2018.05.15-15.57.56:553][670]LogModuleManager: Shutting down and abandoning module TextureFormatAndroid (123)
[2018.05.15-15.57.56:553][670]LogModuleManager: Shutting down and abandoning module AudioFormatOpus (121)
[2018.05.15-15.57.56:553][670]LogModuleManager: Shutting down and abandoning module AudioFormatOgg (119)
[2018.05.15-15.57.56:553][670]LogModuleManager: Shutting down and abandoning module AudioFormatADPCM (117)
[2018.05.15-15.57.56:553][670]LogModuleManager: Shutting down and abandoning module LinuxTargetPlatform (115)
[2018.05.15-15.57.56:553][670]LogModuleManager: Shutting down and abandoning module LinuxServerTargetPlatform (113)
[2018.05.15-15.57.56:553][670]LogModuleManager: Shutting down and abandoning module LinuxNoEditorTargetPlatform (111)
[2018.05.15-15.57.56:553][670]LogModuleManager: Shutting down and abandoning module LinuxClientTargetPlatform (109)
[2018.05.15-15.57.56:553][670]LogModuleManager: Shutting down and abandoning module TVOSTargetPlatform (107)
[2018.05.15-15.57.56:553][670]LogModuleManager: Shutting down and abandoning module Messaging (105)
[2018.05.15-15.57.56:553][670]LogModuleManager: Shutting down and abandoning module IOSTargetPlatform (103)
[2018.05.15-15.57.56:553][670]LogModuleManager: Shutting down and abandoning module HTML5TargetPlatform (101)
[2018.05.15-15.57.56:553][670]LogModuleManager: Shutting down and abandoning module AndroidTargetPlatform (99)
[2018.05.15-15.57.56:554][670]LogModuleManager: Shutting down and abandoning module Android_PVRTCTargetPlatform (97)
[2018.05.15-15.57.56:554][670]LogModuleManager: Shutting down and abandoning module Android_MultiTargetPlatform (95)
[2018.05.15-15.57.56:554][670]LogModuleManager: Shutting down and abandoning module Android_ETC2TargetPlatform (93)
[2018.05.15-15.57.56:554][670]LogModuleManager: Shutting down and abandoning module Android_ETC1TargetPlatform (91)
[2018.05.15-15.57.56:554][670]LogModuleManager: Shutting down and abandoning module Android_DXTTargetPlatform (89)
[2018.05.15-15.57.56:554][670]LogModuleManager: Shutting down and abandoning module Android_ATCTargetPlatform (87)
[2018.05.15-15.57.56:554][670]LogModuleManager: Shutting down and abandoning module Android_ASTCTargetPlatform (85)
[2018.05.15-15.57.56:554][670]LogModuleManager: Shutting down and abandoning module WindowsTargetPlatform (83)
[2018.05.15-15.57.56:554][670]LogModuleManager: Shutting down and abandoning module WindowsServerTargetPlatform (81)
[2018.05.15-15.57.56:554][670]LogModuleManager: Shutting down and abandoning module WindowsNoEditorTargetPlatform (79)
[2018.05.15-15.57.56:554][670]LogModuleManager: Shutting down and abandoning module WindowsClientTargetPlatform (77)
[2018.05.15-15.57.56:554][670]LogModuleManager: Shutting down and abandoning module MacTargetPlatform (75)
[2018.05.15-15.57.56:554][670]LogModuleManager: Shutting down and abandoning module MacServerTargetPlatform (73)
[2018.05.15-15.57.56:554][670]LogModuleManager: Shutting down and abandoning module MacNoEditorTargetPlatform (71)
[2018.05.15-15.57.56:554][670]LogModuleManager: Shutting down and abandoning module MacClientTargetPlatform (69)
[2018.05.15-15.57.56:554][670]LogModuleManager: Shutting down and abandoning module AllDesktopTargetPlatform (67)
[2018.05.15-15.57.56:554][670]LogModuleManager: Shutting down and abandoning module InputCore (64)
[2018.05.15-15.57.56:554][670]LogModuleManager: Shutting down and abandoning module Settings (62)
[2018.05.15-15.57.56:554][670]LogModuleManager: Shutting down and abandoning module PhysXCooking (60)
[2018.05.15-15.57.56:554][670]LogModuleManager: Shutting down and abandoning module SteamVR (58)
[2018.05.15-15.57.56:554][670]LogModuleManager: Shutting down and abandoning module OculusHMD (56)
[2018.05.15-15.57.56:566][670]LogModuleManager: Shutting down and abandoning module ExampleDeviceProfileSelector (54)
[2018.05.15-15.57.56:566][670]LogModuleManager: Shutting down and abandoning module AppleARKit (52)
[2018.05.15-15.57.56:566][670]LogModuleManager: Shutting down and abandoning module AugmentedReality (51)
[2018.05.15-15.57.56:566][670]LogModuleManager: Shutting down and abandoning module OnlineBlueprintSupport (48)
[2018.05.15-15.57.56:566][670]LogModuleManager: Shutting down and abandoning module OnlineSubsystem (44)
[2018.05.15-15.57.56:586][670]LogModuleManager: Shutting down and abandoning module XMPP (43)
[2018.05.15-15.57.56:610][670]LogModuleManager: Shutting down and abandoning module HTTP (41)
[2018.05.15-15.57.56:610][670]LogHttp: Display: Http module shutting down, but needs to wait on 1 outstanding Http requests:
[2018.05.15-15.57.56:620][670]LogHttp: Display: 	verb=[POST] url=[https://datarouter.ol.epicgames.com/datarouter/api/v1/public/data?SessionID=%7B73DF7FDE-4785-0CE9-5701-2A8C9DBCFA49%7D&AppID=UEEditor.Rocket.Release&AppVersion=4.18.3-3832480%2B%2B%2BUE4%2BRelease-4.18&UserID=e37df71d48b5aab24d05f48ae04dc07e%7C3be2b1d1fbe8439b8f422585da2cfbd8%7C883ac00c-92f2-407a-9b95-fbe03fa6d7a7&AppEnvironment=datacollector-binary&UploadType=eteventstream] status=Processing
[2018.05.15-15.57.56:655][670]LogModuleManager: Shutting down and abandoning module SSL (40)
[2018.05.15-15.57.56:665][670]LogModuleManager: Shutting down and abandoning module AnimationModifiers (36)
[2018.05.15-15.57.56:673][670]LogModuleManager: Shutting down and abandoning module PropertyEditor (35)
[2018.05.15-15.57.56:673][670]LogModuleManager: Shutting down and abandoning module AudioEditor (32)
[2018.05.15-15.57.56:698][670]LogModuleManager: Shutting down and abandoning module TextureCompressor (30)
[2018.05.15-15.57.56:698][670]LogModuleManager: Shutting down and abandoning module ShaderCore (28)
[2018.05.15-15.57.56:698][670]LogModuleManager: Shutting down and abandoning module Landscape (26)
[2018.05.15-15.57.56:698][670]LogModuleManager: Shutting down and abandoning module SlateRHIRenderer (24)
[2018.05.15-15.57.56:718][670]LogModuleManager: Shutting down and abandoning module OpenGLDrv (22)
[2018.05.15-15.57.56:731][670]LogModuleManager: Shutting down and abandoning module D3D11RHI (20)
[2018.05.15-15.57.56:731][670]LogModuleManager: Shutting down and abandoning module AnimGraphRuntime (18)
[2018.05.15-15.57.56:743][670]LogModuleManager: Shutting down and abandoning module Renderer (16)
[2018.05.15-15.57.56:743][670]LogModuleManager: Shutting down and abandoning module Engine (14)
[2018.05.15-15.57.56:743][670]LogModuleManager: Shutting down and abandoning module CoreUObject (12)
[2018.05.15-15.57.56:744][670]LogModuleManager: Shutting down and abandoning module NetworkFile (10)
[2018.05.15-15.57.56:744][670]LogModuleManager: Shutting down and abandoning module CookedIterativeFile (8)
[2018.05.15-15.57.56:744][670]LogModuleManager: Shutting down and abandoning module StreamingFile (6)
[2018.05.15-15.57.56:744][670]LogModuleManager: Shutting down and abandoning module SandboxFile (4)
[2018.05.15-15.57.56:744][670]LogModuleManager: Shutting down and abandoning module PakFile (2)
[2018.05.15-15.57.56:766][670]LogExit: Exiting.
[2018.05.15-15.57.56:794][670]Log file closed, 05/15/18 17:57:56
